{"/Users/eslam/ReactNative/react-native-common-components/src/NativeReactNativeCommonComponents.ts": {"path":"/Users/eslam/ReactNative/react-native-common-components/src/NativeReactNativeCommonComponents.ts","statementMap":{},"fnMap":{},"branchMap":{},"s":{},"f":{},"b":{}}
,"/Users/eslam/ReactNative/react-native-common-components/src/components/index.ts": {"path":"/Users/eslam/ReactNative/react-native-common-components/src/components/index.ts","statementMap":{},"fnMap":{},"branchMap":{},"s":{},"f":{},"b":{}}
,"/Users/eslam/ReactNative/react-native-common-components/src/components/Accordion/Accordion.styles.ts": {"path":"/Users/eslam/ReactNative/react-native-common-components/src/components/Accordion/Accordion.styles.ts","statementMap":{"0":{"start":{"line":7,"column":15},"end":{"line":21,"column":2}}},"fnMap":{},"branchMap":{},"s":{"0":0},"f":{},"b":{}}
,"/Users/eslam/ReactNative/react-native-common-components/src/components/Accordion/Accordion.tsx": {"path":"/Users/eslam/ReactNative/react-native-common-components/src/components/Accordion/Accordion.tsx","statementMap":{"0":{"start":{"line":14,"column":22},"end":{"line":131,"column":1}},"1":{"start":{"line":23,"column":8},"end":{"line":23,"column":13}},"2":{"start":{"line":30,"column":8},"end":{"line":30,"column":29}},"3":{"start":{"line":32,"column":21},"end":{"line":32,"column":63}},"4":{"start":{"line":33,"column":27},"end":{"line":33,"column":76}},"5":{"start":{"line":36,"column":6},"end":{"line":36,"column":57}},"6":{"start":{"line":38,"column":23},"end":{"line":38,"column":68}},"7":{"start":{"line":39,"column":19},"end":{"line":39,"column":60}},"8":{"start":{"line":40,"column":40},"end":{"line":40,"column":61}},"9":{"start":{"line":41,"column":48},"end":{"line":41,"column":65}},"10":{"start":{"line":42,"column":19},"end":{"line":42,"column":36}},"11":{"start":{"line":43,"column":21},"end":{"line":43,"column":38}},"12":{"start":{"line":45,"column":26},"end":{"line":79,"column":6}},"13":{"start":{"line":46,"column":6},"end":{"line":46,"column":33}},"14":{"start":{"line":48,"column":6},"end":{"line":68,"column":7}},"15":{"start":{"line":49,"column":8},"end":{"line":52,"column":11}},"16":{"start":{"line":54,"column":8},"end":{"line":57,"column":11}},"17":{"start":{"line":59,"column":8},"end":{"line":62,"column":11}},"18":{"start":{"line":64,"column":8},"end":{"line":67,"column":11}},"19":{"start":{"line":70,"column":6},"end":{"line":70,"column":22}},"20":{"start":{"line":81,"column":21},"end":{"line":88,"column":5}},"21":{"start":{"line":83,"column":8},"end":{"line":85,"column":9}},"22":{"start":{"line":84,"column":10},"end":{"line":84,"column":61}},"23":{"start":{"line":90,"column":32},"end":{"line":93,"column":7}},"24":{"start":{"line":90,"column":56},"end":{"line":93,"column":5}},"25":{"start":{"line":95,"column":31},"end":{"line":97,"column":7}},"26":{"start":{"line":95,"column":55},"end":{"line":97,"column":5}},"27":{"start":{"line":99,"column":4},"end":{"line":129,"column":6}},"28":{"start":{"line":133,"column":30},"end":{"line":143,"column":1}},"29":{"start":{"line":135,"column":4},"end":{"line":141,"column":5}},"30":{"start":{"line":136,"column":6},"end":{"line":136,"column":41}},"31":{"start":{"line":137,"column":6},"end":{"line":137,"column":42}},"32":{"start":{"line":139,"column":6},"end":{"line":139,"column":70}},"33":{"start":{"line":140,"column":6},"end":{"line":140,"column":18}},"34":{"start":{"line":145,"column":18},"end":{"line":147,"column":31}}},"fnMap":{"0":{"name":"(anonymous_0)","decl":{"start":{"line":15,"column":2},"end":{"line":15,"column":3}},"loc":{"start":{"line":15,"column":49},"end":{"line":130,"column":3}},"line":15},"1":{"name":"(anonymous_1)","decl":{"start":{"line":45,"column":44},"end":{"line":45,"column":45}},"loc":{"start":{"line":45,"column":50},"end":{"line":71,"column":5}},"line":45},"2":{"name":"(anonymous_2)","decl":{"start":{"line":82,"column":6},"end":{"line":82,"column":7}},"loc":{"start":{"line":82,"column":36},"end":{"line":86,"column":7}},"line":82},"3":{"name":"(anonymous_3)","decl":{"start":{"line":90,"column":49},"end":{"line":90,"column":50}},"loc":{"start":{"line":90,"column":56},"end":{"line":93,"column":5}},"line":90},"4":{"name":"(anonymous_4)","decl":{"start":{"line":95,"column":48},"end":{"line":95,"column":49}},"loc":{"start":{"line":95,"column":55},"end":{"line":97,"column":5}},"line":95},"5":{"name":"(anonymous_5)","decl":{"start":{"line":134,"column":2},"end":{"line":134,"column":3}},"loc":{"start":{"line":134,"column":56},"end":{"line":142,"column":3}},"line":134}},"branchMap":{"0":{"loc":{"start":{"line":30,"column":8},"end":{"line":30,"column":29}},"type":"binary-expr","locations":[{"start":{"line":30,"column":8},"end":{"line":30,"column":23}},{"start":{"line":30,"column":27},"end":{"line":30,"column":29}}],"line":30},"1":{"loc":{"start":{"line":48,"column":6},"end":{"line":68,"column":7}},"type":"if","locations":[{"start":{"line":48,"column":6},"end":{"line":68,"column":7}},{"start":{"line":58,"column":13},"end":{"line":68,"column":7}}],"line":48},"2":{"loc":{"start":{"line":83,"column":8},"end":{"line":85,"column":9}},"type":"if","locations":[{"start":{"line":83,"column":8},"end":{"line":85,"column":9}},{"start":{},"end":{}}],"line":83},"3":{"loc":{"start":{"line":112,"column":24},"end":{"line":112,"column":50}},"type":"binary-expr","locations":[{"start":{"line":112,"column":24},"end":{"line":112,"column":32}},{"start":{"line":112,"column":36},"end":{"line":112,"column":50}}],"line":112},"4":{"loc":{"start":{"line":114,"column":16},"end":{"line":115,"column":76}},"type":"binary-expr","locations":[{"start":{"line":114,"column":16},"end":{"line":114,"column":21}},{"start":{"line":115,"column":17},"end":{"line":115,"column":75}}],"line":114},"5":{"loc":{"start":{"line":115,"column":17},"end":{"line":115,"column":75}},"type":"cond-expr","locations":[{"start":{"line":115,"column":30},"end":{"line":115,"column":55}},{"start":{"line":115,"column":58},"end":{"line":115,"column":75}}],"line":115}},"s":{"0":1,"1":15,"2":15,"3":15,"4":15,"5":15,"6":15,"7":15,"8":15,"9":15,"10":15,"11":15,"12":15,"13":4,"14":4,"15":3,"16":3,"17":1,"18":1,"19":4,"20":15,"21":2,"22":2,"23":15,"24":15,"25":15,"26":15,"27":15,"28":1,"29":9,"30":9,"31":9,"32":0,"33":0,"34":1},"f":{"0":15,"1":4,"2":2,"3":15,"4":15,"5":9},"b":{"0":[15,12],"1":[3,1],"2":[2,0],"3":[15,14],"4":[15,14],"5":[14,0]},"_coverageSchema":"1a1c01bbd47fc00a2c39e90264f33305004495a9","hash":"4d877ebaac7b444110e172461729656b7d89c495"}
,"/Users/eslam/ReactNative/react-native-common-components/src/components/Accordion/index.ts": {"path":"/Users/eslam/ReactNative/react-native-common-components/src/components/Accordion/index.ts","statementMap":{},"fnMap":{},"branchMap":{},"s":{},"f":{},"b":{}}
,"/Users/eslam/ReactNative/react-native-common-components/src/components/AlertDialog/AlertDialog.styles.ts": {"path":"/Users/eslam/ReactNative/react-native-common-components/src/components/AlertDialog/AlertDialog.styles.ts","statementMap":{"0":{"start":{"line":7,"column":15},"end":{"line":23,"column":2}}},"fnMap":{},"branchMap":{},"s":{"0":0},"f":{},"b":{}}
,"/Users/eslam/ReactNative/react-native-common-components/src/components/AlertDialog/AlertDialog.tsx": {"path":"/Users/eslam/ReactNative/react-native-common-components/src/components/AlertDialog/AlertDialog.tsx","statementMap":{"0":{"start":{"line":15,"column":29},"end":{"line":95,"column":1}},"1":{"start":{"line":25,"column":8},"end":{"line":25,"column":13}},"2":{"start":{"line":27,"column":51},"end":{"line":27,"column":68}},"3":{"start":{"line":32,"column":8},"end":{"line":32,"column":24}},"4":{"start":{"line":34,"column":4},"end":{"line":93,"column":6}},"5":{"start":{"line":58,"column":12},"end":{"line":87,"column":13}},"6":{"start":{"line":63,"column":18},"end":{"line":63,"column":42}},"7":{"start":{"line":66,"column":16},"end":{"line":66,"column":37}},"8":{"start":{"line":68,"column":14},"end":{"line":86,"column":16}},"9":{"start":{"line":89,"column":12},"end":{"line":89,"column":24}},"10":{"start":{"line":97,"column":20},"end":{"line":99,"column":31}}},"fnMap":{"0":{"name":"(anonymous_0)","decl":{"start":{"line":16,"column":2},"end":{"line":16,"column":3}},"loc":{"start":{"line":16,"column":49},"end":{"line":94,"column":3}},"line":16},"1":{"name":"(anonymous_1)","decl":{"start":{"line":57,"column":24},"end":{"line":57,"column":25}},"loc":{"start":{"line":57,"column":36},"end":{"line":90,"column":11}},"line":57}},"branchMap":{"0":{"loc":{"start":{"line":27,"column":51},"end":{"line":27,"column":68}},"type":"binary-expr","locations":[{"start":{"line":27,"column":51},"end":{"line":27,"column":62}},{"start":{"line":27,"column":66},"end":{"line":27,"column":68}}],"line":27},"1":{"loc":{"start":{"line":32,"column":8},"end":{"line":32,"column":24}},"type":"binary-expr","locations":[{"start":{"line":32,"column":8},"end":{"line":32,"column":18}},{"start":{"line":32,"column":22},"end":{"line":32,"column":24}}],"line":32},"2":{"loc":{"start":{"line":39,"column":9},"end":{"line":47,"column":9}},"type":"binary-expr","locations":[{"start":{"line":39,"column":9},"end":{"line":39,"column":23}},{"start":{"line":40,"column":10},"end":{"line":46,"column":17}}],"line":39},"3":{"loc":{"start":{"line":41,"column":18},"end":{"line":41,"column":37}},"type":"binary-expr","locations":[{"start":{"line":41,"column":18},"end":{"line":41,"column":27}},{"start":{"line":41,"column":31},"end":{"line":41,"column":37}}],"line":41},"4":{"loc":{"start":{"line":42,"column":18},"end":{"line":42,"column":33}},"type":"binary-expr","locations":[{"start":{"line":42,"column":18},"end":{"line":42,"column":27}},{"start":{"line":42,"column":31},"end":{"line":42,"column":33}}],"line":42},"5":{"loc":{"start":{"line":48,"column":9},"end":{"line":48,"column":77}},"type":"binary-expr","locations":[{"start":{"line":48,"column":9},"end":{"line":48,"column":25}},{"start":{"line":48,"column":29},"end":{"line":48,"column":77}}],"line":48},"6":{"loc":{"start":{"line":48,"column":40},"end":{"line":48,"column":58}},"type":"binary-expr","locations":[{"start":{"line":48,"column":40},"end":{"line":48,"column":52}},{"start":{"line":48,"column":56},"end":{"line":48,"column":58}}],"line":48},"7":{"loc":{"start":{"line":52,"column":12},"end":{"line":54,"column":42}},"type":"cond-expr","locations":[{"start":{"line":53,"column":16},"end":{"line":53,"column":45}},{"start":{"line":54,"column":16},"end":{"line":54,"column":42}}],"line":52},"8":{"loc":{"start":{"line":52,"column":13},"end":{"line":52,"column":33}},"type":"binary-expr","locations":[{"start":{"line":52,"column":13},"end":{"line":52,"column":28}},{"start":{"line":52,"column":32},"end":{"line":52,"column":33}}],"line":52},"9":{"loc":{"start":{"line":58,"column":12},"end":{"line":87,"column":13}},"type":"if","locations":[{"start":{"line":58,"column":12},"end":{"line":87,"column":13}},{"start":{},"end":{}}],"line":58},"10":{"loc":{"start":{"line":63,"column":18},"end":{"line":63,"column":42}},"type":"binary-expr","locations":[{"start":{"line":63,"column":18},"end":{"line":63,"column":36}},{"start":{"line":63,"column":40},"end":{"line":63,"column":42}}],"line":63},"11":{"loc":{"start":{"line":66,"column":16},"end":{"line":66,"column":37}},"type":"binary-expr","locations":[{"start":{"line":66,"column":16},"end":{"line":66,"column":31}},{"start":{"line":66,"column":35},"end":{"line":66,"column":37}}],"line":66},"12":{"loc":{"start":{"line":73,"column":20},"end":{"line":73,"column":77}},"type":"cond-expr","locations":[{"start":{"line":73,"column":49},"end":{"line":73,"column":58}},{"start":{"line":73,"column":61},"end":{"line":73,"column":77}}],"line":73},"13":{"loc":{"start":{"line":73,"column":21},"end":{"line":73,"column":41}},"type":"binary-expr","locations":[{"start":{"line":73,"column":21},"end":{"line":73,"column":36}},{"start":{"line":73,"column":40},"end":{"line":73,"column":41}}],"line":73}},"s":{"0":2,"1":25,"2":25,"3":25,"4":25,"5":30,"6":30,"7":30,"8":30,"9":0,"10":2},"f":{"0":25,"1":30},"b":{"0":[25,0],"1":[25,24],"2":[25,22],"3":[22,21],"4":[22,21],"5":[25,9],"6":[9,8],"7":[2,23],"8":[25,7],"9":[30,0],"10":[30,29],"11":[30,29],"12":[6,24],"13":[30,0]},"_coverageSchema":"1a1c01bbd47fc00a2c39e90264f33305004495a9","hash":"f880286d0492821ecc8dc0c5e704cde84cfc1dd3"}
,"/Users/eslam/ReactNative/react-native-common-components/src/components/AlertDialog/index.ts": {"path":"/Users/eslam/ReactNative/react-native-common-components/src/components/AlertDialog/index.ts","statementMap":{},"fnMap":{},"branchMap":{},"s":{},"f":{},"b":{}}
,"/Users/eslam/ReactNative/react-native-common-components/src/components/Button/Button.styles.ts": {"path":"/Users/eslam/ReactNative/react-native-common-components/src/components/Button/Button.styles.ts","statementMap":{"0":{"start":{"line":7,"column":15},"end":{"line":27,"column":2}}},"fnMap":{},"branchMap":{},"s":{"0":0},"f":{},"b":{}}
,"/Users/eslam/ReactNative/react-native-common-components/src/components/Button/Button.tsx": {"path":"/Users/eslam/ReactNative/react-native-common-components/src/components/Button/Button.tsx","statementMap":{"0":{"start":{"line":16,"column":24},"end":{"line":175,"column":1}},"1":{"start":{"line":43,"column":8},"end":{"line":43,"column":13}},"2":{"start":{"line":45,"column":48},"end":{"line":45,"column":63}},"3":{"start":{"line":47,"column":26},"end":{"line":47,"column":59}},"4":{"start":{"line":49,"column":42},"end":{"line":51,"column":5}},"5":{"start":{"line":54,"column":6},"end":{"line":56,"column":60}},"6":{"start":{"line":58,"column":35},"end":{"line":60,"column":17}},"7":{"start":{"line":62,"column":30},"end":{"line":64,"column":30}},"8":{"start":{"line":67,"column":6},"end":{"line":70,"column":28}},"9":{"start":{"line":72,"column":25},"end":{"line":72,"column":76}},"10":{"start":{"line":74,"column":35},"end":{"line":76,"column":5}},"11":{"start":{"line":78,"column":33},"end":{"line":80,"column":5}},"12":{"start":{"line":83,"column":6},"end":{"line":85,"column":40}},"13":{"start":{"line":88,"column":6},"end":{"line":88,"column":76}},"14":{"start":{"line":90,"column":26},"end":{"line":90,"column":57}},"15":{"start":{"line":102,"column":8},"end":{"line":102,"column":27}},"16":{"start":{"line":104,"column":26},"end":{"line":104,"column":64}},"17":{"start":{"line":106,"column":4},"end":{"line":173,"column":6}},"18":{"start":{"line":177,"column":15},"end":{"line":177,"column":71}}},"fnMap":{"0":{"name":"(anonymous_0)","decl":{"start":{"line":17,"column":2},"end":{"line":17,"column":3}},"loc":{"start":{"line":17,"column":49},"end":{"line":174,"column":3}},"line":17}},"branchMap":{"0":{"loc":{"start":{"line":45,"column":48},"end":{"line":45,"column":63}},"type":"binary-expr","locations":[{"start":{"line":45,"column":48},"end":{"line":45,"column":57}},{"start":{"line":45,"column":61},"end":{"line":45,"column":63}}],"line":45},"1":{"loc":{"start":{"line":47,"column":37},"end":{"line":47,"column":57}},"type":"cond-expr","locations":[{"start":{"line":47,"column":48},"end":{"line":47,"column":51}},{"start":{"line":47,"column":54},"end":{"line":47,"column":57}}],"line":47},"2":{"loc":{"start":{"line":54,"column":6},"end":{"line":56,"column":60}},"type":"binary-expr","locations":[{"start":{"line":54,"column":6},"end":{"line":56,"column":36}},{"start":{"line":56,"column":40},"end":{"line":56,"column":60}}],"line":54},"3":{"loc":{"start":{"line":55,"column":8},"end":{"line":55,"column":46}},"type":"binary-expr","locations":[{"start":{"line":55,"column":8},"end":{"line":55,"column":13}},{"start":{"line":55,"column":17},"end":{"line":55,"column":46}}],"line":55},"4":{"loc":{"start":{"line":58,"column":35},"end":{"line":60,"column":17}},"type":"cond-expr","locations":[{"start":{"line":59,"column":8},"end":{"line":59,"column":17}},{"start":{"line":60,"column":8},"end":{"line":60,"column":17}}],"line":58},"5":{"loc":{"start":{"line":62,"column":30},"end":{"line":64,"column":30}},"type":"cond-expr","locations":[{"start":{"line":63,"column":8},"end":{"line":63,"column":30}},{"start":{"line":64,"column":8},"end":{"line":64,"column":30}}],"line":62},"6":{"loc":{"start":{"line":67,"column":6},"end":{"line":70,"column":28}},"type":"cond-expr","locations":[{"start":{"line":68,"column":10},"end":{"line":68,"column":27}},{"start":{"line":69,"column":11},"end":{"line":70,"column":27}}],"line":67},"7":{"loc":{"start":{"line":67,"column":6},"end":{"line":67,"column":50}},"type":"binary-expr","locations":[{"start":{"line":67,"column":6},"end":{"line":67,"column":23}},{"start":{"line":67,"column":27},"end":{"line":67,"column":50}}],"line":67},"8":{"loc":{"start":{"line":69,"column":11},"end":{"line":70,"column":27}},"type":"binary-expr","locations":[{"start":{"line":69,"column":11},"end":{"line":69,"column":59}},{"start":{"line":70,"column":10},"end":{"line":70,"column":27}}],"line":69},"9":{"loc":{"start":{"line":75,"column":6},"end":{"line":75,"column":37}},"type":"binary-expr","locations":[{"start":{"line":75,"column":6},"end":{"line":75,"column":19}},{"start":{"line":75,"column":23},"end":{"line":75,"column":31}},{"start":{"line":75,"column":35},"end":{"line":75,"column":37}}],"line":75},"10":{"loc":{"start":{"line":79,"column":6},"end":{"line":79,"column":35}},"type":"binary-expr","locations":[{"start":{"line":79,"column":6},"end":{"line":79,"column":17}},{"start":{"line":79,"column":21},"end":{"line":79,"column":29}},{"start":{"line":79,"column":33},"end":{"line":79,"column":35}}],"line":79},"11":{"loc":{"start":{"line":83,"column":6},"end":{"line":85,"column":40}},"type":"cond-expr","locations":[{"start":{"line":84,"column":10},"end":{"line":84,"column":19}},{"start":{"line":85,"column":11},"end":{"line":85,"column":39}}],"line":83},"12":{"loc":{"start":{"line":83,"column":6},"end":{"line":83,"column":35}},"type":"binary-expr","locations":[{"start":{"line":83,"column":6},"end":{"line":83,"column":21}},{"start":{"line":83,"column":25},"end":{"line":83,"column":35}}],"line":83},"13":{"loc":{"start":{"line":85,"column":11},"end":{"line":85,"column":39}},"type":"binary-expr","locations":[{"start":{"line":85,"column":11},"end":{"line":85,"column":25}},{"start":{"line":85,"column":29},"end":{"line":85,"column":39}}],"line":85},"14":{"loc":{"start":{"line":88,"column":6},"end":{"line":88,"column":76}},"type":"cond-expr","locations":[{"start":{"line":88,"column":36},"end":{"line":88,"column":45}},{"start":{"line":88,"column":49},"end":{"line":88,"column":75}}],"line":88},"15":{"loc":{"start":{"line":88,"column":6},"end":{"line":88,"column":33}},"type":"binary-expr","locations":[{"start":{"line":88,"column":6},"end":{"line":88,"column":19}},{"start":{"line":88,"column":23},"end":{"line":88,"column":33}}],"line":88},"16":{"loc":{"start":{"line":88,"column":49},"end":{"line":88,"column":75}},"type":"binary-expr","locations":[{"start":{"line":88,"column":49},"end":{"line":88,"column":61}},{"start":{"line":88,"column":65},"end":{"line":88,"column":75}}],"line":88},"17":{"loc":{"start":{"line":90,"column":45},"end":{"line":90,"column":56}},"type":"binary-expr","locations":[{"start":{"line":90,"column":45},"end":{"line":90,"column":50}},{"start":{"line":90,"column":54},"end":{"line":90,"column":56}}],"line":90},"18":{"loc":{"start":{"line":102,"column":8},"end":{"line":102,"column":27}},"type":"binary-expr","locations":[{"start":{"line":102,"column":8},"end":{"line":102,"column":21}},{"start":{"line":102,"column":25},"end":{"line":102,"column":27}}],"line":102},"19":{"loc":{"start":{"line":104,"column":27},"end":{"line":104,"column":45}},"type":"cond-expr","locations":[{"start":{"line":104,"column":40},"end":{"line":104,"column":41}},{"start":{"line":104,"column":44},"end":{"line":104,"column":45}}],"line":104},"20":{"loc":{"start":{"line":158,"column":20},"end":{"line":158,"column":34}},"type":"binary-expr","locations":[{"start":{"line":158,"column":20},"end":{"line":158,"column":24}},{"start":{"line":158,"column":28},"end":{"line":158,"column":34}}],"line":158}},"s":{"0":7,"1":92,"2":92,"3":92,"4":92,"5":92,"6":92,"7":92,"8":92,"9":92,"10":92,"11":92,"12":92,"13":92,"14":92,"15":92,"16":92,"17":92,"18":7},"f":{"0":92},"b":{"0":[92,60],"1":[3,89],"2":[92,33],"3":[92,58],"4":[0,92],"5":[92,0],"6":[62,30],"7":[92,30],"8":[30,0],"9":[92,82,81],"10":[92,89,88],"11":[4,88],"12":[92,90],"13":[88,78],"14":[3,89],"15":[92,91],"16":[89,85],"17":[92,58],"18":[92,0],"19":[92,0],"20":[92,92]},"_coverageSchema":"1a1c01bbd47fc00a2c39e90264f33305004495a9","hash":"dff550e977ad24ebd5045a9929039a8086895e1b"}
,"/Users/eslam/ReactNative/react-native-common-components/src/components/Button/Icon.tsx": {"path":"/Users/eslam/ReactNative/react-native-common-components/src/components/Button/Icon.tsx","statementMap":{"0":{"start":{"line":12,"column":13},"end":{"line":57,"column":2}},"1":{"start":{"line":13,"column":51},"end":{"line":13,"column":56}},"2":{"start":{"line":14,"column":28},"end":{"line":14,"column":63}},"3":{"start":{"line":16,"column":21},"end":{"line":19,"column":4}},"4":{"start":{"line":21,"column":2},"end":{"line":23,"column":3}},"5":{"start":{"line":22,"column":4},"end":{"line":22,"column":76}},"6":{"start":{"line":25,"column":2},"end":{"line":36,"column":3}},"7":{"start":{"line":26,"column":4},"end":{"line":35,"column":5}},"8":{"start":{"line":27,"column":26},"end":{"line":27,"column":70}},"9":{"start":{"line":29,"column":6},"end":{"line":31,"column":8}},"10":{"start":{"line":33,"column":6},"end":{"line":33,"column":72}},"11":{"start":{"line":34,"column":6},"end":{"line":34,"column":18}},"12":{"start":{"line":38,"column":2},"end":{"line":54,"column":3}},"13":{"start":{"line":39,"column":4},"end":{"line":53,"column":5}},"14":{"start":{"line":41,"column":8},"end":{"line":41,"column":87}},"15":{"start":{"line":43,"column":6},"end":{"line":45,"column":8}},"16":{"start":{"line":47,"column":6},"end":{"line":50,"column":8}},"17":{"start":{"line":52,"column":6},"end":{"line":52,"column":18}},"18":{"start":{"line":56,"column":2},"end":{"line":56,"column":14}}},"fnMap":{"0":{"name":"(anonymous_0)","decl":{"start":{"line":12,"column":24},"end":{"line":12,"column":25}},"loc":{"start":{"line":12,"column":73},"end":{"line":57,"column":1}},"line":12}},"branchMap":{"0":{"loc":{"start":{"line":14,"column":28},"end":{"line":14,"column":63}},"type":"binary-expr","locations":[{"start":{"line":14,"column":28},"end":{"line":14,"column":32}},{"start":{"line":14,"column":36},"end":{"line":14,"column":63}}],"line":14},"1":{"loc":{"start":{"line":21,"column":2},"end":{"line":23,"column":3}},"type":"if","locations":[{"start":{"line":21,"column":2},"end":{"line":23,"column":3}},{"start":{},"end":{}}],"line":21},"2":{"loc":{"start":{"line":25,"column":2},"end":{"line":36,"column":3}},"type":"if","locations":[{"start":{"line":25,"column":2},"end":{"line":36,"column":3}},{"start":{},"end":{}}],"line":25},"3":{"loc":{"start":{"line":38,"column":2},"end":{"line":54,"column":3}},"type":"if","locations":[{"start":{"line":38,"column":2},"end":{"line":54,"column":3}},{"start":{},"end":{}}],"line":38}},"s":{"0":7,"1":184,"2":184,"3":184,"4":184,"5":0,"6":184,"7":0,"8":0,"9":0,"10":0,"11":0,"12":184,"13":58,"14":58,"15":58,"16":0,"17":0,"18":126},"f":{"0":184},"b":{"0":[184,0],"1":[0,184],"2":[0,184],"3":[58,126]},"_coverageSchema":"1a1c01bbd47fc00a2c39e90264f33305004495a9","hash":"f83dd2ff6e3cedd81ae5602e0a4289277b277b78"}
,"/Users/eslam/ReactNative/react-native-common-components/src/components/Button/index.ts": {"path":"/Users/eslam/ReactNative/react-native-common-components/src/components/Button/index.ts","statementMap":{},"fnMap":{},"branchMap":{},"s":{},"f":{},"b":{},"_coverageSchema":"1a1c01bbd47fc00a2c39e90264f33305004495a9","hash":"54d8df227f3d6a023e75efccfa68257782c872ad"}
,"/Users/eslam/ReactNative/react-native-common-components/src/components/CompoundButton/Checkbox.tsx": {"path":"/Users/eslam/ReactNative/react-native-common-components/src/components/CompoundButton/Checkbox.tsx","statementMap":{"0":{"start":{"line":15,"column":26},"end":{"line":103,"column":1}},"1":{"start":{"line":29,"column":8},"end":{"line":29,"column":13}},"2":{"start":{"line":31,"column":42},"end":{"line":31,"column":57}},"3":{"start":{"line":32,"column":34},"end":{"line":32,"column":70}},"4":{"start":{"line":33,"column":25},"end":{"line":33,"column":79}},"5":{"start":{"line":34,"column":26},"end":{"line":34,"column":57}},"6":{"start":{"line":46,"column":8},"end":{"line":46,"column":27}},"7":{"start":{"line":48,"column":26},"end":{"line":48,"column":64}},"8":{"start":{"line":50,"column":4},"end":{"line":101,"column":6}},"9":{"start":{"line":105,"column":17},"end":{"line":105,"column":75}}},"fnMap":{"0":{"name":"(anonymous_0)","decl":{"start":{"line":16,"column":2},"end":{"line":16,"column":3}},"loc":{"start":{"line":16,"column":49},"end":{"line":102,"column":3}},"line":16}},"branchMap":{"0":{"loc":{"start":{"line":31,"column":42},"end":{"line":31,"column":57}},"type":"binary-expr","locations":[{"start":{"line":31,"column":42},"end":{"line":31,"column":51}},{"start":{"line":31,"column":55},"end":{"line":31,"column":57}}],"line":31},"1":{"loc":{"start":{"line":32,"column":34},"end":{"line":32,"column":70}},"type":"binary-expr","locations":[{"start":{"line":32,"column":34},"end":{"line":32,"column":46}},{"start":{"line":32,"column":50},"end":{"line":32,"column":70}}],"line":32},"2":{"loc":{"start":{"line":34,"column":45},"end":{"line":34,"column":56}},"type":"binary-expr","locations":[{"start":{"line":34,"column":45},"end":{"line":34,"column":50}},{"start":{"line":34,"column":54},"end":{"line":34,"column":56}}],"line":34},"3":{"loc":{"start":{"line":46,"column":8},"end":{"line":46,"column":27}},"type":"binary-expr","locations":[{"start":{"line":46,"column":8},"end":{"line":46,"column":21}},{"start":{"line":46,"column":25},"end":{"line":46,"column":27}}],"line":46},"4":{"loc":{"start":{"line":48,"column":27},"end":{"line":48,"column":45}},"type":"cond-expr","locations":[{"start":{"line":48,"column":40},"end":{"line":48,"column":41}},{"start":{"line":48,"column":44},"end":{"line":48,"column":45}}],"line":48},"5":{"loc":{"start":{"line":79,"column":28},"end":{"line":79,"column":52}},"type":"binary-expr","locations":[{"start":{"line":79,"column":28},"end":{"line":79,"column":40}},{"start":{"line":79,"column":44},"end":{"line":79,"column":52}}],"line":79},"6":{"loc":{"start":{"line":84,"column":22},"end":{"line":84,"column":55}},"type":"cond-expr","locations":[{"start":{"line":84,"column":32},"end":{"line":84,"column":41}},{"start":{"line":84,"column":44},"end":{"line":84,"column":55}}],"line":84},"7":{"loc":{"start":{"line":90,"column":13},"end":{"line":97,"column":13}},"type":"binary-expr","locations":[{"start":{"line":90,"column":13},"end":{"line":90,"column":26}},{"start":{"line":90,"column":30},"end":{"line":90,"column":51}},{"start":{"line":91,"column":14},"end":{"line":96,"column":21}}],"line":90}},"s":{"0":7,"1":11,"2":11,"3":11,"4":11,"5":11,"6":11,"7":11,"8":11,"9":7},"f":{"0":11},"b":{"0":[11,2],"1":[11,1],"2":[11,10],"3":[11,0],"4":[11,0],"5":[11,11],"6":[3,8],"7":[11,10,10]},"_coverageSchema":"1a1c01bbd47fc00a2c39e90264f33305004495a9","hash":"0c57e430d7f43d353b2d385fb7496918c63197a3"}
,"/Users/eslam/ReactNative/react-native-common-components/src/components/CompoundButton/CompoundButton.styles.ts": {"path":"/Users/eslam/ReactNative/react-native-common-components/src/components/CompoundButton/CompoundButton.styles.ts","statementMap":{"0":{"start":{"line":7,"column":15},"end":{"line":25,"column":2}}},"fnMap":{},"branchMap":{},"s":{"0":0},"f":{},"b":{}}
,"/Users/eslam/ReactNative/react-native-common-components/src/components/CompoundButton/RadioButton.tsx": {"path":"/Users/eslam/ReactNative/react-native-common-components/src/components/CompoundButton/RadioButton.tsx","statementMap":{"0":{"start":{"line":15,"column":29},"end":{"line":104,"column":1}},"1":{"start":{"line":29,"column":8},"end":{"line":29,"column":13}},"2":{"start":{"line":31,"column":42},"end":{"line":31,"column":57}},"3":{"start":{"line":32,"column":34},"end":{"line":32,"column":70}},"4":{"start":{"line":33,"column":25},"end":{"line":33,"column":79}},"5":{"start":{"line":34,"column":26},"end":{"line":34,"column":57}},"6":{"start":{"line":46,"column":8},"end":{"line":46,"column":27}},"7":{"start":{"line":48,"column":26},"end":{"line":48,"column":64}},"8":{"start":{"line":50,"column":4},"end":{"line":102,"column":6}},"9":{"start":{"line":106,"column":20},"end":{"line":108,"column":31}}},"fnMap":{"0":{"name":"(anonymous_0)","decl":{"start":{"line":16,"column":2},"end":{"line":16,"column":3}},"loc":{"start":{"line":16,"column":49},"end":{"line":103,"column":3}},"line":16}},"branchMap":{"0":{"loc":{"start":{"line":31,"column":42},"end":{"line":31,"column":57}},"type":"binary-expr","locations":[{"start":{"line":31,"column":42},"end":{"line":31,"column":51}},{"start":{"line":31,"column":55},"end":{"line":31,"column":57}}],"line":31},"1":{"loc":{"start":{"line":32,"column":34},"end":{"line":32,"column":70}},"type":"binary-expr","locations":[{"start":{"line":32,"column":34},"end":{"line":32,"column":46}},{"start":{"line":32,"column":50},"end":{"line":32,"column":70}}],"line":32},"2":{"loc":{"start":{"line":34,"column":45},"end":{"line":34,"column":56}},"type":"binary-expr","locations":[{"start":{"line":34,"column":45},"end":{"line":34,"column":50}},{"start":{"line":34,"column":54},"end":{"line":34,"column":56}}],"line":34},"3":{"loc":{"start":{"line":46,"column":8},"end":{"line":46,"column":27}},"type":"binary-expr","locations":[{"start":{"line":46,"column":8},"end":{"line":46,"column":21}},{"start":{"line":46,"column":25},"end":{"line":46,"column":27}}],"line":46},"4":{"loc":{"start":{"line":48,"column":27},"end":{"line":48,"column":45}},"type":"cond-expr","locations":[{"start":{"line":48,"column":40},"end":{"line":48,"column":41}},{"start":{"line":48,"column":44},"end":{"line":48,"column":45}}],"line":48},"5":{"loc":{"start":{"line":79,"column":28},"end":{"line":79,"column":52}},"type":"binary-expr","locations":[{"start":{"line":79,"column":28},"end":{"line":79,"column":40}},{"start":{"line":79,"column":44},"end":{"line":79,"column":52}}],"line":79},"6":{"loc":{"start":{"line":84,"column":21},"end":{"line":84,"column":36}},"type":"binary-expr","locations":[{"start":{"line":84,"column":21},"end":{"line":84,"column":25}},{"start":{"line":84,"column":29},"end":{"line":84,"column":36}}],"line":84},"7":{"loc":{"start":{"line":85,"column":22},"end":{"line":85,"column":55}},"type":"cond-expr","locations":[{"start":{"line":85,"column":32},"end":{"line":85,"column":41}},{"start":{"line":85,"column":44},"end":{"line":85,"column":55}}],"line":85},"8":{"loc":{"start":{"line":91,"column":13},"end":{"line":98,"column":13}},"type":"binary-expr","locations":[{"start":{"line":91,"column":13},"end":{"line":91,"column":26}},{"start":{"line":91,"column":30},"end":{"line":91,"column":51}},{"start":{"line":92,"column":14},"end":{"line":97,"column":21}}],"line":91}},"s":{"0":7,"1":2,"2":2,"3":2,"4":2,"5":2,"6":2,"7":2,"8":2,"9":7},"f":{"0":2},"b":{"0":[2,2],"1":[2,1],"2":[2,2],"3":[2,0],"4":[2,0],"5":[2,2],"6":[2,1],"7":[1,1],"8":[2,1,1]},"_coverageSchema":"1a1c01bbd47fc00a2c39e90264f33305004495a9","hash":"b2558c13eb7144e98674940a30752f82cfbff0dd"}
,"/Users/eslam/ReactNative/react-native-common-components/src/components/CompoundButton/index.ts": {"path":"/Users/eslam/ReactNative/react-native-common-components/src/components/CompoundButton/index.ts","statementMap":{},"fnMap":{},"branchMap":{},"s":{},"f":{},"b":{},"_coverageSchema":"1a1c01bbd47fc00a2c39e90264f33305004495a9","hash":"f965e26092eedd8fa664d7e3f407a6e149f67c06"}
,"/Users/eslam/ReactNative/react-native-common-components/src/components/Dialog/Dialog.styles.ts": {"path":"/Users/eslam/ReactNative/react-native-common-components/src/components/Dialog/Dialog.styles.ts","statementMap":{"0":{"start":{"line":7,"column":15},"end":{"line":16,"column":2}}},"fnMap":{},"branchMap":{},"s":{"0":0},"f":{},"b":{}}
,"/Users/eslam/ReactNative/react-native-common-components/src/components/Dialog/Dialog.tsx": {"path":"/Users/eslam/ReactNative/react-native-common-components/src/components/Dialog/Dialog.tsx","statementMap":{"0":{"start":{"line":15,"column":24},"end":{"line":124,"column":1}},"1":{"start":{"line":26,"column":8},"end":{"line":26,"column":13}},"2":{"start":{"line":28,"column":25},"end":{"line":40,"column":41}},"3":{"start":{"line":29,"column":6},"end":{"line":39,"column":7}},"4":{"start":{"line":30,"column":36},"end":{"line":30,"column":55}},"5":{"start":{"line":32,"column":8},"end":{"line":34,"column":9}},"6":{"start":{"line":33,"column":10},"end":{"line":33,"column":22}},"7":{"start":{"line":36,"column":8},"end":{"line":36,"column":20}},"8":{"start":{"line":38,"column":8},"end":{"line":38,"column":21}},"9":{"start":{"line":42,"column":4},"end":{"line":51,"column":23}},"10":{"start":{"line":43,"column":38},"end":{"line":46,"column":7}},"11":{"start":{"line":48,"column":6},"end":{"line":50,"column":8}},"12":{"start":{"line":49,"column":8},"end":{"line":49,"column":42}},"13":{"start":{"line":53,"column":4},"end":{"line":120,"column":5}},"14":{"start":{"line":54,"column":28},"end":{"line":54,"column":45}},"15":{"start":{"line":65,"column":6},"end":{"line":78,"column":7}},"16":{"start":{"line":67,"column":10},"end":{"line":67,"column":31}},"17":{"start":{"line":68,"column":10},"end":{"line":68,"column":40}},"18":{"start":{"line":69,"column":10},"end":{"line":69,"column":16}},"19":{"start":{"line":71,"column":10},"end":{"line":71,"column":28}},"20":{"start":{"line":72,"column":10},"end":{"line":72,"column":38}},"21":{"start":{"line":73,"column":10},"end":{"line":73,"column":16}},"22":{"start":{"line":75,"column":10},"end":{"line":75,"column":38}},"23":{"start":{"line":76,"column":10},"end":{"line":76,"column":36}},"24":{"start":{"line":77,"column":10},"end":{"line":77,"column":16}},"25":{"start":{"line":80,"column":34},"end":{"line":80,"column":53}},"26":{"start":{"line":82,"column":27},"end":{"line":85,"column":8}},"27":{"start":{"line":87,"column":27},"end":{"line":87,"column":65}},"28":{"start":{"line":89,"column":6},"end":{"line":119,"column":8}},"29":{"start":{"line":122,"column":4},"end":{"line":122,"column":16}},"30":{"start":{"line":126,"column":15},"end":{"line":126,"column":71}}},"fnMap":{"0":{"name":"(anonymous_0)","decl":{"start":{"line":16,"column":2},"end":{"line":16,"column":3}},"loc":{"start":{"line":16,"column":56},"end":{"line":123,"column":3}},"line":16},"1":{"name":"(anonymous_1)","decl":{"start":{"line":28,"column":43},"end":{"line":28,"column":44}},"loc":{"start":{"line":28,"column":58},"end":{"line":40,"column":5}},"line":28},"2":{"name":"(anonymous_2)","decl":{"start":{"line":42,"column":20},"end":{"line":42,"column":21}},"loc":{"start":{"line":42,"column":26},"end":{"line":51,"column":5}},"line":42},"3":{"name":"(anonymous_3)","decl":{"start":{"line":48,"column":13},"end":{"line":48,"column":14}},"loc":{"start":{"line":48,"column":19},"end":{"line":50,"column":7}},"line":48},"4":{"name":"(anonymous_4)","decl":{"start":{"line":112,"column":25},"end":{"line":112,"column":26}},"loc":{"start":{"line":112,"column":31},"end":{"line":112,"column":33}},"line":112}},"branchMap":{"0":{"loc":{"start":{"line":29,"column":6},"end":{"line":39,"column":7}},"type":"if","locations":[{"start":{"line":29,"column":6},"end":{"line":39,"column":7}},{"start":{"line":37,"column":13},"end":{"line":39,"column":7}}],"line":29},"1":{"loc":{"start":{"line":30,"column":36},"end":{"line":30,"column":55}},"type":"binary-expr","locations":[{"start":{"line":30,"column":36},"end":{"line":30,"column":47}},{"start":{"line":30,"column":51},"end":{"line":30,"column":55}}],"line":30},"2":{"loc":{"start":{"line":32,"column":8},"end":{"line":34,"column":9}},"type":"if","locations":[{"start":{"line":32,"column":8},"end":{"line":34,"column":9}},{"start":{},"end":{}}],"line":32},"3":{"loc":{"start":{"line":32,"column":12},"end":{"line":32,"column":44}},"type":"binary-expr","locations":[{"start":{"line":32,"column":12},"end":{"line":32,"column":31}},{"start":{"line":32,"column":35},"end":{"line":32,"column":44}}],"line":32},"4":{"loc":{"start":{"line":53,"column":4},"end":{"line":120,"column":5}},"type":"if","locations":[{"start":{"line":53,"column":4},"end":{"line":120,"column":5}},{"start":{},"end":{}}],"line":53},"5":{"loc":{"start":{"line":65,"column":6},"end":{"line":78,"column":7}},"type":"switch","locations":[{"start":{"line":66,"column":8},"end":{"line":69,"column":16}},{"start":{"line":70,"column":8},"end":{"line":73,"column":16}},{"start":{"line":74,"column":8},"end":{"line":77,"column":16}}],"line":65},"6":{"loc":{"start":{"line":80,"column":34},"end":{"line":80,"column":53}},"type":"binary-expr","locations":[{"start":{"line":80,"column":34},"end":{"line":80,"column":45}},{"start":{"line":80,"column":49},"end":{"line":80,"column":53}}],"line":80},"7":{"loc":{"start":{"line":84,"column":27},"end":{"line":84,"column":64}},"type":"binary-expr","locations":[{"start":{"line":84,"column":27},"end":{"line":84,"column":39}},{"start":{"line":84,"column":43},"end":{"line":84,"column":64}}],"line":84},"8":{"loc":{"start":{"line":87,"column":28},"end":{"line":87,"column":46}},"type":"cond-expr","locations":[{"start":{"line":87,"column":41},"end":{"line":87,"column":42}},{"start":{"line":87,"column":45},"end":{"line":87,"column":46}}],"line":87},"9":{"loc":{"start":{"line":93,"column":21},"end":{"line":93,"column":64}},"type":"cond-expr","locations":[{"start":{"line":93,"column":43},"end":{"line":93,"column":52}},{"start":{"line":93,"column":55},"end":{"line":93,"column":64}}],"line":93}},"s":{"0":6,"1":5,"2":5,"3":1,"4":1,"5":1,"6":1,"7":1,"8":0,"9":5,"10":5,"11":5,"12":0,"13":5,"14":4,"15":4,"16":0,"17":0,"18":0,"19":0,"20":0,"21":0,"22":4,"23":4,"24":4,"25":4,"26":4,"27":4,"28":4,"29":1,"30":6},"f":{"0":5,"1":1,"2":5,"3":0,"4":0},"b":{"0":[1,0],"1":[1,1],"2":[1,0],"3":[1,1],"4":[4,1],"5":[0,0,4],"6":[4,3],"7":[4,4],"8":[4,0],"9":[3,1]},"_coverageSchema":"1a1c01bbd47fc00a2c39e90264f33305004495a9","hash":"de2bc95b56ba74dfd90680b1efb93d6760b7c7fe"}
,"/Users/eslam/ReactNative/react-native-common-components/src/components/Dialog/index.ts": {"path":"/Users/eslam/ReactNative/react-native-common-components/src/components/Dialog/index.ts","statementMap":{},"fnMap":{},"branchMap":{},"s":{},"f":{},"b":{},"_coverageSchema":"1a1c01bbd47fc00a2c39e90264f33305004495a9","hash":"01825d32fa902c15a814d0571729321635b2fdee"}
,"/Users/eslam/ReactNative/react-native-common-components/src/components/FlatList/FlatList.styles.ts": {"path":"/Users/eslam/ReactNative/react-native-common-components/src/components/FlatList/FlatList.styles.ts","statementMap":{"0":{"start":{"line":4,"column":15},"end":{"line":7,"column":2}}},"fnMap":{},"branchMap":{},"s":{"0":0},"f":{},"b":{}}
,"/Users/eslam/ReactNative/react-native-common-components/src/components/FlatList/FlatList.tsx": {"path":"/Users/eslam/ReactNative/react-native-common-components/src/components/FlatList/FlatList.tsx","statementMap":{"0":{"start":{"line":16,"column":26},"end":{"line":73,"column":1}},"1":{"start":{"line":36,"column":8},"end":{"line":36,"column":13}},"2":{"start":{"line":38,"column":4},"end":{"line":71,"column":6}},"3":{"start":{"line":47,"column":49},"end":{"line":47,"column":57}},"4":{"start":{"line":75,"column":17},"end":{"line":75,"column":75}}},"fnMap":{"0":{"name":"(anonymous_0)","decl":{"start":{"line":17,"column":2},"end":{"line":17,"column":3}},"loc":{"start":{"line":17,"column":49},"end":{"line":72,"column":3}},"line":17},"1":{"name":"(anonymous_1)","decl":{"start":{"line":47,"column":39},"end":{"line":47,"column":40}},"loc":{"start":{"line":47,"column":49},"end":{"line":47,"column":57}},"line":47}},"branchMap":{"0":{"loc":{"start":{"line":42,"column":40},"end":{"line":42,"column":79}},"type":"binary-expr","locations":[{"start":{"line":42,"column":40},"end":{"line":42,"column":70}},{"start":{"line":42,"column":74},"end":{"line":42,"column":79}}],"line":42},"1":{"loc":{"start":{"line":43,"column":38},"end":{"line":43,"column":75}},"type":"binary-expr","locations":[{"start":{"line":43,"column":38},"end":{"line":43,"column":66}},{"start":{"line":43,"column":70},"end":{"line":43,"column":75}}],"line":43},"2":{"loc":{"start":{"line":45,"column":35},"end":{"line":45,"column":73}},"type":"binary-expr","locations":[{"start":{"line":45,"column":35},"end":{"line":45,"column":60}},{"start":{"line":45,"column":64},"end":{"line":45,"column":73}}],"line":45},"3":{"loc":{"start":{"line":46,"column":29},"end":{"line":46,"column":58}},"type":"binary-expr","locations":[{"start":{"line":46,"column":29},"end":{"line":46,"column":48}},{"start":{"line":46,"column":52},"end":{"line":46,"column":58}}],"line":46},"4":{"loc":{"start":{"line":47,"column":22},"end":{"line":47,"column":58}},"type":"binary-expr","locations":[{"start":{"line":47,"column":22},"end":{"line":47,"column":34}},{"start":{"line":47,"column":39},"end":{"line":47,"column":57}}],"line":47},"5":{"loc":{"start":{"line":48,"column":31},"end":{"line":48,"column":60}},"type":"binary-expr","locations":[{"start":{"line":48,"column":31},"end":{"line":48,"column":52}},{"start":{"line":48,"column":56},"end":{"line":48,"column":60}}],"line":48},"6":{"loc":{"start":{"line":51,"column":10},"end":{"line":56,"column":35}},"type":"cond-expr","locations":[{"start":{"line":52,"column":14},"end":{"line":55,"column":15}},{"start":{"line":56,"column":14},"end":{"line":56,"column":35}}],"line":51},"7":{"loc":{"start":{"line":60,"column":10},"end":{"line":67,"column":23}},"type":"cond-expr","locations":[{"start":{"line":61,"column":12},"end":{"line":66,"column":14}},{"start":{"line":67,"column":14},"end":{"line":67,"column":23}}],"line":60},"8":{"loc":{"start":{"line":60,"column":11},"end":{"line":60,"column":38}},"type":"binary-expr","locations":[{"start":{"line":60,"column":11},"end":{"line":60,"column":25}},{"start":{"line":60,"column":29},"end":{"line":60,"column":38}}],"line":60},"9":{"loc":{"start":{"line":62,"column":22},"end":{"line":62,"column":76}},"type":"cond-expr","locations":[{"start":{"line":62,"column":37},"end":{"line":62,"column":51}},{"start":{"line":62,"column":54},"end":{"line":62,"column":76}}],"line":62},"10":{"loc":{"start":{"line":63,"column":25},"end":{"line":63,"column":61}},"type":"binary-expr","locations":[{"start":{"line":63,"column":25},"end":{"line":63,"column":37}},{"start":{"line":63,"column":41},"end":{"line":63,"column":61}}],"line":63},"11":{"loc":{"start":{"line":64,"column":26},"end":{"line":64,"column":45}},"type":"binary-expr","locations":[{"start":{"line":64,"column":26},"end":{"line":64,"column":36}},{"start":{"line":64,"column":40},"end":{"line":64,"column":45}}],"line":64},"12":{"loc":{"start":{"line":65,"column":25},"end":{"line":65,"column":47}},"type":"binary-expr","locations":[{"start":{"line":65,"column":25},"end":{"line":65,"column":34}},{"start":{"line":65,"column":38},"end":{"line":65,"column":47}}],"line":65}},"s":{"0":5,"1":22,"2":22,"3":1,"4":5},"f":{"0":22,"1":1},"b":{"0":[22,21],"1":[22,21],"2":[22,21],"3":[22,21],"4":[22,21],"5":[22,21],"6":[2,20],"7":[3,19],"8":[22,21],"9":[1,2],"10":[3,2],"11":[3,0],"12":[3,1]},"_coverageSchema":"1a1c01bbd47fc00a2c39e90264f33305004495a9","hash":"152cb2495008c5cd507bdf1a2e6bdaf0968faeb0"}
,"/Users/eslam/ReactNative/react-native-common-components/src/components/FlatList/index.ts": {"path":"/Users/eslam/ReactNative/react-native-common-components/src/components/FlatList/index.ts","statementMap":{},"fnMap":{},"branchMap":{},"s":{},"f":{},"b":{},"_coverageSchema":"1a1c01bbd47fc00a2c39e90264f33305004495a9","hash":"719a177b7826a2f464e4624c09adb6c0fa9f9f13"}
,"/Users/eslam/ReactNative/react-native-common-components/src/components/IconButton/Icon.tsx": {"path":"/Users/eslam/ReactNative/react-native-common-components/src/components/IconButton/Icon.tsx","statementMap":{"0":{"start":{"line":12,"column":23},"end":{"line":12,"column":27}},"1":{"start":{"line":13,"column":0},"end":{"line":17,"column":1}},"2":{"start":{"line":14,"column":2},"end":{"line":14,"column":61}},"3":{"start":{"line":16,"column":2},"end":{"line":16,"column":21}},"4":{"start":{"line":19,"column":31},"end":{"line":19,"column":35}},"5":{"start":{"line":20,"column":0},"end":{"line":25,"column":1}},"6":{"start":{"line":21,"column":2},"end":{"line":22,"column":84}},"7":{"start":{"line":24,"column":2},"end":{"line":24,"column":29}},"8":{"start":{"line":27,"column":13},"end":{"line":62,"column":2}},"9":{"start":{"line":29,"column":4},"end":{"line":29,"column":9}},"10":{"start":{"line":31,"column":31},"end":{"line":31,"column":48}},"11":{"start":{"line":34,"column":4},"end":{"line":34,"column":72}},"12":{"start":{"line":36,"column":21},"end":{"line":43,"column":4}},"13":{"start":{"line":45,"column":2},"end":{"line":47,"column":3}},"14":{"start":{"line":46,"column":4},"end":{"line":46,"column":76}},"15":{"start":{"line":49,"column":2},"end":{"line":53,"column":3}},"16":{"start":{"line":50,"column":4},"end":{"line":52,"column":6}},"17":{"start":{"line":55,"column":2},"end":{"line":59,"column":3}},"18":{"start":{"line":56,"column":4},"end":{"line":58,"column":6}},"19":{"start":{"line":61,"column":2},"end":{"line":61,"column":14}}},"fnMap":{"0":{"name":"(anonymous_0)","decl":{"start":{"line":27,"column":24},"end":{"line":27,"column":25}},"loc":{"start":{"line":27,"column":73},"end":{"line":62,"column":1}},"line":27}},"branchMap":{"0":{"loc":{"start":{"line":31,"column":31},"end":{"line":31,"column":48}},"type":"binary-expr","locations":[{"start":{"line":31,"column":31},"end":{"line":31,"column":42}},{"start":{"line":31,"column":46},"end":{"line":31,"column":48}}],"line":31},"1":{"loc":{"start":{"line":34,"column":6},"end":{"line":34,"column":49}},"type":"binary-expr","locations":[{"start":{"line":34,"column":6},"end":{"line":34,"column":10}},{"start":{"line":34,"column":14},"end":{"line":34,"column":49}}],"line":34},"2":{"loc":{"start":{"line":34,"column":38},"end":{"line":34,"column":48}},"type":"binary-expr","locations":[{"start":{"line":34,"column":38},"end":{"line":34,"column":42}},{"start":{"line":34,"column":46},"end":{"line":34,"column":48}}],"line":34},"3":{"loc":{"start":{"line":41,"column":17},"end":{"line":41,"column":47}},"type":"cond-expr","locations":[{"start":{"line":41,"column":30},"end":{"line":41,"column":39}},{"start":{"line":41,"column":42},"end":{"line":41,"column":47}}],"line":41},"4":{"loc":{"start":{"line":45,"column":2},"end":{"line":47,"column":3}},"type":"if","locations":[{"start":{"line":45,"column":2},"end":{"line":47,"column":3}},{"start":{},"end":{}}],"line":45},"5":{"loc":{"start":{"line":49,"column":2},"end":{"line":53,"column":3}},"type":"if","locations":[{"start":{"line":49,"column":2},"end":{"line":53,"column":3}},{"start":{},"end":{}}],"line":49},"6":{"loc":{"start":{"line":49,"column":6},"end":{"line":49,"column":27}},"type":"binary-expr","locations":[{"start":{"line":49,"column":6},"end":{"line":49,"column":12}},{"start":{"line":49,"column":16},"end":{"line":49,"column":27}}],"line":49},"7":{"loc":{"start":{"line":55,"column":2},"end":{"line":59,"column":3}},"type":"if","locations":[{"start":{"line":55,"column":2},"end":{"line":59,"column":3}},{"start":{},"end":{}}],"line":55},"8":{"loc":{"start":{"line":55,"column":6},"end":{"line":55,"column":37}},"type":"binary-expr","locations":[{"start":{"line":55,"column":6},"end":{"line":55,"column":14}},{"start":{"line":55,"column":18},"end":{"line":55,"column":37}}],"line":55}},"s":{"0":1,"1":1,"2":1,"3":0,"4":1,"5":1,"6":1,"7":0,"8":1,"9":4,"10":4,"11":4,"12":4,"13":4,"14":0,"15":4,"16":2,"17":2,"18":1,"19":1},"f":{"0":4},"b":{"0":[4,2],"1":[4,2],"2":[2,2],"3":[0,4],"4":[0,4],"5":[2,2],"6":[4,2],"7":[1,1],"8":[2,1]},"_coverageSchema":"1a1c01bbd47fc00a2c39e90264f33305004495a9","hash":"d5d88fed8da1b8fd05078e58b8e1ca47528bde12"}
,"/Users/eslam/ReactNative/react-native-common-components/src/components/IconButton/IconButton.styles.ts": {"path":"/Users/eslam/ReactNative/react-native-common-components/src/components/IconButton/IconButton.styles.ts","statementMap":{"0":{"start":{"line":4,"column":15},"end":{"line":20,"column":2}}},"fnMap":{},"branchMap":{},"s":{"0":0},"f":{},"b":{}}
,"/Users/eslam/ReactNative/react-native-common-components/src/components/IconButton/IconButton.tsx": {"path":"/Users/eslam/ReactNative/react-native-common-components/src/components/IconButton/IconButton.tsx","statementMap":{"0":{"start":{"line":19,"column":35},"end":{"line":81,"column":1}},"1":{"start":{"line":37,"column":8},"end":{"line":37,"column":13}},"2":{"start":{"line":39,"column":26},"end":{"line":39,"column":61}},"3":{"start":{"line":40,"column":27},"end":{"line":40,"column":56}},"4":{"start":{"line":41,"column":26},"end":{"line":41,"column":59}},"5":{"start":{"line":42,"column":25},"end":{"line":42,"column":72}},"6":{"start":{"line":44,"column":4},"end":{"line":79,"column":6}},"7":{"start":{"line":83,"column":0},"end":{"line":83,"column":56}},"8":{"start":{"line":88,"column":19},"end":{"line":88,"column":79}}},"fnMap":{"0":{"name":"(anonymous_0)","decl":{"start":{"line":20,"column":2},"end":{"line":20,"column":3}},"loc":{"start":{"line":20,"column":49},"end":{"line":80,"column":3}},"line":20}},"branchMap":{"0":{"loc":{"start":{"line":39,"column":50},"end":{"line":39,"column":60}},"type":"binary-expr","locations":[{"start":{"line":39,"column":50},"end":{"line":39,"column":54}},{"start":{"line":39,"column":58},"end":{"line":39,"column":60}}],"line":39},"1":{"loc":{"start":{"line":40,"column":27},"end":{"line":40,"column":56}},"type":"binary-expr","locations":[{"start":{"line":40,"column":27},"end":{"line":40,"column":32}},{"start":{"line":40,"column":36},"end":{"line":40,"column":56}}],"line":40},"2":{"loc":{"start":{"line":41,"column":37},"end":{"line":41,"column":57}},"type":"cond-expr","locations":[{"start":{"line":41,"column":48},"end":{"line":41,"column":51}},{"start":{"line":41,"column":54},"end":{"line":41,"column":57}}],"line":41}},"s":{"0":1,"1":24,"2":24,"3":24,"4":24,"5":24,"6":24,"7":1,"8":1},"f":{"0":24},"b":{"0":[24,21],"1":[24,22],"2":[2,22]},"_coverageSchema":"1a1c01bbd47fc00a2c39e90264f33305004495a9","hash":"c27577ef6028ba61efd6871c39a9ae442779387f"}
,"/Users/eslam/ReactNative/react-native-common-components/src/components/IconButton/index.ts": {"path":"/Users/eslam/ReactNative/react-native-common-components/src/components/IconButton/index.ts","statementMap":{},"fnMap":{},"branchMap":{},"s":{},"f":{},"b":{}}
,"/Users/eslam/ReactNative/react-native-common-components/src/components/ImagePlaceholder/Image.tsx": {"path":"/Users/eslam/ReactNative/react-native-common-components/src/components/ImagePlaceholder/Image.tsx","statementMap":{"0":{"start":{"line":13,"column":26},"end":{"line":16,"column":8}},"1":{"start":{"line":15,"column":4},"end":{"line":15,"column":60}},"2":{"start":{"line":18,"column":0},"end":{"line":23,"column":2}},"3":{"start":{"line":24,"column":0},"end":{"line":28,"column":2}},"4":{"start":{"line":29,"column":0},"end":{"line":33,"column":2}},"5":{"start":{"line":35,"column":21},"end":{"line":35,"column":25}},"6":{"start":{"line":36,"column":0},"end":{"line":40,"column":1}},"7":{"start":{"line":37,"column":2},"end":{"line":37,"column":62}},"8":{"start":{"line":39,"column":2},"end":{"line":39,"column":19}},"9":{"start":{"line":42,"column":28},"end":{"line":42,"column":58}},"10":{"start":{"line":44,"column":14},"end":{"line":159,"column":1}},"11":{"start":{"line":63,"column":8},"end":{"line":63,"column":13}},"12":{"start":{"line":67,"column":4},"end":{"line":80,"column":5}},"13":{"start":{"line":69,"column":8},"end":{"line":69,"column":58}},"14":{"start":{"line":70,"column":8},"end":{"line":70,"column":14}},"15":{"start":{"line":72,"column":8},"end":{"line":72,"column":58}},"16":{"start":{"line":73,"column":8},"end":{"line":73,"column":14}},"17":{"start":{"line":75,"column":8},"end":{"line":75,"column":57}},"18":{"start":{"line":76,"column":8},"end":{"line":76,"column":14}},"19":{"start":{"line":78,"column":8},"end":{"line":78,"column":56}},"20":{"start":{"line":79,"column":8},"end":{"line":79,"column":14}},"21":{"start":{"line":84,"column":4},"end":{"line":94,"column":5}},"22":{"start":{"line":86,"column":8},"end":{"line":86,"column":50}},"23":{"start":{"line":87,"column":8},"end":{"line":87,"column":14}},"24":{"start":{"line":89,"column":8},"end":{"line":89,"column":51}},"25":{"start":{"line":90,"column":8},"end":{"line":90,"column":14}},"26":{"start":{"line":92,"column":8},"end":{"line":92,"column":53}},"27":{"start":{"line":93,"column":8},"end":{"line":93,"column":14}},"28":{"start":{"line":98,"column":4},"end":{"line":108,"column":5}},"29":{"start":{"line":100,"column":8},"end":{"line":100,"column":51}},"30":{"start":{"line":101,"column":8},"end":{"line":101,"column":14}},"31":{"start":{"line":103,"column":8},"end":{"line":103,"column":57}},"32":{"start":{"line":104,"column":8},"end":{"line":104,"column":14}},"33":{"start":{"line":106,"column":8},"end":{"line":106,"column":57}},"34":{"start":{"line":107,"column":8},"end":{"line":107,"column":14}},"35":{"start":{"line":110,"column":53},"end":{"line":110,"column":62}},"36":{"start":{"line":112,"column":4},"end":{"line":114,"column":5}},"37":{"start":{"line":113,"column":6},"end":{"line":113,"column":36}},"38":{"start":{"line":116,"column":4},"end":{"line":157,"column":6}},"39":{"start":{"line":133,"column":31},"end":{"line":133,"column":54}},"40":{"start":{"line":134,"column":29},"end":{"line":134,"column":53}},"41":{"start":{"line":135,"column":27},"end":{"line":135,"column":48}},"42":{"start":{"line":139,"column":14},"end":{"line":143,"column":15}}},"fnMap":{"0":{"name":"(anonymous_0)","decl":{"start":{"line":14,"column":2},"end":{"line":14,"column":3}},"loc":{"start":{"line":15,"column":4},"end":{"line":15,"column":60}},"line":15},"1":{"name":"(anonymous_1)","decl":{"start":{"line":45,"column":2},"end":{"line":45,"column":3}},"loc":{"start":{"line":45,"column":61},"end":{"line":158,"column":3}},"line":45},"2":{"name":"(anonymous_2)","decl":{"start":{"line":133,"column":25},"end":{"line":133,"column":26}},"loc":{"start":{"line":133,"column":31},"end":{"line":133,"column":54}},"line":133},"3":{"name":"(anonymous_3)","decl":{"start":{"line":134,"column":23},"end":{"line":134,"column":24}},"loc":{"start":{"line":134,"column":29},"end":{"line":134,"column":53}},"line":134},"4":{"name":"(anonymous_4)","decl":{"start":{"line":135,"column":21},"end":{"line":135,"column":22}},"loc":{"start":{"line":135,"column":27},"end":{"line":135,"column":48}},"line":135},"5":{"name":"(anonymous_5)","decl":{"start":{"line":136,"column":24},"end":{"line":136,"column":25}},"loc":{"start":{"line":139,"column":14},"end":{"line":143,"column":15}},"line":139}},"branchMap":{"0":{"loc":{"start":{"line":42,"column":28},"end":{"line":42,"column":58}},"type":"binary-expr","locations":[{"start":{"line":42,"column":28},"end":{"line":42,"column":37}},{"start":{"line":42,"column":41},"end":{"line":42,"column":58}}],"line":42},"1":{"loc":{"start":{"line":67,"column":4},"end":{"line":80,"column":5}},"type":"switch","locations":[{"start":{"line":68,"column":6},"end":{"line":70,"column":14}},{"start":{"line":71,"column":6},"end":{"line":73,"column":14}},{"start":{"line":74,"column":6},"end":{"line":76,"column":14}},{"start":{"line":77,"column":6},"end":{"line":79,"column":14}}],"line":67},"2":{"loc":{"start":{"line":84,"column":4},"end":{"line":94,"column":5}},"type":"switch","locations":[{"start":{"line":85,"column":6},"end":{"line":87,"column":14}},{"start":{"line":88,"column":6},"end":{"line":90,"column":14}},{"start":{"line":91,"column":6},"end":{"line":93,"column":14}}],"line":84},"3":{"loc":{"start":{"line":98,"column":4},"end":{"line":108,"column":5}},"type":"switch","locations":[{"start":{"line":99,"column":6},"end":{"line":101,"column":14}},{"start":{"line":102,"column":6},"end":{"line":104,"column":14}},{"start":{"line":105,"column":6},"end":{"line":107,"column":14}}],"line":98},"4":{"loc":{"start":{"line":112,"column":4},"end":{"line":114,"column":5}},"type":"if","locations":[{"start":{"line":112,"column":4},"end":{"line":114,"column":5}},{"start":{},"end":{}}],"line":112},"5":{"loc":{"start":{"line":128,"column":9},"end":{"line":146,"column":9}},"type":"binary-expr","locations":[{"start":{"line":128,"column":9},"end":{"line":128,"column":24}},{"start":{"line":128,"column":28},"end":{"line":128,"column":36}},{"start":{"line":129,"column":10},"end":{"line":145,"column":12}}],"line":128},"6":{"loc":{"start":{"line":140,"column":16},"end":{"line":142,"column":21}},"type":"cond-expr","locations":[{"start":{"line":141,"column":20},"end":{"line":141,"column":62}},{"start":{"line":142,"column":20},"end":{"line":142,"column":21}}],"line":140},"7":{"loc":{"start":{"line":147,"column":9},"end":{"line":155,"column":9}},"type":"binary-expr","locations":[{"start":{"line":147,"column":9},"end":{"line":147,"column":30}},{"start":{"line":148,"column":10},"end":{"line":154,"column":12}}],"line":147}},"s":{"0":1,"1":3,"2":1,"3":1,"4":1,"5":1,"6":1,"7":1,"8":0,"9":1,"10":1,"11":4,"12":4,"13":4,"14":4,"15":0,"16":0,"17":0,"18":0,"19":0,"20":0,"21":4,"22":0,"23":0,"24":4,"25":4,"26":0,"27":0,"28":4,"29":4,"30":4,"31":0,"32":0,"33":0,"34":0,"35":4,"36":4,"37":1,"38":4,"39":0,"40":0,"41":0,"42":0},"f":{"0":3,"1":4,"2":0,"3":0,"4":0,"5":0},"b":{"0":[1,1],"1":[4,0,0,0],"2":[0,4,0],"3":[4,0,0],"4":[1,3],"5":[4,4,3],"6":[0,0],"7":[4,1]},"_coverageSchema":"1a1c01bbd47fc00a2c39e90264f33305004495a9","hash":"bb4424211d64b37b63f2addb9e1039f5fed81ec4"}
,"/Users/eslam/ReactNative/react-native-common-components/src/components/ImagePlaceholder/ImagePlaceholder.styles.ts": {"path":"/Users/eslam/ReactNative/react-native-common-components/src/components/ImagePlaceholder/ImagePlaceholder.styles.ts","statementMap":{"0":{"start":{"line":4,"column":15},"end":{"line":19,"column":2}}},"fnMap":{},"branchMap":{},"s":{"0":0},"f":{},"b":{}}
,"/Users/eslam/ReactNative/react-native-common-components/src/components/ImagePlaceholder/ImagePlaceholder.tsx": {"path":"/Users/eslam/ReactNative/react-native-common-components/src/components/ImagePlaceholder/ImagePlaceholder.tsx","statementMap":{"0":{"start":{"line":14,"column":34},"end":{"line":71,"column":1}},"1":{"start":{"line":28,"column":8},"end":{"line":28,"column":13}},"2":{"start":{"line":30,"column":38},"end":{"line":30,"column":59}},"3":{"start":{"line":31,"column":34},"end":{"line":31,"column":55}},"4":{"start":{"line":32,"column":36},"end":{"line":32,"column":53}},"5":{"start":{"line":33,"column":44},"end":{"line":33,"column":61}},"6":{"start":{"line":36,"column":6},"end":{"line":38,"column":39}},"7":{"start":{"line":40,"column":4},"end":{"line":69,"column":6}},"8":{"start":{"line":73,"column":25},"end":{"line":75,"column":31}}},"fnMap":{"0":{"name":"(anonymous_0)","decl":{"start":{"line":15,"column":2},"end":{"line":15,"column":3}},"loc":{"start":{"line":15,"column":49},"end":{"line":70,"column":3}},"line":15}},"branchMap":{"0":{"loc":{"start":{"line":36,"column":6},"end":{"line":38,"column":39}},"type":"cond-expr","locations":[{"start":{"line":37,"column":10},"end":{"line":37,"column":19}},{"start":{"line":38,"column":10},"end":{"line":38,"column":39}}],"line":36},"1":{"loc":{"start":{"line":36,"column":6},"end":{"line":36,"column":40}},"type":"binary-expr","locations":[{"start":{"line":36,"column":6},"end":{"line":36,"column":18}},{"start":{"line":36,"column":22},"end":{"line":36,"column":40}}],"line":36}},"s":{"0":1,"1":19,"2":19,"3":19,"4":19,"5":19,"6":19,"7":19,"8":1},"f":{"0":19},"b":{"0":[15,4],"1":[19,4]},"_coverageSchema":"1a1c01bbd47fc00a2c39e90264f33305004495a9","hash":"3a00562518d2639158446ad3a3bb5eb939df73cb"}
,"/Users/eslam/ReactNative/react-native-common-components/src/components/ImagePlaceholder/Loading.tsx": {"path":"/Users/eslam/ReactNative/react-native-common-components/src/components/ImagePlaceholder/Loading.tsx","statementMap":{"0":{"start":{"line":12,"column":20},"end":{"line":12,"column":24}},"1":{"start":{"line":13,"column":0},"end":{"line":23,"column":1}},"2":{"start":{"line":14,"column":2},"end":{"line":14,"column":46}},"3":{"start":{"line":15,"column":2},"end":{"line":19,"column":3}},"4":{"start":{"line":16,"column":4},"end":{"line":16,"column":32}},"5":{"start":{"line":21,"column":2},"end":{"line":21,"column":64}},"6":{"start":{"line":22,"column":2},"end":{"line":22,"column":18}},"7":{"start":{"line":26,"column":20},"end":{"line":28,"column":59}},"8":{"start":{"line":28,"column":23},"end":{"line":28,"column":59}},"9":{"start":{"line":30,"column":16},"end":{"line":74,"column":1}},"10":{"start":{"line":38,"column":8},"end":{"line":38,"column":13}},"11":{"start":{"line":40,"column":4},"end":{"line":72,"column":6}},"12":{"start":{"line":54,"column":10},"end":{"line":58,"column":11}}},"fnMap":{"0":{"name":"(anonymous_0)","decl":{"start":{"line":28,"column":4},"end":{"line":28,"column":5}},"loc":{"start":{"line":28,"column":23},"end":{"line":28,"column":59}},"line":28},"1":{"name":"(anonymous_1)","decl":{"start":{"line":31,"column":2},"end":{"line":31,"column":3}},"loc":{"start":{"line":31,"column":68},"end":{"line":73,"column":3}},"line":31},"2":{"name":"(anonymous_2)","decl":{"start":{"line":53,"column":18},"end":{"line":53,"column":19}},"loc":{"start":{"line":54,"column":10},"end":{"line":58,"column":11}},"line":54}},"branchMap":{"0":{"loc":{"start":{"line":26,"column":20},"end":{"line":28,"column":59}},"type":"cond-expr","locations":[{"start":{"line":27,"column":4},"end":{"line":27,"column":25}},{"start":{"line":28,"column":4},"end":{"line":28,"column":59}}],"line":26},"1":{"loc":{"start":{"line":47,"column":14},"end":{"line":50,"column":47}},"type":"cond-expr","locations":[{"start":{"line":49,"column":18},"end":{"line":49,"column":39}},{"start":{"line":50,"column":18},"end":{"line":50,"column":47}}],"line":47},"2":{"loc":{"start":{"line":47,"column":14},"end":{"line":48,"column":57}},"type":"binary-expr","locations":[{"start":{"line":47,"column":14},"end":{"line":47,"column":51}},{"start":{"line":48,"column":14},"end":{"line":48,"column":57}}],"line":47},"3":{"loc":{"start":{"line":55,"column":13},"end":{"line":57,"column":46}},"type":"cond-expr","locations":[{"start":{"line":56,"column":16},"end":{"line":56,"column":47}},{"start":{"line":57,"column":16},"end":{"line":57,"column":46}}],"line":55},"4":{"loc":{"start":{"line":62,"column":26},"end":{"line":62,"column":39}},"type":"binary-expr","locations":[{"start":{"line":62,"column":26},"end":{"line":62,"column":34}},{"start":{"line":62,"column":38},"end":{"line":62,"column":39}}],"line":62},"5":{"loc":{"start":{"line":66,"column":12},"end":{"line":68,"column":35}},"type":"cond-expr","locations":[{"start":{"line":67,"column":16},"end":{"line":67,"column":36}},{"start":{"line":68,"column":16},"end":{"line":68,"column":35}}],"line":66},"6":{"loc":{"start":{"line":66,"column":12},"end":{"line":66,"column":76}},"type":"binary-expr","locations":[{"start":{"line":66,"column":12},"end":{"line":66,"column":39}},{"start":{"line":66,"column":43},"end":{"line":66,"column":76}}],"line":66}},"s":{"0":1,"1":1,"2":1,"3":1,"4":1,"5":0,"6":0,"7":1,"8":0,"9":1,"10":2,"11":2,"12":0},"f":{"0":0,"1":2,"2":0},"b":{"0":[1,0],"1":[1,1],"2":[2,1],"3":[0,0],"4":[2,0],"5":[1,1],"6":[2,1]},"_coverageSchema":"1a1c01bbd47fc00a2c39e90264f33305004495a9","hash":"99b17c99de82d9e51d80c2dd0a70f4eeffd451bd"}
,"/Users/eslam/ReactNative/react-native-common-components/src/components/ImagePlaceholder/Placeholder.tsx": {"path":"/Users/eslam/ReactNative/react-native-common-components/src/components/ImagePlaceholder/Placeholder.tsx","statementMap":{"0":{"start":{"line":11,"column":17},"end":{"line":11,"column":21}},"1":{"start":{"line":12,"column":23},"end":{"line":12,"column":27}},"2":{"start":{"line":14,"column":0},"end":{"line":19,"column":1}},"3":{"start":{"line":15,"column":2},"end":{"line":15,"column":40}},"4":{"start":{"line":17,"column":2},"end":{"line":17,"column":64}},"5":{"start":{"line":18,"column":2},"end":{"line":18,"column":15}},"6":{"start":{"line":21,"column":0},"end":{"line":26,"column":1}},"7":{"start":{"line":22,"column":2},"end":{"line":22,"column":61}},"8":{"start":{"line":24,"column":2},"end":{"line":24,"column":68}},"9":{"start":{"line":25,"column":2},"end":{"line":25,"column":21}},"10":{"start":{"line":28,"column":20},"end":{"line":69,"column":1}},"11":{"start":{"line":37,"column":8},"end":{"line":37,"column":13}},"12":{"start":{"line":39,"column":4},"end":{"line":65,"column":5}},"13":{"start":{"line":40,"column":26},"end":{"line":40,"column":47}},"14":{"start":{"line":42,"column":6},"end":{"line":51,"column":7}},"15":{"start":{"line":43,"column":8},"end":{"line":50,"column":11}},"16":{"start":{"line":53,"column":6},"end":{"line":62,"column":7}},"17":{"start":{"line":54,"column":8},"end":{"line":61,"column":11}},"18":{"start":{"line":64,"column":6},"end":{"line":64,"column":18}},"19":{"start":{"line":67,"column":4},"end":{"line":67,"column":16}}},"fnMap":{"0":{"name":"(anonymous_0)","decl":{"start":{"line":29,"column":2},"end":{"line":29,"column":3}},"loc":{"start":{"line":29,"column":58},"end":{"line":68,"column":3}},"line":29}},"branchMap":{"0":{"loc":{"start":{"line":39,"column":4},"end":{"line":65,"column":5}},"type":"if","locations":[{"start":{"line":39,"column":4},"end":{"line":65,"column":5}},{"start":{},"end":{}}],"line":39},"1":{"loc":{"start":{"line":39,"column":8},"end":{"line":39,"column":39}},"type":"binary-expr","locations":[{"start":{"line":39,"column":8},"end":{"line":39,"column":15}},{"start":{"line":39,"column":19},"end":{"line":39,"column":26}},{"start":{"line":39,"column":30},"end":{"line":39,"column":39}}],"line":39},"2":{"loc":{"start":{"line":40,"column":26},"end":{"line":40,"column":47}},"type":"binary-expr","locations":[{"start":{"line":40,"column":26},"end":{"line":40,"column":36}},{"start":{"line":40,"column":40},"end":{"line":40,"column":47}}],"line":40},"3":{"loc":{"start":{"line":42,"column":6},"end":{"line":51,"column":7}},"type":"if","locations":[{"start":{"line":42,"column":6},"end":{"line":51,"column":7}},{"start":{},"end":{}}],"line":42},"4":{"loc":{"start":{"line":42,"column":10},"end":{"line":42,"column":30}},"type":"binary-expr","locations":[{"start":{"line":42,"column":10},"end":{"line":42,"column":21}},{"start":{"line":42,"column":25},"end":{"line":42,"column":30}}],"line":42},"5":{"loc":{"start":{"line":53,"column":6},"end":{"line":62,"column":7}},"type":"if","locations":[{"start":{"line":53,"column":6},"end":{"line":62,"column":7}},{"start":{},"end":{}}],"line":53},"6":{"loc":{"start":{"line":53,"column":10},"end":{"line":53,"column":42}},"type":"binary-expr","locations":[{"start":{"line":53,"column":10},"end":{"line":53,"column":27}},{"start":{"line":53,"column":31},"end":{"line":53,"column":42}}],"line":53}},"s":{"0":1,"1":1,"2":1,"3":1,"4":0,"5":0,"6":1,"7":1,"8":0,"9":0,"10":1,"11":3,"12":3,"13":2,"14":2,"15":0,"16":2,"17":1,"18":1,"19":1},"f":{"0":3},"b":{"0":[2,1],"1":[3,1,1],"2":[2,1],"3":[0,2],"4":[2,1],"5":[1,1],"6":[2,1]},"_coverageSchema":"1a1c01bbd47fc00a2c39e90264f33305004495a9","hash":"453d3ff906da8e88947773d92cdae5c5e2130fb6"}
,"/Users/eslam/ReactNative/react-native-common-components/src/components/ImagePlaceholder/index.ts": {"path":"/Users/eslam/ReactNative/react-native-common-components/src/components/ImagePlaceholder/index.ts","statementMap":{},"fnMap":{},"branchMap":{},"s":{},"f":{},"b":{}}
,"/Users/eslam/ReactNative/react-native-common-components/src/components/LoadingDialog/LoadingDialog.styles.ts": {"path":"/Users/eslam/ReactNative/react-native-common-components/src/components/LoadingDialog/LoadingDialog.styles.ts","statementMap":{"0":{"start":{"line":4,"column":15},"end":{"line":6,"column":2}}},"fnMap":{},"branchMap":{},"s":{"0":0},"f":{},"b":{}}
,"/Users/eslam/ReactNative/react-native-common-components/src/components/LoadingDialog/LoadingDialog.tsx": {"path":"/Users/eslam/ReactNative/react-native-common-components/src/components/LoadingDialog/LoadingDialog.tsx","statementMap":{"0":{"start":{"line":17,"column":38},"end":{"line":49,"column":1}},"1":{"start":{"line":20,"column":6},"end":{"line":20,"column":11}},"2":{"start":{"line":26,"column":8},"end":{"line":26,"column":25}},"3":{"start":{"line":29,"column":6},"end":{"line":29,"column":34}},"4":{"start":{"line":31,"column":4},"end":{"line":47,"column":6}},"5":{"start":{"line":51,"column":0},"end":{"line":51,"column":62}},"6":{"start":{"line":56,"column":22},"end":{"line":58,"column":31}}},"fnMap":{"0":{"name":"(anonymous_0)","decl":{"start":{"line":18,"column":2},"end":{"line":18,"column":3}},"loc":{"start":{"line":18,"column":49},"end":{"line":48,"column":3}},"line":18}},"branchMap":{"0":{"loc":{"start":{"line":26,"column":8},"end":{"line":26,"column":25}},"type":"binary-expr","locations":[{"start":{"line":26,"column":8},"end":{"line":26,"column":19}},{"start":{"line":26,"column":23},"end":{"line":26,"column":25}}],"line":26},"1":{"loc":{"start":{"line":29,"column":6},"end":{"line":29,"column":34}},"type":"binary-expr","locations":[{"start":{"line":29,"column":6},"end":{"line":29,"column":28}},{"start":{"line":29,"column":32},"end":{"line":29,"column":34}}],"line":29},"2":{"loc":{"start":{"line":34,"column":21},"end":{"line":34,"column":41}},"type":"binary-expr","locations":[{"start":{"line":34,"column":21},"end":{"line":34,"column":32}},{"start":{"line":34,"column":36},"end":{"line":34,"column":41}}],"line":34},"3":{"loc":{"start":{"line":38,"column":9},"end":{"line":45,"column":9}},"type":"binary-expr","locations":[{"start":{"line":38,"column":9},"end":{"line":38,"column":15}},{"start":{"line":39,"column":10},"end":{"line":44,"column":12}}],"line":38},"4":{"loc":{"start":{"line":41,"column":18},"end":{"line":41,"column":33}},"type":"binary-expr","locations":[{"start":{"line":41,"column":18},"end":{"line":41,"column":22}},{"start":{"line":41,"column":26},"end":{"line":41,"column":33}}],"line":41},"5":{"loc":{"start":{"line":42,"column":19},"end":{"line":42,"column":48}},"type":"binary-expr","locations":[{"start":{"line":42,"column":19},"end":{"line":42,"column":24}},{"start":{"line":42,"column":28},"end":{"line":42,"column":48}}],"line":42}},"s":{"0":1,"1":58,"2":58,"3":58,"4":58,"5":1,"6":1},"f":{"0":58},"b":{"0":[58,48],"1":[58,33],"2":[58,50],"3":[58,49],"4":[49,34],"5":[49,39]},"_coverageSchema":"1a1c01bbd47fc00a2c39e90264f33305004495a9","hash":"55c613579fe45b86b4ca5f53fb1302a0e87a6d04"}
,"/Users/eslam/ReactNative/react-native-common-components/src/components/LoadingDialog/index.ts": {"path":"/Users/eslam/ReactNative/react-native-common-components/src/components/LoadingDialog/index.ts","statementMap":{},"fnMap":{},"branchMap":{},"s":{},"f":{},"b":{}}
,"/Users/eslam/ReactNative/react-native-common-components/src/components/ScrollView/ScrollView.tsx": {"path":"/Users/eslam/ReactNative/react-native-common-components/src/components/ScrollView/ScrollView.tsx","statementMap":{"0":{"start":{"line":12,"column":28},"end":{"line":59,"column":1}},"1":{"start":{"line":14,"column":4},"end":{"line":57,"column":5}},"2":{"start":{"line":16,"column":8},"end":{"line":16,"column":75}},"3":{"start":{"line":30,"column":10},"end":{"line":30,"column":15}},"4":{"start":{"line":32,"column":6},"end":{"line":53,"column":8}},"5":{"start":{"line":55,"column":6},"end":{"line":55,"column":79}},"6":{"start":{"line":56,"column":6},"end":{"line":56,"column":18}},"7":{"start":{"line":61,"column":19},"end":{"line":61,"column":79}}},"fnMap":{"0":{"name":"(anonymous_0)","decl":{"start":{"line":13,"column":2},"end":{"line":13,"column":3}},"loc":{"start":{"line":13,"column":56},"end":{"line":58,"column":3}},"line":13}},"branchMap":{"0":{"loc":{"start":{"line":35,"column":12},"end":{"line":35,"column":51}},"type":"binary-expr","locations":[{"start":{"line":35,"column":12},"end":{"line":35,"column":42}},{"start":{"line":35,"column":46},"end":{"line":35,"column":51}}],"line":35},"1":{"loc":{"start":{"line":37,"column":40},"end":{"line":37,"column":77}},"type":"binary-expr","locations":[{"start":{"line":37,"column":40},"end":{"line":37,"column":68}},{"start":{"line":37,"column":72},"end":{"line":37,"column":77}}],"line":37},"2":{"loc":{"start":{"line":38,"column":37},"end":{"line":38,"column":75}},"type":"binary-expr","locations":[{"start":{"line":38,"column":37},"end":{"line":38,"column":62}},{"start":{"line":38,"column":66},"end":{"line":38,"column":75}}],"line":38},"3":{"loc":{"start":{"line":39,"column":31},"end":{"line":39,"column":60}},"type":"binary-expr","locations":[{"start":{"line":39,"column":31},"end":{"line":39,"column":50}},{"start":{"line":39,"column":54},"end":{"line":39,"column":60}}],"line":39},"4":{"loc":{"start":{"line":41,"column":12},"end":{"line":48,"column":25}},"type":"cond-expr","locations":[{"start":{"line":42,"column":14},"end":{"line":47,"column":16}},{"start":{"line":48,"column":16},"end":{"line":48,"column":25}}],"line":41},"5":{"loc":{"start":{"line":41,"column":13},"end":{"line":41,"column":40}},"type":"binary-expr","locations":[{"start":{"line":41,"column":13},"end":{"line":41,"column":27}},{"start":{"line":41,"column":31},"end":{"line":41,"column":40}}],"line":41},"6":{"loc":{"start":{"line":43,"column":24},"end":{"line":43,"column":78}},"type":"cond-expr","locations":[{"start":{"line":43,"column":39},"end":{"line":43,"column":53}},{"start":{"line":43,"column":56},"end":{"line":43,"column":78}}],"line":43},"7":{"loc":{"start":{"line":44,"column":27},"end":{"line":44,"column":63}},"type":"binary-expr","locations":[{"start":{"line":44,"column":27},"end":{"line":44,"column":39}},{"start":{"line":44,"column":43},"end":{"line":44,"column":63}}],"line":44},"8":{"loc":{"start":{"line":45,"column":28},"end":{"line":45,"column":47}},"type":"binary-expr","locations":[{"start":{"line":45,"column":28},"end":{"line":45,"column":38}},{"start":{"line":45,"column":42},"end":{"line":45,"column":47}}],"line":45},"9":{"loc":{"start":{"line":50,"column":30},"end":{"line":50,"column":78}},"type":"binary-expr","locations":[{"start":{"line":50,"column":30},"end":{"line":50,"column":48}},{"start":{"line":50,"column":52},"end":{"line":50,"column":78}}],"line":50}},"s":{"0":1,"1":28,"2":28,"3":28,"4":28,"5":0,"6":0,"7":1},"f":{"0":28},"b":{"0":[28,25],"1":[28,25],"2":[28,22],"3":[28,25],"4":[5,23],"5":[28,28],"6":[2,3],"7":[5,3],"8":[5,1],"9":[28,25]},"_coverageSchema":"1a1c01bbd47fc00a2c39e90264f33305004495a9","hash":"91c8335f4b1cf5303a17bf084a0bc3ade224295b"}
,"/Users/eslam/ReactNative/react-native-common-components/src/components/ScrollView/index.ts": {"path":"/Users/eslam/ReactNative/react-native-common-components/src/components/ScrollView/index.ts","statementMap":{},"fnMap":{},"branchMap":{},"s":{},"f":{},"b":{}}
,"/Users/eslam/ReactNative/react-native-common-components/src/components/SelectDialog/List.tsx": {"path":"/Users/eslam/ReactNative/react-native-common-components/src/components/SelectDialog/List.tsx","statementMap":{"0":{"start":{"line":13,"column":13},"end":{"line":36,"column":2}},"1":{"start":{"line":14,"column":58},"end":{"line":14,"column":63}},"2":{"start":{"line":16,"column":23},"end":{"line":26,"column":3}},"3":{"start":{"line":17,"column":4},"end":{"line":25,"column":6}},"4":{"start":{"line":19,"column":21},"end":{"line":19,"column":40}},"5":{"start":{"line":28,"column":2},"end":{"line":35,"column":4}},"6":{"start":{"line":31,"column":32},"end":{"line":31,"column":50}}},"fnMap":{"0":{"name":"(anonymous_0)","decl":{"start":{"line":13,"column":24},"end":{"line":13,"column":25}},"loc":{"start":{"line":13,"column":66},"end":{"line":36,"column":1}},"line":13},"1":{"name":"(anonymous_1)","decl":{"start":{"line":16,"column":23},"end":{"line":16,"column":24}},"loc":{"start":{"line":17,"column":4},"end":{"line":25,"column":6}},"line":17},"2":{"name":"(anonymous_2)","decl":{"start":{"line":19,"column":15},"end":{"line":19,"column":16}},"loc":{"start":{"line":19,"column":21},"end":{"line":19,"column":40}},"line":19},"3":{"name":"(anonymous_3)","decl":{"start":{"line":31,"column":18},"end":{"line":31,"column":19}},"loc":{"start":{"line":31,"column":32},"end":{"line":31,"column":50}},"line":31}},"branchMap":{},"s":{"0":4,"1":7,"2":7,"3":0,"4":0,"5":7,"6":0},"f":{"0":7,"1":0,"2":0,"3":0},"b":{},"_coverageSchema":"1a1c01bbd47fc00a2c39e90264f33305004495a9","hash":"89b08a72ca352eadb9dfae07f645c5abecf51df4"}
,"/Users/eslam/ReactNative/react-native-common-components/src/components/SelectDialog/NoData.tsx": {"path":"/Users/eslam/ReactNative/react-native-common-components/src/components/SelectDialog/NoData.tsx","statementMap":{"0":{"start":{"line":12,"column":15},"end":{"line":27,"column":2}},"1":{"start":{"line":13,"column":45},"end":{"line":13,"column":50}},"2":{"start":{"line":15,"column":2},"end":{"line":17,"column":3}},"3":{"start":{"line":16,"column":4},"end":{"line":16,"column":27}},"4":{"start":{"line":20,"column":4},"end":{"line":20,"column":75}},"5":{"start":{"line":22,"column":2},"end":{"line":26,"column":4}}},"fnMap":{"0":{"name":"(anonymous_0)","decl":{"start":{"line":12,"column":26},"end":{"line":12,"column":27}},"loc":{"start":{"line":12,"column":70},"end":{"line":27,"column":1}},"line":12}},"branchMap":{"0":{"loc":{"start":{"line":15,"column":2},"end":{"line":17,"column":3}},"type":"if","locations":[{"start":{"line":15,"column":2},"end":{"line":17,"column":3}},{"start":{},"end":{}}],"line":15},"1":{"loc":{"start":{"line":20,"column":5},"end":{"line":20,"column":69}},"type":"binary-expr","locations":[{"start":{"line":20,"column":5},"end":{"line":20,"column":63}},{"start":{"line":20,"column":67},"end":{"line":20,"column":69}}],"line":20},"2":{"loc":{"start":{"line":24,"column":7},"end":{"line":24,"column":79}},"type":"binary-expr","locations":[{"start":{"line":24,"column":7},"end":{"line":24,"column":20}},{"start":{"line":24,"column":25},"end":{"line":24,"column":78}}],"line":24},"3":{"loc":{"start":{"line":24,"column":25},"end":{"line":24,"column":78}},"type":"cond-expr","locations":[{"start":{"line":24,"column":37},"end":{"line":24,"column":56}},{"start":{"line":24,"column":59},"end":{"line":24,"column":78}}],"line":24}},"s":{"0":5,"1":8,"2":8,"3":2,"4":6,"5":6},"f":{"0":8},"b":{"0":[2,6],"1":[6,0],"2":[6,2],"3":[0,2]},"_coverageSchema":"1a1c01bbd47fc00a2c39e90264f33305004495a9","hash":"c91de96c2671129b39409cf11876a7bd813b5848"}
[...]
"column":4},"end":{"line":116,"column":46}},"27":{"start":{"line":127,"column":4},"end":{"line":129,"column":5}},"28":{"start":{"line":128,"column":6},"end":{"line":128,"column":59}},"29":{"start":{"line":131,"column":4},"end":{"line":133,"column":5}},"30":{"start":{"line":132,"column":6},"end":{"line":132,"column":68}},"31":{"start":{"line":135,"column":4},"end":{"line":135,"column":47}},"32":{"start":{"line":138,"column":23},"end":{"line":138,"column":40}},"33":{"start":{"line":140,"column":23},"end":{"line":140,"column":41}}},"fnMap":{"0":{"name":"(anonymous_0)","decl":{"start":{"line":18,"column":2},"end":{"line":18,"column":3}},"loc":{"start":{"line":18,"column":62},"end":{"line":26,"column":3}},"line":18},"1":{"name":"(anonymous_1)","decl":{"start":{"line":28,"column":2},"end":{"line":28,"column":3}},"loc":{"start":{"line":28,"column":27},"end":{"line":35,"column":3}},"line":28},"2":{"name":"(anonymous_2)","decl":{"start":{"line":37,"column":2},"end":{"line":37,"column":3}},"loc":{"start":{"line":37,"column":28},"end":{"line":44,"column":3}},"line":37},"3":{"name":"(anonymous_3)","decl":{"start":{"line":52,"column":2},"end":{"line":52,"column":3}},"loc":{"start":{"line":52,"column":29},"end":{"line":54,"column":3}},"line":52},"4":{"name":"(anonymous_4)","decl":{"start":{"line":62,"column":2},"end":{"line":62,"column":3}},"loc":{"start":{"line":62,"column":37},"end":{"line":64,"column":3}},"line":62},"5":{"name":"(anonymous_5)","decl":{"start":{"line":75,"column":2},"end":{"line":75,"column":3}},"loc":{"start":{"line":75,"column":59},"end":{"line":77,"column":3}},"line":75},"6":{"name":"(anonymous_6)","decl":{"start":{"line":88,"column":2},"end":{"line":88,"column":3}},"loc":{"start":{"line":88,"column":67},"end":{"line":90,"column":3}},"line":88},"7":{"name":"(anonymous_7)","decl":{"start":{"line":107,"column":2},"end":{"line":107,"column":3}},"loc":{"start":{"line":107,"column":39},"end":{"line":117,"column":3}},"line":107},"8":{"name":"(anonymous_8)","decl":{"start":{"line":126,"column":2},"end":{"line":126,"column":3}},"loc":{"start":{"line":126,"column":40},"end":{"line":136,"column":3}},"line":126}},"branchMap":{"0":{"loc":{"start":{"line":19,"column":4},"end":{"line":21,"column":5}},"type":"if","locations":[{"start":{"line":19,"column":4},"end":{"line":21,"column":5}},{"start":{},"end":{}}],"line":19},"1":{"loc":{"start":{"line":23,"column":4},"end":{"line":25,"column":5}},"type":"if","locations":[{"start":{"line":23,"column":4},"end":{"line":25,"column":5}},{"start":{},"end":{}}],"line":23},"2":{"loc":{"start":{"line":30,"column":4},"end":{"line":32,"column":5}},"type":"if","locations":[{"start":{"line":30,"column":4},"end":{"line":32,"column":5}},{"start":{},"end":{}}],"line":30},"3":{"loc":{"start":{"line":39,"column":4},"end":{"line":41,"column":5}},"type":"if","locations":[{"start":{"line":39,"column":4},"end":{"line":41,"column":5}},{"start":{},"end":{}}],"line":39},"4":{"loc":{"start":{"line":75,"column":37},"end":{"line":75,"column":57}},"type":"default-arg","locations":[{"start":{"line":75,"column":54},"end":{"line":75,"column":57}}],"line":75},"5":{"loc":{"start":{"line":88,"column":45},"end":{"line":88,"column":65}},"type":"default-arg","locations":[{"start":{"line":88,"column":62},"end":{"line":88,"column":65}}],"line":88},"6":{"loc":{"start":{"line":108,"column":4},"end":{"line":110,"column":5}},"type":"if","locations":[{"start":{"line":108,"column":4},"end":{"line":110,"column":5}},{"start":{},"end":{}}],"line":108},"7":{"loc":{"start":{"line":112,"column":4},"end":{"line":114,"column":5}},"type":"if","locations":[{"start":{"line":112,"column":4},"end":{"line":114,"column":5}},{"start":{},"end":{}}],"line":112},"8":{"loc":{"start":{"line":127,"column":4},"end":{"line":129,"column":5}},"type":"if","locations":[{"start":{"line":127,"column":4},"end":{"line":129,"column":5}},{"start":{},"end":{}}],"line":127},"9":{"loc":{"start":{"line":131,"column":4},"end":{"line":133,"column":5}},"type":"if","locations":[{"start":{"line":131,"column":4},"end":{"line":133,"column":5}},{"start":{},"end":{}}],"line":131}},"s":{"0":2,"1":2,"2":2,"3":2,"4":2,"5":2,"6":3,"7":3,"8":0,"9":3,"10":3,"11":3,"12":0,"13":3,"14":2,"15":2,"16":1,"17":1,"18":2,"19":2,"20":2,"21":2,"22":2,"23":1,"24":1,"25":0,"26":1,"27":2,"28":0,"29":2,"30":1,"31":1,"32":2,"33":2},"f":{"0":2,"1":3,"2":3,"3":2,"4":2,"5":1,"6":1,"7":2,"8":2},"b":{"0":[2,0],"1":[2,0],"2":[0,3],"3":[0,3],"4":[1],"5":[1],"6":[1,1],"7":[0,1],"8":[0,2],"9":[1,1]},"_coverageSchema":"1a1c01bbd47fc00a2c39e90264f33305004495a9","hash":"4563ed57b65fbbd946e73507f4cd46a326cd238d"}
,"/Users/eslam/ReactNative/react-native-common-components/src/utils/StatusBarHeight.ts": {"path":"/Users/eslam/ReactNative/react-native-common-components/src/utils/StatusBarHeight.ts","statementMap":{"0":{"start":{"line":4,"column":41},"end":{"line":4,"column":43}},"1":{"start":{"line":5,"column":35},"end":{"line":5,"column":37}},"2":{"start":{"line":6,"column":38},"end":{"line":6,"column":40}},"3":{"start":{"line":7,"column":41},"end":{"line":7,"column":43}},"4":{"start":{"line":8,"column":41},"end":{"line":8,"column":43}},"5":{"start":{"line":9,"column":41},"end":{"line":9,"column":43}},"6":{"start":{"line":10,"column":41},"end":{"line":10,"column":43}},"7":{"start":{"line":12,"column":24},"end":{"line":12,"column":27}},"8":{"start":{"line":13,"column":25},"end":{"line":13,"column":28}},"9":{"start":{"line":15,"column":28},"end":{"line":15,"column":31}},"10":{"start":{"line":16,"column":29},"end":{"line":16,"column":32}},"11":{"start":{"line":18,"column":27},"end":{"line":18,"column":30}},"12":{"start":{"line":19,"column":28},"end":{"line":19,"column":31}},"13":{"start":{"line":21,"column":30},"end":{"line":21,"column":33}},"14":{"start":{"line":22,"column":31},"end":{"line":22,"column":34}},"15":{"start":{"line":24,"column":30},"end":{"line":24,"column":33}},"16":{"start":{"line":25,"column":31},"end":{"line":25,"column":34}},"17":{"start":{"line":27,"column":30},"end":{"line":27,"column":33}},"18":{"start":{"line":28,"column":31},"end":{"line":28,"column":34}},"19":{"start":{"line":30,"column":30},"end":{"line":30,"column":33}},"20":{"start":{"line":31,"column":31},"end":{"line":31,"column":34}},"21":{"start":{"line":33,"column":45},"end":{"line":33,"column":69}},"22":{"start":{"line":35,"column":30},"end":{"line":35,"column":54}},"23":{"start":{"line":36,"column":27},"end":{"line":36,"column":32}},"24":{"start":{"line":37,"column":30},"end":{"line":37,"column":35}},"25":{"start":{"line":38,"column":28},"end":{"line":38,"column":33}},"26":{"start":{"line":39,"column":31},"end":{"line":39,"column":36}},"27":{"start":{"line":40,"column":31},"end":{"line":40,"column":36}},"28":{"start":{"line":41,"column":31},"end":{"line":41,"column":36}},"29":{"start":{"line":42,"column":31},"end":{"line":42,"column":36}},"30":{"start":{"line":43,"column":38},"end":{"line":43,"column":43}},"31":{"start":{"line":45,"column":0},"end":{"line":75,"column":1}},"32":{"start":{"line":46,"column":2},"end":{"line":74,"column":3}},"33":{"start":{"line":47,"column":4},"end":{"line":47,"column":34}},"34":{"start":{"line":48,"column":4},"end":{"line":48,"column":23}},"35":{"start":{"line":49,"column":4},"end":{"line":49,"column":41}},"36":{"start":{"line":50,"column":9},"end":{"line":74,"column":3}},"37":{"start":{"line":51,"column":4},"end":{"line":51,"column":34}},"38":{"start":{"line":52,"column":4},"end":{"line":52,"column":26}},"39":{"start":{"line":53,"column":4},"end":{"line":53,"column":41}},"40":{"start":{"line":54,"column":9},"end":{"line":74,"column":3}},"41":{"start":{"line":55,"column":4},"end":{"line":55,"column":34}},"42":{"start":{"line":56,"column":4},"end":{"line":56,"column":24}},"43":{"start":{"line":57,"column":4},"end":{"line":57,"column":44}},"44":{"start":{"line":58,"column":9},"end":{"line":74,"column":3}},"45":{"start":{"line":59,"column":4},"end":{"line":59,"column":34}},"46":{"start":{"line":60,"column":4},"end":{"line":60,"column":27}},"47":{"start":{"line":61,"column":4},"end":{"line":61,"column":47}},"48":{"start":{"line":62,"column":9},"end":{"line":74,"column":3}},"49":{"start":{"line":63,"column":4},"end":{"line":63,"column":34}},"50":{"start":{"line":64,"column":4},"end":{"line":64,"column":27}},"51":{"start":{"line":65,"column":4},"end":{"line":65,"column":47}},"52":{"start":{"line":66,"column":9},"end":{"line":74,"column":3}},"53":{"start":{"line":67,"column":4},"end":{"line":67,"column":34}},"54":{"start":{"line":68,"column":4},"end":{"line":68,"column":27}},"55":{"start":{"line":69,"column":4},"end":{"line":69,"column":47}},"56":{"start":{"line":70,"column":9},"end":{"line":74,"column":3}},"57":{"start":{"line":71,"column":4},"end":{"line":71,"column":34}},"58":{"start":{"line":72,"column":4},"end":{"line":72,"column":27}},"59":{"start":{"line":73,"column":4},"end":{"line":73,"column":47}},"60":{"start":{"line":77,"column":25},"end":{"line":77,"column":51}},"61":{"start":{"line":77,"column":40},"end":{"line":77,"column":51}},"62":{"start":{"line":78,"column":28},"end":{"line":78,"column":57}},"63":{"start":{"line":78,"column":43},"end":{"line":78,"column":57}},"64":{"start":{"line":79,"column":26},"end":{"line":79,"column":53}},"65":{"start":{"line":79,"column":41},"end":{"line":79,"column":53}},"66":{"start":{"line":80,"column":29},"end":{"line":80,"column":59}},"67":{"start":{"line":80,"column":44},"end":{"line":80,"column":59}},"68":{"start":{"line":81,"column":29},"end":{"line":81,"column":59}},"69":{"start":{"line":81,"column":44},"end":{"line":81,"column":59}},"70":{"start":{"line":82,"column":29},"end":{"line":82,"column":59}},"71":{"start":{"line":82,"column":44},"end":{"line":82,"column":59}},"72":{"start":{"line":83,"column":29},"end":{"line":83,"column":59}},"73":{"start":{"line":83,"column":44},"end":{"line":83,"column":59}},"74":{"start":{"line":84,"column":36},"end":{"line":84,"column":73}},"75":{"start":{"line":84,"column":51},"end":{"line":84,"column":73}},"76":{"start":{"line":86,"column":34},"end":{"line":97,"column":1}},"77":{"start":{"line":87,"column":2},"end":{"line":89,"column":3}},"78":{"start":{"line":88,"column":4},"end":{"line":88,"column":27}},"79":{"start":{"line":91,"column":2},"end":{"line":94,"column":3}},"80":{"start":{"line":92,"column":26},"end":{"line":92,"column":55}},"81":{"start":{"line":93,"column":4},"end":{"line":93,"column":43}},"82":{"start":{"line":96,"column":2},"end":{"line":96,"column":11}}},"fnMap":{"0":{"name":"(anonymous_0)","decl":{"start":{"line":77,"column":25},"end":{"line":77,"column":26}},"loc":{"start":{"line":77,"column":40},"end":{"line":77,"column":51}},"line":77},"1":{"name":"(anonymous_1)","decl":{"start":{"line":78,"column":28},"end":{"line":78,"column":29}},"loc":{"start":{"line":78,"column":43},"end":{"line":78,"column":57}},"line":78},"2":{"name":"(anonymous_2)","decl":{"start":{"line":79,"column":26},"end":{"line":79,"column":27}},"loc":{"start":{"line":79,"column":41},"end":{"line":79,"column":53}},"line":79},"3":{"name":"(anonymous_3)","decl":{"start":{"line":80,"column":29},"end":{"line":80,"column":30}},"loc":{"start":{"line":80,"column":44},"end":{"line":80,"column":59}},"line":80},"4":{"name":"(anonymous_4)","decl":{"start":{"line":81,"column":29},"end":{"line":81,"column":30}},"loc":{"start":{"line":81,"column":44},"end":{"line":81,"column":59}},"line":81},"5":{"name":"(anonymous_5)","decl":{"start":{"line":82,"column":29},"end":{"line":82,"column":30}},"loc":{"start":{"line":82,"column":44},"end":{"line":82,"column":59}},"line":82},"6":{"name":"(anonymous_6)","decl":{"start":{"line":83,"column":29},"end":{"line":83,"column":30}},"loc":{"start":{"line":83,"column":44},"end":{"line":83,"column":59}},"line":83},"7":{"name":"(anonymous_7)","decl":{"start":{"line":84,"column":36},"end":{"line":84,"column":37}},"loc":{"start":{"line":84,"column":51},"end":{"line":84,"column":73}},"line":84},"8":{"name":"(anonymous_8)","decl":{"start":{"line":86,"column":34},"end":{"line":86,"column":35}},"loc":{"start":{"line":86,"column":69},"end":{"line":97,"column":1}},"line":86}},"branchMap":{"0":{"loc":{"start":{"line":45,"column":0},"end":{"line":75,"column":1}},"type":"if","locations":[{"start":{"line":45,"column":0},"end":{"line":75,"column":1}},{"start":{},"end":{}}],"line":45},"1":{"loc":{"start":{"line":45,"column":4},"end":{"line":45,"column":62}},"type":"binary-expr","locations":[{"start":{"line":45,"column":4},"end":{"line":45,"column":25}},{"start":{"line":45,"column":29},"end":{"line":45,"column":44}},{"start":{"line":45,"column":48},"end":{"line":45,"column":62}}],"line":45},"2":{"loc":{"start":{"line":46,"column":2},"end":{"line":74,"column":3}},"type":"if","locations":[{"start":{"line":46,"column":2},"end":{"line":74,"column":3}},{"start":{"line":50,"column":9},"end":{"line":74,"column":3}}],"line":46},"3":{"loc":{"start":{"line":46,"column":6},"end":{"line":46,"column":50}},"type":"binary-expr","locations":[{"start":{"line":46,"column":6},"end":{"line":46,"column":25}},{"start":{"line":46,"column":29},"end":{"line":46,"column":50}}],"line":46},"4":{"loc":{"start":{"line":50,"column":9},"end":{"line":74,"column":3}},"type":"if","locations":[{"start":{"line":50,"column":9},"end":{"line":74,"column":3}},{"start":{"line":54,"column":9},"end":{"line":74,"column":3}}],"line":50},"5":{"loc":{"start":{"line":50,"column":13},"end":{"line":50,"column":65}},"type":"binary-expr","locations":[{"start":{"line":50,"column":13},"end":{"line":50,"column":36}},{"start":{"line":50,"column":40},"end":{"line":50,"column":65}}],"line":50},"6":{"loc":{"start":{"line":54,"column":9},"end":{"line":74,"column":3}},"type":"if","locations":[{"start":{"line":54,"column":9},"end":{"line":74,"column":3}},{"start":{"line":58,"column":9},"end":{"line":74,"column":3}}],"line":54},"7":{"loc":{"start":{"line":54,"column":13},"end":{"line":54,"column":63}},"type":"binary-expr","locations":[{"start":{"line":54,"column":13},"end":{"line":54,"column":35}},{"start":{"line":54,"column":39},"end":{"line":54,"column":63}}],"line":54},"8":{"loc":{"start":{"line":58,"column":9},"end":{"line":74,"column":3}},"type":"if","locations":[{"start":{"line":58,"column":9},"end":{"line":74,"column":3}},{"start":{"line":62,"column":9},"end":{"line":74,"column":3}}],"line":58},"9":{"loc":{"start":{"line":58,"column":13},"end":{"line":58,"column":69}},"type":"binary-expr","locations":[{"start":{"line":58,"column":13},"end":{"line":58,"column":38}},{"start":{"line":58,"column":42},"end":{"line":58,"column":69}}],"line":58},"10":{"loc":{"start":{"line":62,"column":9},"end":{"line":74,"column":3}},"type":"if","locations":[{"start":{"line":62,"column":9},"end":{"line":74,"column":3}},{"start":{"line":66,"column":9},"end":{"line":74,"column":3}}],"line":62},"11":{"loc":{"start":{"line":62,"column":13},"end":{"line":62,"column":69}},"type":"binary-expr","locations":[{"start":{"line":62,"column":13},"end":{"line":62,"column":38}},{"start":{"line":62,"column":42},"end":{"line":62,"column":69}}],"line":62},"12":{"loc":{"start":{"line":66,"column":9},"end":{"line":74,"column":3}},"type":"if","locations":[{"start":{"line":66,"column":9},"end":{"line":74,"column":3}},{"start":{"line":70,"column":9},"end":{"line":74,"column":3}}],"line":66},"13":{"loc":{"start":{"line":66,"column":13},"end":{"line":66,"column":69}},"type":"binary-expr","locations":[{"start":{"line":66,"column":13},"end":{"line":66,"column":38}},{"start":{"line":66,"column":42},"end":{"line":66,"column":69}}],"line":66},"14":{"loc":{"start":{"line":70,"column":9},"end":{"line":74,"column":3}},"type":"if","locations":[{"start":{"line":70,"column":9},"end":{"line":74,"column":3}},{"start":{},"end":{}}],"line":70},"15":{"loc":{"start":{"line":70,"column":13},"end":{"line":70,"column":69}},"type":"binary-expr","locations":[{"start":{"line":70,"column":13},"end":{"line":70,"column":38}},{"start":{"line":70,"column":42},"end":{"line":70,"column":69}}],"line":70},"16":{"loc":{"start":{"line":87,"column":2},"end":{"line":89,"column":3}},"type":"if","locations":[{"start":{"line":87,"column":2},"end":{"line":89,"column":3}},{"start":{},"end":{}}],"line":87},"17":{"loc":{"start":{"line":91,"column":2},"end":{"line":94,"column":3}},"type":"if","locations":[{"start":{"line":91,"column":2},"end":{"line":94,"column":3}},{"start":{},"end":{}}],"line":91},"18":{"loc":{"start":{"line":92,"column":26},"end":{"line":92,"column":55}},"type":"binary-expr","locations":[{"start":{"line":92,"column":26},"end":{"line":92,"column":50}},{"start":{"line":92,"column":54},"end":{"line":92,"column":55}}],"line":92},"19":{"loc":{"start":{"line":93,"column":11},"end":{"line":93,"column":42}},"type":"cond-expr","locations":[{"start":{"line":93,"column":25},"end":{"line":93,"column":26}},{"start":{"line":93,"column":29},"end":{"line":93,"column":42}}],"line":93}},"s":{"0":8,"1":8,"2":8,"3":8,"4":8,"5":8,"6":8,"7":8,"8":8,"9":8,"10":8,"11":8,"12":8,"13":8,"14":8,"15":8,"16":8,"17":8,"18":8,"19":8,"20":8,"21":8,"22":8,"23":8,"24":8,"25":8,"26":8,"27":8,"28":8,"29":8,"30":8,"31":8,"32":7,"33":1,"34":1,"35":1,"36":6,"37":1,"38":1,"39":1,"40":5,"41":1,"42":1,"43":1,"44":4,"45":1,"46":1,"47":1,"48":3,"49":1,"50":1,"51":1,"52":2,"53":1,"54":1,"55":1,"56":1,"57":1,"58":1,"59":1,"60":8,"61":1,"62":8,"63":1,"64":8,"65":1,"66":8,"67":1,"68":8,"69":1,"70":8,"71":1,"72":8,"73":1,"74":8,"75":2,"76":8,"77":9,"78":7,"79":2,"80":2,"81":2,"82":0},"f":{"0":1,"1":1,"2":1,"3":1,"4":1,"5":1,"6":1,"7":2,"8":9},"b":{"0":[7,1],"1":[8,7,7],"2":[1,6],"3":[7,1],"4":[1,5],"5":[6,1],"6":[1,4],"7":[5,1],"8":[1,3],"9":[4,1],"10":[1,2],"11":[3,1],"12":[1,1],"13":[2,1],"14":[1,0],"15":[1,1],"16":[7,2],"17":[2,0],"18":[2,0],"19":[1,1]},"_coverageSchema":"1a1c01bbd47fc00a2c39e90264f33305004495a9","hash":"adb8b7ec6b1eee2886af8dde5354ff3a85d3bbce"}
,"/Users/eslam/ReactNative/react-native-common-components/src/utils/StringUtils.ts": {"path":"/Users/eslam/ReactNative/react-native-common-components/src/utils/StringUtils.ts","statementMap":{"0":{"start":{"line":8,"column":34},"end":{"line":9,"column":75}},"1":{"start":{"line":9,"column":2},"end":{"line":9,"column":75}}},"fnMap":{"0":{"name":"(anonymous_0)","decl":{"start":{"line":8,"column":34},"end":{"line":8,"column":35}},"loc":{"start":{"line":9,"column":2},"end":{"line":9,"column":75}},"line":9}},"branchMap":{"0":{"loc":{"start":{"line":8,"column":51},"end":{"line":8,"column":70}},"type":"default-arg","locations":[{"start":{"line":8,"column":68},"end":{"line":8,"column":70}}],"line":8},"1":{"loc":{"start":{"line":9,"column":2},"end":{"line":9,"column":75}},"type":"cond-expr","locations":[{"start":{"line":9,"column":27},"end":{"line":9,"column":66}},{"start":{"line":9,"column":69},"end":{"line":9,"column":75}}],"line":9}},"s":{"0":6,"1":36},"f":{"0":36},"b":{"0":[10],"1":[17,19]},"_coverageSchema":"1a1c01bbd47fc00a2c39e90264f33305004495a9","hash":"274c4ff4d53219dfad44e6c576f92b45b7436b34"}
,"/Users/eslam/ReactNative/react-native-common-components/src/utils/ValidationUtils.ts": {"path":"/Users/eslam/ReactNative/react-native-common-components/src/utils/ValidationUtils.ts","statementMap":{"0":{"start":{"line":6,"column":26},"end":{"line":6,"column":41}},"1":{"start":{"line":13,"column":30},"end":{"line":13,"column":61}},"2":{"start":{"line":21,"column":2},"end":{"line":21,"column":78}},"3":{"start":{"line":29,"column":2},"end":{"line":29,"column":57}},"4":{"start":{"line":43,"column":2},"end":{"line":43,"column":66}}},"fnMap":{},"branchMap":{},"s":{"0":3,"1":3,"2":3,"3":3,"4":3},"f":{},"b":{},"_coverageSchema":"1a1c01bbd47fc00a2c39e90264f33305004495a9","hash":"b3d733d68af8583964fac50c3fb428842dc055c7"}
,"/Users/eslam/ReactNative/react-native-common-components/src/utils/index.ts": {"path":"/Users/eslam/ReactNative/react-native-common-components/src/utils/index.ts","statementMap":{},"fnMap":{},"branchMap":{},"s":{},"f":{},"b":{},"_coverageSchema":"1a1c01bbd47fc00a2c39e90264f33305004495a9","hash":"3feffec678b7aef6cfe67e91a77f2ad167c63ec2"}
}
