{"/Users/eslam/ReactNative/react-native-common-components/src/NativeReactNativeCommonComponents.ts": {"path":"/Users/eslam/ReactNative/react-native-common-components/src/NativeReactNativeCommonComponents.ts","statementMap":{},"fnMap":{},"branchMap":{},"s":{},"f":{},"b":{}}
,"/Users/eslam/ReactNative/react-native-common-components/src/components/index.ts": {"path":"/Users/eslam/ReactNative/react-native-common-components/src/components/index.ts","statementMap":{},"fnMap":{},"branchMap":{},"s":{},"f":{},"b":{}}
,"/Users/eslam/ReactNative/react-native-common-components/src/components/Accordion/Accordion.styles.ts": {"path":"/Users/eslam/ReactNative/react-native-common-components/src/components/Accordion/Accordion.styles.ts","statementMap":{"0":{"start":{"line":7,"column":15},"end":{"line":21,"column":2}}},"fnMap":{},"branchMap":{},"s":{"0":0},"f":{},"b":{}}
,"/Users/eslam/ReactNative/react-native-common-components/src/components/Accordion/Accordion.tsx": {"path":"/Users/eslam/ReactNative/react-native-common-components/src/components/Accordion/Accordion.tsx","statementMap":{"0":{"start":{"line":14,"column":22},"end":{"line":131,"column":1}},"1":{"start":{"line":23,"column":8},"end":{"line":23,"column":13}},"2":{"start":{"line":30,"column":8},"end":{"line":30,"column":29}},"3":{"start":{"line":32,"column":21},"end":{"line":32,"column":63}},"4":{"start":{"line":33,"column":27},"end":{"line":33,"column":76}},"5":{"start":{"line":36,"column":6},"end":{"line":36,"column":57}},"6":{"start":{"line":38,"column":23},"end":{"line":38,"column":68}},"7":{"start":{"line":39,"column":19},"end":{"line":39,"column":60}},"8":{"start":{"line":40,"column":40},"end":{"line":40,"column":61}},"9":{"start":{"line":41,"column":48},"end":{"line":41,"column":65}},"10":{"start":{"line":42,"column":19},"end":{"line":42,"column":36}},"11":{"start":{"line":43,"column":21},"end":{"line":43,"column":38}},"12":{"start":{"line":45,"column":26},"end":{"line":79,"column":6}},"13":{"start":{"line":46,"column":6},"end":{"line":46,"column":33}},"14":{"start":{"line":48,"column":6},"end":{"line":68,"column":7}},"15":{"start":{"line":49,"column":8},"end":{"line":52,"column":11}},"16":{"start":{"line":54,"column":8},"end":{"line":57,"column":11}},"17":{"start":{"line":59,"column":8},"end":{"line":62,"column":11}},"18":{"start":{"line":64,"column":8},"end":{"line":67,"column":11}},"19":{"start":{"line":70,"column":6},"end":{"line":70,"column":22}},"20":{"start":{"line":81,"column":21},"end":{"line":88,"column":5}},"21":{"start":{"line":83,"column":8},"end":{"line":85,"column":9}},"22":{"start":{"line":84,"column":10},"end":{"line":84,"column":61}},"23":{"start":{"line":90,"column":32},"end":{"line":93,"column":7}},"24":{"start":{"line":90,"column":56},"end":{"line":93,"column":5}},"25":{"start":{"line":95,"column":31},"end":{"line":97,"column":7}},"26":{"start":{"line":95,"column":55},"end":{"line":97,"column":5}},"27":{"start":{"line":99,"column":4},"end":{"line":129,"column":6}},"28":{"start":{"line":133,"column":18},"end":{"line":143,"column":1}},"29":{"start":{"line":135,"column":4},"end":{"line":141,"column":5}},"30":{"start":{"line":136,"column":6},"end":{"line":136,"column":41}},"31":{"start":{"line":137,"column":6},"end":{"line":137,"column":42}},"32":{"start":{"line":139,"column":6},"end":{"line":139,"column":70}},"33":{"start":{"line":140,"column":6},"end":{"line":140,"column":18}}},"fnMap":{"0":{"name":"(anonymous_0)","decl":{"start":{"line":15,"column":2},"end":{"line":15,"column":3}},"loc":{"start":{"line":15,"column":49},"end":{"line":130,"column":3}},"line":15},"1":{"name":"(anonymous_1)","decl":{"start":{"line":45,"column":44},"end":{"line":45,"column":45}},"loc":{"start":{"line":45,"column":50},"end":{"line":71,"column":5}},"line":45},"2":{"name":"(anonymous_2)","decl":{"start":{"line":82,"column":6},"end":{"line":82,"column":7}},"loc":{"start":{"line":82,"column":36},"end":{"line":86,"column":7}},"line":82},"3":{"name":"(anonymous_3)","decl":{"start":{"line":90,"column":49},"end":{"line":90,"column":50}},"loc":{"start":{"line":90,"column":56},"end":{"line":93,"column":5}},"line":90},"4":{"name":"(anonymous_4)","decl":{"start":{"line":95,"column":48},"end":{"line":95,"column":49}},"loc":{"start":{"line":95,"column":55},"end":{"line":97,"column":5}},"line":95},"5":{"name":"(anonymous_5)","decl":{"start":{"line":134,"column":2},"end":{"line":134,"column":3}},"loc":{"start":{"line":134,"column":56},"end":{"line":142,"column":3}},"line":134}},"branchMap":{"0":{"loc":{"start":{"line":30,"column":8},"end":{"line":30,"column":29}},"type":"binary-expr","locations":[{"start":{"line":30,"column":8},"end":{"line":30,"column":23}},{"start":{"line":30,"column":27},"end":{"line":30,"column":29}}],"line":30},"1":{"loc":{"start":{"line":48,"column":6},"end":{"line":68,"column":7}},"type":"if","locations":[{"start":{"line":48,"column":6},"end":{"line":68,"column":7}},{"start":{"line":58,"column":13},"end":{"line":68,"column":7}}],"line":48},"2":{"loc":{"start":{"line":83,"column":8},"end":{"line":85,"column":9}},"type":"if","locations":[{"start":{"line":83,"column":8},"end":{"line":85,"column":9}},{"start":{},"end":{}}],"line":83},"3":{"loc":{"start":{"line":112,"column":24},"end":{"line":112,"column":50}},"type":"binary-expr","locations":[{"start":{"line":112,"column":24},"end":{"line":112,"column":32}},{"start":{"line":112,"column":36},"end":{"line":112,"column":50}}],"line":112},"4":{"loc":{"start":{"line":114,"column":16},"end":{"line":115,"column":76}},"type":"binary-expr","locations":[{"start":{"line":114,"column":16},"end":{"line":114,"column":21}},{"start":{"line":115,"column":17},"end":{"line":115,"column":75}}],"line":114},"5":{"loc":{"start":{"line":115,"column":17},"end":{"line":115,"column":75}},"type":"cond-expr","locations":[{"start":{"line":115,"column":30},"end":{"line":115,"column":55}},{"start":{"line":115,"column":58},"end":{"line":115,"column":75}}],"line":115}},"s":{"0":0,"1":0,"2":0,"3":0,"4":0,"5":0,"6":0,"7":0,"8":0,"9":0,"10":0,"11":0,"12":0,"13":0,"14":0,"15":0,"16":0,"17":0,"18":0,"19":0,"20":0,"21":0,"22":0,"23":0,"24":0,"25":0,"26":0,"27":0,"28":0,"29":0,"30":0,"31":0,"32":0,"33":0},"f":{"0":0,"1":0,"2":0,"3":0,"4":0,"5":0},"b":{"0":[0,0],"1":[0,0],"2":[0,0],"3":[0,0],"4":[0,0],"5":[0,0]}}
,"/Users/eslam/ReactNative/react-native-common-components/src/components/Accordion/index.ts": {"path":"/Users/eslam/ReactNative/react-native-common-components/src/components/Accordion/index.ts","statementMap":{},"fnMap":{},"branchMap":{},"s":{},"f":{},"b":{}}
,"/Users/eslam/ReactNative/react-native-common-components/src/components/AlertDialog/AlertDialog.styles.ts": {"path":"/Users/eslam/ReactNative/react-native-common-components/src/components/AlertDialog/AlertDialog.styles.ts","statementMap":{"0":{"start":{"line":7,"column":15},"end":{"line":23,"column":2}}},"fnMap":{},"branchMap":{},"s":{"0":0},"f":{},"b":{}}
,"/Users/eslam/ReactNative/react-native-common-components/src/components/AlertDialog/AlertDialog.tsx": {"path":"/Users/eslam/ReactNative/react-native-common-components/src/components/AlertDialog/AlertDialog.tsx","statementMap":{"0":{"start":{"line":15,"column":20},"end":{"line":85,"column":2}},"1":{"start":{"line":24,"column":6},"end":{"line":24,"column":11}},"2":{"start":{"line":26,"column":49},"end":{"line":26,"column":66}},"3":{"start":{"line":27,"column":62},"end":{"line":27,"column":78}},"4":{"start":{"line":29,"column":2},"end":{"line":84,"column":4}},"5":{"start":{"line":49,"column":10},"end":{"line":78,"column":11}},"6":{"start":{"line":54,"column":16},"end":{"line":54,"column":40}},"7":{"start":{"line":57,"column":14},"end":{"line":57,"column":35}},"8":{"start":{"line":59,"column":12},"end":{"line":77,"column":14}},"9":{"start":{"line":80,"column":10},"end":{"line":80,"column":22}}},"fnMap":{"0":{"name":"(anonymous_0)","decl":{"start":{"line":15,"column":31},"end":{"line":15,"column":32}},"loc":{"start":{"line":15,"column":78},"end":{"line":85,"column":1}},"line":15},"1":{"name":"(anonymous_1)","decl":{"start":{"line":48,"column":22},"end":{"line":48,"column":23}},"loc":{"start":{"line":48,"column":34},"end":{"line":81,"column":9}},"line":48}},"branchMap":{"0":{"loc":{"start":{"line":26,"column":49},"end":{"line":26,"column":66}},"type":"binary-expr","locations":[{"start":{"line":26,"column":49},"end":{"line":26,"column":60}},{"start":{"line":26,"column":64},"end":{"line":26,"column":66}}],"line":26},"1":{"loc":{"start":{"line":27,"column":62},"end":{"line":27,"column":78}},"type":"binary-expr","locations":[{"start":{"line":27,"column":62},"end":{"line":27,"column":72}},{"start":{"line":27,"column":76},"end":{"line":27,"column":78}}],"line":27},"2":{"loc":{"start":{"line":34,"column":7},"end":{"line":38,"column":7}},"type":"binary-expr","locations":[{"start":{"line":34,"column":7},"end":{"line":34,"column":21}},{"start":{"line":35,"column":8},"end":{"line":37,"column":15}}],"line":34},"3":{"loc":{"start":{"line":35,"column":20},"end":{"line":35,"column":39}},"type":"binary-expr","locations":[{"start":{"line":35,"column":20},"end":{"line":35,"column":29}},{"start":{"line":35,"column":33},"end":{"line":35,"column":39}}],"line":35},"4":{"loc":{"start":{"line":35,"column":47},"end":{"line":35,"column":62}},"type":"binary-expr","locations":[{"start":{"line":35,"column":47},"end":{"line":35,"column":56}},{"start":{"line":35,"column":60},"end":{"line":35,"column":62}}],"line":35},"5":{"loc":{"start":{"line":39,"column":7},"end":{"line":39,"column":75}},"type":"binary-expr","locations":[{"start":{"line":39,"column":7},"end":{"line":39,"column":23}},{"start":{"line":39,"column":27},"end":{"line":39,"column":75}}],"line":39},"6":{"loc":{"start":{"line":39,"column":38},"end":{"line":39,"column":56}},"type":"binary-expr","locations":[{"start":{"line":39,"column":38},"end":{"line":39,"column":50}},{"start":{"line":39,"column":54},"end":{"line":39,"column":56}}],"line":39},"7":{"loc":{"start":{"line":43,"column":10},"end":{"line":45,"column":40}},"type":"cond-expr","locations":[{"start":{"line":44,"column":14},"end":{"line":44,"column":43}},{"start":{"line":45,"column":14},"end":{"line":45,"column":40}}],"line":43},"8":{"loc":{"start":{"line":43,"column":11},"end":{"line":43,"column":31}},"type":"binary-expr","locations":[{"start":{"line":43,"column":11},"end":{"line":43,"column":26}},{"start":{"line":43,"column":30},"end":{"line":43,"column":31}}],"line":43},"9":{"loc":{"start":{"line":49,"column":10},"end":{"line":78,"column":11}},"type":"if","locations":[{"start":{"line":49,"column":10},"end":{"line":78,"column":11}},{"start":{},"end":{}}],"line":49},"10":{"loc":{"start":{"line":54,"column":16},"end":{"line":54,"column":40}},"type":"binary-expr","locations":[{"start":{"line":54,"column":16},"end":{"line":54,"column":34}},{"start":{"line":54,"column":38},"end":{"line":54,"column":40}}],"line":54},"11":{"loc":{"start":{"line":57,"column":14},"end":{"line":57,"column":35}},"type":"binary-expr","locations":[{"start":{"line":57,"column":14},"end":{"line":57,"column":29}},{"start":{"line":57,"column":33},"end":{"line":57,"column":35}}],"line":57},"12":{"loc":{"start":{"line":64,"column":18},"end":{"line":64,"column":75}},"type":"cond-expr","locations":[{"start":{"line":64,"column":47},"end":{"line":64,"column":56}},{"start":{"line":64,"column":59},"end":{"line":64,"column":75}}],"line":64},"13":{"loc":{"start":{"line":64,"column":19},"end":{"line":64,"column":39}},"type":"binary-expr","locations":[{"start":{"line":64,"column":19},"end":{"line":64,"column":34}},{"start":{"line":64,"column":38},"end":{"line":64,"column":39}}],"line":64}},"s":{"0":0,"1":0,"2":0,"3":0,"4":0,"5":0,"6":0,"7":0,"8":0,"9":0},"f":{"0":0,"1":0},"b":{"0":[0,0],"1":[0,0],"2":[0,0],"3":[0,0],"4":[0,0],"5":[0,0],"6":[0,0],"7":[0,0],"8":[0,0],"9":[0,0],"10":[0,0],"11":[0,0],"12":[0,0],"13":[0,0]}}
,"/Users/eslam/ReactNative/react-native-common-components/src/components/AlertDialog/index.ts": {"path":"/Users/eslam/ReactNative/react-native-common-components/src/components/AlertDialog/index.ts","statementMap":{},"fnMap":{},"branchMap":{},"s":{},"f":{},"b":{}}
,"/Users/eslam/ReactNative/react-native-common-components/src/components/Button/Button.styles.ts": {"path":"/Users/eslam/ReactNative/react-native-common-components/src/components/Button/Button.styles.ts","statementMap":{"0":{"start":{"line":7,"column":15},"end":{"line":27,"column":2}}},"fnMap":{},"branchMap":{},"s":{"0":0},"f":{},"b":{}}
,"/Users/eslam/ReactNative/react-native-common-components/src/components/Button/Button.tsx": {"path":"/Users/eslam/ReactNative/react-native-common-components/src/components/Button/Button.tsx","statementMap":{"0":{"start":{"line":16,"column":15},"end":{"line":170,"column":2}},"1":{"start":{"line":42,"column":6},"end":{"line":42,"column":11}},"2":{"start":{"line":44,"column":46},"end":{"line":44,"column":61}},"3":{"start":{"line":46,"column":24},"end":{"line":46,"column":57}},"4":{"start":{"line":48,"column":40},"end":{"line":50,"column":3}},"5":{"start":{"line":53,"column":4},"end":{"line":55,"column":58}},"6":{"start":{"line":57,"column":33},"end":{"line":59,"column":15}},"7":{"start":{"line":61,"column":28},"end":{"line":63,"column":28}},"8":{"start":{"line":66,"column":4},"end":{"line":68,"column":79}},"9":{"start":{"line":70,"column":23},"end":{"line":70,"column":74}},"10":{"start":{"line":72,"column":33},"end":{"line":74,"column":3}},"11":{"start":{"line":76,"column":31},"end":{"line":78,"column":3}},"12":{"start":{"line":81,"column":4},"end":{"line":81,"column":78}},"13":{"start":{"line":84,"column":4},"end":{"line":84,"column":74}},"14":{"start":{"line":86,"column":24},"end":{"line":86,"column":55}},"15":{"start":{"line":98,"column":6},"end":{"line":98,"column":25}},"16":{"start":{"line":100,"column":24},"end":{"line":100,"column":62}},"17":{"start":{"line":102,"column":2},"end":{"line":169,"column":4}}},"fnMap":{"0":{"name":"(anonymous_0)","decl":{"start":{"line":16,"column":26},"end":{"line":16,"column":27}},"loc":{"start":{"line":16,"column":73},"end":{"line":170,"column":1}},"line":16}},"branchMap":{"0":{"loc":{"start":{"line":44,"column":46},"end":{"line":44,"column":61}},"type":"binary-expr","locations":[{"start":{"line":44,"column":46},"end":{"line":44,"column":55}},{"start":{"line":44,"column":59},"end":{"line":44,"column":61}}],"line":44},"1":{"loc":{"start":{"line":46,"column":35},"end":{"line":46,"column":55}},"type":"cond-expr","locations":[{"start":{"line":46,"column":46},"end":{"line":46,"column":49}},{"start":{"line":46,"column":52},"end":{"line":46,"column":55}}],"line":46},"2":{"loc":{"start":{"line":53,"column":4},"end":{"line":55,"column":58}},"type":"binary-expr","locations":[{"start":{"line":53,"column":4},"end":{"line":55,"column":34}},{"start":{"line":55,"column":38},"end":{"line":55,"column":58}}],"line":53},"3":{"loc":{"start":{"line":54,"column":6},"end":{"line":54,"column":44}},"type":"binary-expr","locations":[{"start":{"line":54,"column":6},"end":{"line":54,"column":11}},{"start":{"line":54,"column":15},"end":{"line":54,"column":44}}],"line":54},"4":{"loc":{"start":{"line":57,"column":33},"end":{"line":59,"column":15}},"type":"cond-expr","locations":[{"start":{"line":58,"column":6},"end":{"line":58,"column":15}},{"start":{"line":59,"column":6},"end":{"line":59,"column":15}}],"line":57},"5":{"loc":{"start":{"line":61,"column":28},"end":{"line":63,"column":28}},"type":"cond-expr","locations":[{"start":{"line":62,"column":6},"end":{"line":62,"column":28}},{"start":{"line":63,"column":6},"end":{"line":63,"column":28}}],"line":61},"6":{"loc":{"start":{"line":66,"column":4},"end":{"line":68,"column":79}},"type":"cond-expr","locations":[{"start":{"line":67,"column":8},"end":{"line":67,"column":25}},{"start":{"line":68,"column":9},"end":{"line":68,"column":78}}],"line":66},"7":{"loc":{"start":{"line":66,"column":4},"end":{"line":66,"column":48}},"type":"binary-expr","locations":[{"start":{"line":66,"column":4},"end":{"line":66,"column":21}},{"start":{"line":66,"column":25},"end":{"line":66,"column":48}}],"line":66},"8":{"loc":{"start":{"line":68,"column":9},"end":{"line":68,"column":78}},"type":"binary-expr","locations":[{"start":{"line":68,"column":9},"end":{"line":68,"column":57}},{"start":{"line":68,"column":61},"end":{"line":68,"column":78}}],"line":68},"9":{"loc":{"start":{"line":73,"column":4},"end":{"line":73,"column":35}},"type":"binary-expr","locations":[{"start":{"line":73,"column":4},"end":{"line":73,"column":17}},{"start":{"line":73,"column":21},"end":{"line":73,"column":29}},{"start":{"line":73,"column":33},"end":{"line":73,"column":35}}],"line":73},"10":{"loc":{"start":{"line":77,"column":4},"end":{"line":77,"column":33}},"type":"binary-expr","locations":[{"start":{"line":77,"column":4},"end":{"line":77,"column":15}},{"start":{"line":77,"column":19},"end":{"line":77,"column":27}},{"start":{"line":77,"column":31},"end":{"line":77,"column":33}}],"line":77},"11":{"loc":{"start":{"line":81,"column":4},"end":{"line":81,"column":78}},"type":"cond-expr","locations":[{"start":{"line":81,"column":36},"end":{"line":81,"column":45}},{"start":{"line":81,"column":49},"end":{"line":81,"column":77}}],"line":81},"12":{"loc":{"start":{"line":81,"column":4},"end":{"line":81,"column":33}},"type":"binary-expr","locations":[{"start":{"line":81,"column":4},"end":{"line":81,"column":19}},{"start":{"line":81,"column":23},"end":{"line":81,"column":33}}],"line":81},"13":{"loc":{"start":{"line":81,"column":49},"end":{"line":81,"column":77}},"type":"binary-expr","locations":[{"start":{"line":81,"column":49},"end":{"line":81,"column":63}},{"start":{"line":81,"column":67},"end":{"line":81,"column":77}}],"line":81},"14":{"loc":{"start":{"line":84,"column":4},"end":{"line":84,"column":74}},"type":"cond-expr","locations":[{"start":{"line":84,"column":34},"end":{"line":84,"column":43}},{"start":{"line":84,"column":47},"end":{"line":84,"column":73}}],"line":84},"15":{"loc":{"start":{"line":84,"column":4},"end":{"line":84,"column":31}},"type":"binary-expr","locations":[{"start":{"line":84,"column":4},"end":{"line":84,"column":17}},{"start":{"line":84,"column":21},"end":{"line":84,"column":31}}],"line":84},"16":{"loc":{"start":{"line":84,"column":47},"end":{"line":84,"column":73}},"type":"binary-expr","locations":[{"start":{"line":84,"column":47},"end":{"line":84,"column":59}},{"start":{"line":84,"column":63},"end":{"line":84,"column":73}}],"line":84},"17":{"loc":{"start":{"line":86,"column":43},"end":{"line":86,"column":54}},"type":"binary-expr","locations":[{"start":{"line":86,"column":43},"end":{"line":86,"column":48}},{"start":{"line":86,"column":52},"end":{"line":86,"column":54}}],"line":86},"18":{"loc":{"start":{"line":98,"column":6},"end":{"line":98,"column":25}},"type":"binary-expr","locations":[{"start":{"line":98,"column":6},"end":{"line":98,"column":19}},{"start":{"line":98,"column":23},"end":{"line":98,"column":25}}],"line":98},"19":{"loc":{"start":{"line":100,"column":25},"end":{"line":100,"column":43}},"type":"cond-expr","locations":[{"start":{"line":100,"column":38},"end":{"line":100,"column":39}},{"start":{"line":100,"column":42},"end":{"line":100,"column":43}}],"line":100},"20":{"loc":{"start":{"line":154,"column":18},"end":{"line":154,"column":32}},"type":"binary-expr","locations":[{"start":{"line":154,"column":18},"end":{"line":154,"column":22}},{"start":{"line":154,"column":26},"end":{"line":154,"column":32}}],"line":154}},"s":{"0":0,"1":0,"2":0,"3":0,"4":0,"5":0,"6":0,"7":0,"8":0,"9":0,"10":0,"11":0,"12":0,"13":0,"14":0,"15":0,"16":0,"17":0},"f":{"0":0},"b":{"0":[0,0],"1":[0,0],"2":[0,0],"3":[0,0],"4":[0,0],"5":[0,0],"6":[0,0],"7":[0,0],"8":[0,0],"9":[0,0,0],"10":[0,0,0],"11":[0,0],"12":[0,0],"13":[0,0],"14":[0,0],"15":[0,0],"16":[0,0],"17":[0,0],"18":[0,0],"19":[0,0],"20":[0,0]}}
,"/Users/eslam/ReactNative/react-native-common-components/src/components/Button/Icon.tsx": {"path":"/Users/eslam/ReactNative/react-native-common-components/src/components/Button/Icon.tsx","statementMap":{"0":{"start":{"line":12,"column":13},"end":{"line":57,"column":2}},"1":{"start":{"line":13,"column":51},"end":{"line":13,"column":56}},"2":{"start":{"line":14,"column":28},"end":{"line":14,"column":63}},"3":{"start":{"line":16,"column":21},"end":{"line":19,"column":4}},"4":{"start":{"line":21,"column":2},"end":{"line":23,"column":3}},"5":{"start":{"line":22,"column":4},"end":{"line":22,"column":76}},"6":{"start":{"line":25,"column":2},"end":{"line":36,"column":3}},"7":{"start":{"line":26,"column":4},"end":{"line":35,"column":5}},"8":{"start":{"line":27,"column":26},"end":{"line":27,"column":70}},"9":{"start":{"line":29,"column":6},"end":{"line":31,"column":8}},"10":{"start":{"line":33,"column":6},"end":{"line":33,"column":72}},"11":{"start":{"line":34,"column":6},"end":{"line":34,"column":18}},"12":{"start":{"line":38,"column":2},"end":{"line":54,"column":3}},"13":{"start":{"line":39,"column":4},"end":{"line":53,"column":5}},"14":{"start":{"line":41,"column":8},"end":{"line":41,"column":87}},"15":{"start":{"line":43,"column":6},"end":{"line":45,"column":8}},"16":{"start":{"line":47,"column":6},"end":{"line":50,"column":8}},"17":{"start":{"line":52,"column":6},"end":{"line":52,"column":18}},"18":{"start":{"line":56,"column":2},"end":{"line":56,"column":14}}},"fnMap":{"0":{"name":"(anonymous_0)","decl":{"start":{"line":12,"column":24},"end":{"line":12,"column":25}},"loc":{"start":{"line":12,"column":73},"end":{"line":57,"column":1}},"line":12}},"branchMap":{"0":{"loc":{"start":{"line":14,"column":28},"end":{"line":14,"column":63}},"type":"binary-expr","locations":[{"start":{"line":14,"column":28},"end":{"line":14,"column":32}},{"start":{"line":14,"column":36},"end":{"line":14,"column":63}}],"line":14},"1":{"loc":{"start":{"line":21,"column":2},"end":{"line":23,"column":3}},"type":"if","locations":[{"start":{"line":21,"column":2},"end":{"line":23,"column":3}},{"start":{},"end":{}}],"line":21},"2":{"loc":{"start":{"line":25,"column":2},"end":{"line":36,"column":3}},"type":"if","locations":[{"start":{"line":25,"column":2},"end":{"line":36,"column":3}},{"start":{},"end":{}}],"line":25},"3":{"loc":{"start":{"line":38,"column":2},"end":{"line":54,"column":3}},"type":"if","locations":[{"start":{"line":38,"column":2},"end":{"line":54,"column":3}},{"start":{},"end":{}}],"line":38}},"s":{"0":0,"1":0,"2":0,"3":0,"4":0,"5":0,"6":0,"7":0,"8":0,"9":0,"10":0,"11":0,"12":0,"13":0,"14":0,"15":0,"16":0,"17":0,"18":0},"f":{"0":0},"b":{"0":[0,0],"1":[0,0],"2":[0,0],"3":[0,0]}}
,"/Users/eslam/ReactNative/react-native-common-components/src/components/Button/index.ts": {"path":"/Users/eslam/ReactNative/react-native-common-components/src/components/Button/index.ts","statementMap":{},"fnMap":{},"branchMap":{},"s":{},"f":{},"b":{}}
,"/Users/eslam/ReactNative/react-native-common-components/src/components/CompoundButton/Checkbox.tsx": {"path":"/Users/eslam/ReactNative/react-native-common-components/src/components/CompoundButton/Checkbox.tsx","statementMap":{"0":{"start":{"line":18,"column":17},"end":{"line":104,"column":2}},"1":{"start":{"line":31,"column":6},"end":{"line":31,"column":11}},"2":{"start":{"line":33,"column":40},"end":{"line":33,"column":55}},"3":{"start":{"line":34,"column":32},"end":{"line":34,"column":68}},"4":{"start":{"line":35,"column":23},"end":{"line":35,"column":77}},"5":{"start":{"line":36,"column":24},"end":{"line":36,"column":55}},"6":{"start":{"line":48,"column":6},"end":{"line":48,"column":25}},"7":{"start":{"line":50,"column":24},"end":{"line":50,"column":62}},"8":{"start":{"line":52,"column":2},"end":{"line":103,"column":4}}},"fnMap":{"0":{"name":"(anonymous_0)","decl":{"start":{"line":18,"column":28},"end":{"line":18,"column":29}},"loc":{"start":{"line":18,"column":75},"end":{"line":104,"column":1}},"line":18}},"branchMap":{"0":{"loc":{"start":{"line":33,"column":40},"end":{"line":33,"column":55}},"type":"binary-expr","locations":[{"start":{"line":33,"column":40},"end":{"line":33,"column":49}},{"start":{"line":33,"column":53},"end":{"line":33,"column":55}}],"line":33},"1":{"loc":{"start":{"line":34,"column":32},"end":{"line":34,"column":68}},"type":"binary-expr","locations":[{"start":{"line":34,"column":32},"end":{"line":34,"column":44}},{"start":{"line":34,"column":48},"end":{"line":34,"column":68}}],"line":34},"2":{"loc":{"start":{"line":36,"column":43},"end":{"line":36,"column":54}},"type":"binary-expr","locations":[{"start":{"line":36,"column":43},"end":{"line":36,"column":48}},{"start":{"line":36,"column":52},"end":{"line":36,"column":54}}],"line":36},"3":{"loc":{"start":{"line":48,"column":6},"end":{"line":48,"column":25}},"type":"binary-expr","locations":[{"start":{"line":48,"column":6},"end":{"line":48,"column":19}},{"start":{"line":48,"column":23},"end":{"line":48,"column":25}}],"line":48},"4":{"loc":{"start":{"line":50,"column":25},"end":{"line":50,"column":43}},"type":"cond-expr","locations":[{"start":{"line":50,"column":38},"end":{"line":50,"column":39}},{"start":{"line":50,"column":42},"end":{"line":50,"column":43}}],"line":50},"5":{"loc":{"start":{"line":81,"column":26},"end":{"line":81,"column":50}},"type":"binary-expr","locations":[{"start":{"line":81,"column":26},"end":{"line":81,"column":38}},{"start":{"line":81,"column":42},"end":{"line":81,"column":50}}],"line":81},"6":{"loc":{"start":{"line":86,"column":20},"end":{"line":86,"column":53}},"type":"cond-expr","locations":[{"start":{"line":86,"column":30},"end":{"line":86,"column":39}},{"start":{"line":86,"column":42},"end":{"line":86,"column":53}}],"line":86},"7":{"loc":{"start":{"line":92,"column":11},"end":{"line":99,"column":11}},"type":"binary-expr","locations":[{"start":{"line":92,"column":11},"end":{"line":92,"column":24}},{"start":{"line":92,"column":28},"end":{"line":92,"column":49}},{"start":{"line":93,"column":12},"end":{"line":98,"column":19}}],"line":92}},"s":{"0":0,"1":0,"2":0,"3":0,"4":0,"5":0,"6":0,"7":0,"8":0},"f":{"0":0},"b":{"0":[0,0],"1":[0,0],"2":[0,0],"3":[0,0],"4":[0,0],"5":[0,0],"6":[0,0],"7":[0,0,0]}}
,"/Users/eslam/ReactNative/react-native-common-components/src/components/CompoundButton/CompoundButton.styles.ts": {"path":"/Users/eslam/ReactNative/react-native-common-components/src/components/CompoundButton/CompoundButton.styles.ts","statementMap":{"0":{"start":{"line":7,"column":15},"end":{"line":25,"column":2}}},"fnMap":{},"branchMap":{},"s":{"0":0},"f":{},"b":{}}
,"/Users/eslam/ReactNative/react-native-common-components/src/components/CompoundButton/RadioButton.tsx": {"path":"/Users/eslam/ReactNative/react-native-common-components/src/components/CompoundButton/RadioButton.tsx","statementMap":{"0":{"start":{"line":18,"column":20},"end":{"line":105,"column":2}},"1":{"start":{"line":31,"column":6},"end":{"line":31,"column":11}},"2":{"start":{"line":33,"column":40},"end":{"line":33,"column":55}},"3":{"start":{"line":34,"column":32},"end":{"line":34,"column":68}},"4":{"start":{"line":35,"column":23},"end":{"line":35,"column":77}},"5":{"start":{"line":36,"column":24},"end":{"line":36,"column":55}},"6":{"start":{"line":48,"column":6},"end":{"line":48,"column":25}},"7":{"start":{"line":50,"column":24},"end":{"line":50,"column":62}},"8":{"start":{"line":52,"column":2},"end":{"line":104,"column":4}}},"fnMap":{"0":{"name":"(anonymous_0)","decl":{"start":{"line":18,"column":31},"end":{"line":18,"column":32}},"loc":{"start":{"line":18,"column":78},"end":{"line":105,"column":1}},"line":18}},"branchMap":{"0":{"loc":{"start":{"line":33,"column":40},"end":{"line":33,"column":55}},"type":"binary-expr","locations":[{"start":{"line":33,"column":40},"end":{"line":33,"column":49}},{"start":{"line":33,"column":53},"end":{"line":33,"column":55}}],"line":33},"1":{"loc":{"start":{"line":34,"column":32},"end":{"line":34,"column":68}},"type":"binary-expr","locations":[{"start":{"line":34,"column":32},"end":{"line":34,"column":44}},{"start":{"line":34,"column":48},"end":{"line":34,"column":68}}],"line":34},"2":{"loc":{"start":{"line":36,"column":43},"end":{"line":36,"column":54}},"type":"binary-expr","locations":[{"start":{"line":36,"column":43},"end":{"line":36,"column":48}},{"start":{"line":36,"column":52},"end":{"line":36,"column":54}}],"line":36},"3":{"loc":{"start":{"line":48,"column":6},"end":{"line":48,"column":25}},"type":"binary-expr","locations":[{"start":{"line":48,"column":6},"end":{"line":48,"column":19}},{"start":{"line":48,"column":23},"end":{"line":48,"column":25}}],"line":48},"4":{"loc":{"start":{"line":50,"column":25},"end":{"line":50,"column":43}},"type":"cond-expr","locations":[{"start":{"line":50,"column":38},"end":{"line":50,"column":39}},{"start":{"line":50,"column":42},"end":{"line":50,"column":43}}],"line":50},"5":{"loc":{"start":{"line":81,"column":26},"end":{"line":81,"column":50}},"type":"binary-expr","locations":[{"start":{"line":81,"column":26},"end":{"line":81,"column":38}},{"start":{"line":81,"column":42},"end":{"line":81,"column":50}}],"line":81},"6":{"loc":{"start":{"line":86,"column":19},"end":{"line":86,"column":34}},"type":"binary-expr","locations":[{"start":{"line":86,"column":19},"end":{"line":86,"column":23}},{"start":{"line":86,"column":27},"end":{"line":86,"column":34}}],"line":86},"7":{"loc":{"start":{"line":87,"column":20},"end":{"line":87,"column":53}},"type":"cond-expr","locations":[{"start":{"line":87,"column":30},"end":{"line":87,"column":39}},{"start":{"line":87,"column":42},"end":{"line":87,"column":53}}],"line":87},"8":{"loc":{"start":{"line":93,"column":11},"end":{"line":100,"column":11}},"type":"binary-expr","locations":[{"start":{"line":93,"column":11},"end":{"line":93,"column":24}},{"start":{"line":93,"column":28},"end":{"line":93,"column":49}},{"start":{"line":94,"column":12},"end":{"line":99,"column":19}}],"line":93}},"s":{"0":0,"1":0,"2":0,"3":0,"4":0,"5":0,"6":0,"7":0,"8":0},"f":{"0":0},"b":{"0":[0,0],"1":[0,0],"2":[0,0],"3":[0,0],"4":[0,0],"5":[0,0],"6":[0,0],"7":[0,0],"8":[0,0,0]}}
,"/Users/eslam/ReactNative/react-native-common-components/src/components/CompoundButton/index.ts": {"path":"/Users/eslam/ReactNative/react-native-common-components/src/components/CompoundButton/index.ts","statementMap":{},"fnMap":{},"branchMap":{},"s":{},"f":{},"b":{}}
,"/Users/eslam/ReactNative/react-native-common-components/src/components/Dialog/Dialog.styles.ts": {"path":"/Users/eslam/ReactNative/react-native-common-components/src/components/Dialog/Dialog.styles.ts","statementMap":{"0":{"start":{"line":7,"column":15},"end":{"line":16,"column":2}}},"fnMap":{},"branchMap":{},"s":{"0":0},"f":{},"b":{}}
,"/Users/eslam/ReactNative/react-native-common-components/src/components/Dialog/Dialog.tsx": {"path":"/Users/eslam/ReactNative/react-native-common-components/src/components/Dialog/Dialog.tsx","statementMap":{"0":{"start":{"line":14,"column":15},"end":{"line":123,"column":1}},"1":{"start":{"line":25,"column":8},"end":{"line":25,"column":13}},"2":{"start":{"line":27,"column":25},"end":{"line":39,"column":41}},"3":{"start":{"line":28,"column":6},"end":{"line":38,"column":7}},"4":{"start":{"line":29,"column":36},"end":{"line":29,"column":55}},"5":{"start":{"line":31,"column":8},"end":{"line":33,"column":9}},"6":{"start":{"line":32,"column":10},"end":{"line":32,"column":22}},"7":{"start":{"line":35,"column":8},"end":{"line":35,"column":20}},"8":{"start":{"line":37,"column":8},"end":{"line":37,"column":21}},"9":{"start":{"line":41,"column":4},"end":{"line":50,"column":23}},"10":{"start":{"line":42,"column":38},"end":{"line":45,"column":7}},"11":{"start":{"line":47,"column":6},"end":{"line":49,"column":8}},"12":{"start":{"line":48,"column":8},"end":{"line":48,"column":42}},"13":{"start":{"line":52,"column":4},"end":{"line":119,"column":5}},"14":{"start":{"line":53,"column":28},"end":{"line":53,"column":45}},"15":{"start":{"line":64,"column":6},"end":{"line":77,"column":7}},"16":{"start":{"line":66,"column":10},"end":{"line":66,"column":31}},"17":{"start":{"line":67,"column":10},"end":{"line":67,"column":40}},"18":{"start":{"line":68,"column":10},"end":{"line":68,"column":16}},"19":{"start":{"line":70,"column":10},"end":{"line":70,"column":28}},"20":{"start":{"line":71,"column":10},"end":{"line":71,"column":38}},"21":{"start":{"line":72,"column":10},"end":{"line":72,"column":16}},"22":{"start":{"line":74,"column":10},"end":{"line":74,"column":38}},"23":{"start":{"line":75,"column":10},"end":{"line":75,"column":36}},"24":{"start":{"line":76,"column":10},"end":{"line":76,"column":16}},"25":{"start":{"line":79,"column":34},"end":{"line":79,"column":53}},"26":{"start":{"line":81,"column":27},"end":{"line":84,"column":8}},"27":{"start":{"line":86,"column":27},"end":{"line":86,"column":65}},"28":{"start":{"line":88,"column":6},"end":{"line":118,"column":8}},"29":{"start":{"line":121,"column":4},"end":{"line":121,"column":16}}},"fnMap":{"0":{"name":"(anonymous_0)","decl":{"start":{"line":15,"column":2},"end":{"line":15,"column":3}},"loc":{"start":{"line":15,"column":56},"end":{"line":122,"column":3}},"line":15},"1":{"name":"(anonymous_1)","decl":{"start":{"line":27,"column":43},"end":{"line":27,"column":44}},"loc":{"start":{"line":27,"column":58},"end":{"line":39,"column":5}},"line":27},"2":{"name":"(anonymous_2)","decl":{"start":{"line":41,"column":20},"end":{"line":41,"column":21}},"loc":{"start":{"line":41,"column":26},"end":{"line":50,"column":5}},"line":41},"3":{"name":"(anonymous_3)","decl":{"start":{"line":47,"column":13},"end":{"line":47,"column":14}},"loc":{"start":{"line":47,"column":19},"end":{"line":49,"column":7}},"line":47},"4":{"name":"(anonymous_4)","decl":{"start":{"line":111,"column":25},"end":{"line":111,"column":26}},"loc":{"start":{"line":111,"column":31},"end":{"line":111,"column":33}},"line":111}},"branchMap":{"0":{"loc":{"start":{"line":28,"column":6},"end":{"line":38,"column":7}},"type":"if","locations":[{"start":{"line":28,"column":6},"end":{"line":38,"column":7}},{"start":{"line":36,"column":13},"end":{"line":38,"column":7}}],"line":28},"1":{"loc":{"start":{"line":29,"column":36},"end":{"line":29,"column":55}},"type":"binary-expr","locations":[{"start":{"line":29,"column":36},"end":{"line":29,"column":47}},{"start":{"line":29,"column":51},"end":{"line":29,"column":55}}],"line":29},"2":{"loc":{"start":{"line":31,"column":8},"end":{"line":33,"column":9}},"type":"if","locations":[{"start":{"line":31,"column":8},"end":{"line":33,"column":9}},{"start":{},"end":{}}],"line":31},"3":{"loc":{"start":{"line":31,"column":12},"end":{"line":31,"column":44}},"type":"binary-expr","locations":[{"start":{"line":31,"column":12},"end":{"line":31,"column":31}},{"start":{"line":31,"column":35},"end":{"line":31,"column":44}}],"line":31},"4":{"loc":{"start":{"line":52,"column":4},"end":{"line":119,"column":5}},"type":"if","locations":[{"start":{"line":52,"column":4},"end":{"line":119,"column":5}},{"start":{},"end":{}}],"line":52},"5":{"loc":{"start":{"line":64,"column":6},"end":{"line":77,"column":7}},"type":"switch","locations":[{"start":{"line":65,"column":8},"end":{"line":68,"column":16}},{"start":{"line":69,"column":8},"end":{"line":72,"column":16}},{"start":{"line":73,"column":8},"end":{"line":76,"column":16}}],"line":64},"6":{"loc":{"start":{"line":79,"column":34},"end":{"line":79,"column":53}},"type":"binary-expr","locations":[{"start":{"line":79,"column":34},"end":{"line":79,"column":45}},{"start":{"line":79,"column":49},"end":{"line":79,"column":53}}],"line":79},"7":{"loc":{"start":{"line":83,"column":27},"end":{"line":83,"column":64}},"type":"binary-expr","locations":[{"start":{"line":83,"column":27},"end":{"line":83,"column":39}},{"start":{"line":83,"column":43},"end":{"line":83,"column":64}}],"line":83},"8":{"loc":{"start":{"line":86,"column":28},"end":{"line":86,"column":46}},"type":"cond-expr","locations":[{"start":{"line":86,"column":41},"end":{"line":86,"column":42}},{"start":{"line":86,"column":45},"end":{"line":86,"column":46}}],"line":86},"9":{"loc":{"start":{"line":92,"column":21},"end":{"line":92,"column":64}},"type":"cond-expr","locations":[{"start":{"line":92,"column":43},"end":{"line":92,"column":52}},{"start":{"line":92,"column":55},"end":{"line":92,"column":64}}],"line":92}},"s":{"0":0,"1":0,"2":0,"3":0,"4":0,"5":0,"6":0,"7":0,"8":0,"9":0,"10":0,"11":0,"12":0,"13":0,"14":0,"15":0,"16":0,"17":0,"18":0,"19":0,"20":0,"21":0,"22":0,"23":0,"24":0,"25":0,"26":0,"27":0,"28":0,"29":0},"f":{"0":0,"1":0,"2":0,"3":0,"4":0},"b":{"0":[0,0],"1":[0,0],"2":[0,0],"3":[0,0],"4":[0,0],"5":[0,0,0],"6":[0,0],"7":[0,0],"8":[0,0],"9":[0,0]}}
,"/Users/eslam/ReactNative/react-native-common-components/src/components/Dialog/index.ts": {"path":"/Users/eslam/ReactNative/react-native-common-components/src/components/Dialog/index.ts","statementMap":{},"fnMap":{},"branchMap":{},"s":{},"f":{},"b":{}}
,"/Users/eslam/ReactNative/react-native-common-components/src/components/FlatList/FlatList.styles.ts": {"path":"/Users/eslam/ReactNative/react-native-common-components/src/components/FlatList/FlatList.styles.ts","statementMap":{"0":{"start":{"line":4,"column":15},"end":{"line":7,"column":2}}},"fnMap":{},"branchMap":{},"s":{"0":0},"f":{},"b":{}}
,"/Users/eslam/ReactNative/react-native-common-components/src/components/FlatList/FlatList.tsx": {"path":"/Users/eslam/ReactNative/react-native-common-components/src/components/FlatList/FlatList.tsx","statementMap":{"0":{"start":{"line":16,"column":17},"end":{"line":71,"column":2}},"1":{"start":{"line":35,"column":6},"end":{"line":35,"column":11}},"2":{"start":{"line":37,"column":2},"end":{"line":70,"column":4}},"3":{"start":{"line":46,"column":47},"end":{"line":46,"column":55}}},"fnMap":{"0":{"name":"(anonymous_0)","decl":{"start":{"line":16,"column":28},"end":{"line":16,"column":29}},"loc":{"start":{"line":16,"column":75},"end":{"line":71,"column":1}},"line":16},"1":{"name":"(anonymous_1)","decl":{"start":{"line":46,"column":37},"end":{"line":46,"column":38}},"loc":{"start":{"line":46,"column":47},"end":{"line":46,"column":55}},"line":46}},"branchMap":{"0":{"loc":{"start":{"line":41,"column":38},"end":{"line":41,"column":77}},"type":"binary-expr","locations":[{"start":{"line":41,"column":38},"end":{"line":41,"column":68}},{"start":{"line":41,"column":72},"end":{"line":41,"column":77}}],"line":41},"1":{"loc":{"start":{"line":42,"column":36},"end":{"line":42,"column":73}},"type":"binary-expr","locations":[{"start":{"line":42,"column":36},"end":{"line":42,"column":64}},{"start":{"line":42,"column":68},"end":{"line":42,"column":73}}],"line":42},"2":{"loc":{"start":{"line":44,"column":33},"end":{"line":44,"column":71}},"type":"binary-expr","locations":[{"start":{"line":44,"column":33},"end":{"line":44,"column":58}},{"start":{"line":44,"column":62},"end":{"line":44,"column":71}}],"line":44},"3":{"loc":{"start":{"line":45,"column":27},"end":{"line":45,"column":56}},"type":"binary-expr","locations":[{"start":{"line":45,"column":27},"end":{"line":45,"column":46}},{"start":{"line":45,"column":50},"end":{"line":45,"column":56}}],"line":45},"4":{"loc":{"start":{"line":46,"column":20},"end":{"line":46,"column":56}},"type":"binary-expr","locations":[{"start":{"line":46,"column":20},"end":{"line":46,"column":32}},{"start":{"line":46,"column":37},"end":{"line":46,"column":55}}],"line":46},"5":{"loc":{"start":{"line":47,"column":29},"end":{"line":47,"column":58}},"type":"binary-expr","locations":[{"start":{"line":47,"column":29},"end":{"line":47,"column":50}},{"start":{"line":47,"column":54},"end":{"line":47,"column":58}}],"line":47},"6":{"loc":{"start":{"line":50,"column":8},"end":{"line":55,"column":33}},"type":"cond-expr","locations":[{"start":{"line":51,"column":12},"end":{"line":54,"column":13}},{"start":{"line":55,"column":12},"end":{"line":55,"column":33}}],"line":50},"7":{"loc":{"start":{"line":59,"column":8},"end":{"line":66,"column":21}},"type":"cond-expr","locations":[{"start":{"line":60,"column":10},"end":{"line":65,"column":12}},{"start":{"line":66,"column":12},"end":{"line":66,"column":21}}],"line":59},"8":{"loc":{"start":{"line":59,"column":9},"end":{"line":59,"column":36}},"type":"binary-expr","locations":[{"start":{"line":59,"column":9},"end":{"line":59,"column":23}},{"start":{"line":59,"column":27},"end":{"line":59,"column":36}}],"line":59},"9":{"loc":{"start":{"line":61,"column":20},"end":{"line":61,"column":74}},"type":"cond-expr","locations":[{"start":{"line":61,"column":35},"end":{"line":61,"column":49}},{"start":{"line":61,"column":52},"end":{"line":61,"column":74}}],"line":61},"10":{"loc":{"start":{"line":62,"column":23},"end":{"line":62,"column":59}},"type":"binary-expr","locations":[{"start":{"line":62,"column":23},"end":{"line":62,"column":35}},{"start":{"line":62,"column":39},"end":{"line":62,"column":59}}],"line":62},"11":{"loc":{"start":{"line":63,"column":24},"end":{"line":63,"column":43}},"type":"binary-expr","locations":[{"start":{"line":63,"column":24},"end":{"line":63,"column":34}},{"start":{"line":63,"column":38},"end":{"line":63,"column":43}}],"line":63},"12":{"loc":{"start":{"line":64,"column":23},"end":{"line":64,"column":45}},"type":"binary-expr","locations":[{"start":{"line":64,"column":23},"end":{"line":64,"column":32}},{"start":{"line":64,"column":36},"end":{"line":64,"column":45}}],"line":64}},"s":{"0":0,"1":0,"2":0,"3":0},"f":{"0":0,"1":0},"b":{"0":[0,0],"1":[0,0],"2":[0,0],"3":[0,0],"4":[0,0],"5":[0,0],"6":[0,0],"7":[0,0],"8":[0,0],"9":[0,0],"10":[0,0],"11":[0,0],"12":[0,0]}}
,"/Users/eslam/ReactNative/react-native-common-components/src/components/FlatList/index.ts": {"path":"/Users/eslam/ReactNative/react-native-common-components/src/components/FlatList/index.ts","statementMap":{},"fnMap":{},"branchMap":{},"s":{},"f":{},"b":{}}
,"/Users/eslam/ReactNative/react-native-common-components/src/components/IconButton/Icon.tsx": {"path":"/Users/eslam/ReactNative/react-native-common-components/src/components/IconButton/Icon.tsx","statementMap":{"0":{"start":{"line":12,"column":13},"end":{"line":60,"column":2}},"1":{"start":{"line":14,"column":4},"end":{"line":14,"column":9}},"2":{"start":{"line":16,"column":31},"end":{"line":16,"column":48}},"3":{"start":{"line":19,"column":4},"end":{"line":19,"column":72}},"4":{"start":{"line":21,"column":21},"end":{"line":28,"column":4}},"5":{"start":{"line":30,"column":2},"end":{"line":32,"column":3}},"6":{"start":{"line":31,"column":4},"end":{"line":31,"column":76}},"7":{"start":{"line":34,"column":2},"end":{"line":44,"column":3}},"8":{"start":{"line":35,"column":4},"end":{"line":43,"column":5}},"9":{"start":{"line":36,"column":26},"end":{"line":36,"column":70}},"10":{"start":{"line":38,"column":6},"end":{"line":40,"column":8}},"11":{"start":{"line":42,"column":6},"end":{"line":42,"column":18}},"12":{"start":{"line":46,"column":2},"end":{"line":57,"column":3}},"13":{"start":{"line":47,"column":4},"end":{"line":56,"column":5}},"14":{"start":{"line":49,"column":8},"end":{"line":49,"column":87}},"15":{"start":{"line":51,"column":6},"end":{"line":53,"column":8}},"16":{"start":{"line":55,"column":6},"end":{"line":55,"column":18}},"17":{"start":{"line":59,"column":2},"end":{"line":59,"column":14}}},"fnMap":{"0":{"name":"(anonymous_0)","decl":{"start":{"line":12,"column":24},"end":{"line":12,"column":25}},"loc":{"start":{"line":12,"column":73},"end":{"line":60,"column":1}},"line":12}},"branchMap":{"0":{"loc":{"start":{"line":16,"column":31},"end":{"line":16,"column":48}},"type":"binary-expr","locations":[{"start":{"line":16,"column":31},"end":{"line":16,"column":42}},{"start":{"line":16,"column":46},"end":{"line":16,"column":48}}],"line":16},"1":{"loc":{"start":{"line":19,"column":6},"end":{"line":19,"column":49}},"type":"binary-expr","locations":[{"start":{"line":19,"column":6},"end":{"line":19,"column":10}},{"start":{"line":19,"column":14},"end":{"line":19,"column":49}}],"line":19},"2":{"loc":{"start":{"line":19,"column":38},"end":{"line":19,"column":48}},"type":"binary-expr","locations":[{"start":{"line":19,"column":38},"end":{"line":19,"column":42}},{"start":{"line":19,"column":46},"end":{"line":19,"column":48}}],"line":19},"3":{"loc":{"start":{"line":26,"column":17},"end":{"line":26,"column":47}},"type":"cond-expr","locations":[{"start":{"line":26,"column":30},"end":{"line":26,"column":39}},{"start":{"line":26,"column":42},"end":{"line":26,"column":47}}],"line":26},"4":{"loc":{"start":{"line":30,"column":2},"end":{"line":32,"column":3}},"type":"if","locations":[{"start":{"line":30,"column":2},"end":{"line":32,"column":3}},{"start":{},"end":{}}],"line":30},"5":{"loc":{"start":{"line":34,"column":2},"end":{"line":44,"column":3}},"type":"if","locations":[{"start":{"line":34,"column":2},"end":{"line":44,"column":3}},{"start":{},"end":{}}],"line":34},"6":{"loc":{"start":{"line":46,"column":2},"end":{"line":57,"column":3}},"type":"if","locations":[{"start":{"line":46,"column":2},"end":{"line":57,"column":3}},{"start":{},"end":{}}],"line":46}},"s":{"0":1,"1":0,"2":0,"3":0,"4":0,"5":0,"6":0,"7":0,"8":0,"9":0,"10":0,"11":0,"12":0,"13":0,"14":0,"15":0,"16":0,"17":0},"f":{"0":0},"b":{"0":[0,0],"1":[0,0],"2":[0,0],"3":[0,0],"4":[0,0],"5":[0,0],"6":[0,0]},"_coverageSchema":"1a1c01bbd47fc00a2c39e90264f33305004495a9","hash":"9b8af2c8e2702f0a9d8c76530adfc0e3f7d936b6"}
,"/Users/eslam/ReactNative/react-native-common-components/src/components/IconButton/IconButton.styles.ts": {"path":"/Users/eslam/ReactNative/react-native-common-components/src/components/IconButton/IconButton.styles.ts","statementMap":{"0":{"start":{"line":4,"column":15},"end":{"line":20,"column":2}}},"fnMap":{},"branchMap":{},"s":{"0":0},"f":{},"b":{}}
,"/Users/eslam/ReactNative/react-native-common-components/src/components/IconButton/IconButton.tsx": {"path":"/Users/eslam/ReactNative/react-native-common-components/src/components/IconButton/IconButton.tsx","statementMap":{"0":{"start":{"line":19,"column":35},"end":{"line":79,"column":2}},"1":{"start":{"line":36,"column":6},"end":{"line":36,"column":11}},"2":{"start":{"line":38,"column":24},"end":{"line":38,"column":59}},"3":{"start":{"line":39,"column":25},"end":{"line":39,"column":54}},"4":{"start":{"line":40,"column":24},"end":{"line":40,"column":57}},"5":{"start":{"line":41,"column":23},"end":{"line":41,"column":70}},"6":{"start":{"line":43,"column":2},"end":{"line":78,"column":4}},"7":{"start":{"line":81,"column":0},"end":{"line":81,"column":56}},"8":{"start":{"line":86,"column":19},"end":{"line":86,"column":79}}},"fnMap":{"0":{"name":"(anonymous_0)","decl":{"start":{"line":19,"column":46},"end":{"line":19,"column":47}},"loc":{"start":{"line":19,"column":93},"end":{"line":79,"column":1}},"line":19}},"branchMap":{"0":{"loc":{"start":{"line":38,"column":48},"end":{"line":38,"column":58}},"type":"binary-expr","locations":[{"start":{"line":38,"column":48},"end":{"line":38,"column":52}},{"start":{"line":38,"column":56},"end":{"line":38,"column":58}}],"line":38},"1":{"loc":{"start":{"line":39,"column":25},"end":{"line":39,"column":54}},"type":"binary-expr","locations":[{"start":{"line":39,"column":25},"end":{"line":39,"column":30}},{"start":{"line":39,"column":34},"end":{"line":39,"column":54}}],"line":39},"2":{"loc":{"start":{"line":40,"column":35},"end":{"line":40,"column":55}},"type":"cond-expr","locations":[{"start":{"line":40,"column":46},"end":{"line":40,"column":49}},{"start":{"line":40,"column":52},"end":{"line":40,"column":55}}],"line":40}},"s":{"0":1,"1":0,"2":0,"3":0,"4":0,"5":0,"6":0,"7":1,"8":1},"f":{"0":0},"b":{"0":[0,0],"1":[0,0],"2":[0,0]},"_coverageSchema":"1a1c01bbd47fc00a2c39e90264f33305004495a9","hash":"df7faba2fe9343b4a81ffc8b15b9f690149c2c13"}
,"/Users/eslam/ReactNative/react-native-common-components/src/components/IconButton/index.ts": {"path":"/Users/eslam/ReactNative/react-native-common-components/src/components/IconButton/index.ts","statementMap":{},"fnMap":{},"branchMap":{},"s":{},"f":{},"b":{}}
,"/Users/eslam/ReactNative/react-native-common-components/src/components/ImagePlaceholder/Image.tsx": {"path":"/Users/eslam/ReactNative/react-native-common-components/src/components/ImagePlaceholder/Image.tsx","statementMap":{"0":{"start":{"line":12,"column":14},"end":{"line":134,"column":1}},"1":{"start":{"line":14,"column":4},"end":{"line":132,"column":5}},"2":{"start":{"line":15,"column":24},"end":{"line":15,"column":71}},"3":{"start":{"line":34,"column":10},"end":{"line":34,"column":15}},"4":{"start":{"line":38,"column":6},"end":{"line":51,"column":7}},"5":{"start":{"line":40,"column":10},"end":{"line":40,"column":53}},"6":{"start":{"line":41,"column":10},"end":{"line":41,"column":16}},"7":{"start":{"line":43,"column":10},"end":{"line":43,"column":53}},"8":{"start":{"line":44,"column":10},"end":{"line":44,"column":16}},"9":{"start":{"line":46,"column":10},"end":{"line":46,"column":52}},"10":{"start":{"line":47,"column":10},"end":{"line":47,"column":16}},"11":{"start":{"line":49,"column":10},"end":{"line":49,"column":51}},"12":{"start":{"line":50,"column":10},"end":{"line":50,"column":16}},"13":{"start":{"line":55,"column":6},"end":{"line":65,"column":7}},"14":{"start":{"line":57,"column":10},"end":{"line":57,"column":45}},"15":{"start":{"line":58,"column":10},"end":{"line":58,"column":16}},"16":{"start":{"line":60,"column":10},"end":{"line":60,"column":46}},"17":{"start":{"line":61,"column":10},"end":{"line":61,"column":16}},"18":{"start":{"line":63,"column":10},"end":{"line":63,"column":48}},"19":{"start":{"line":64,"column":10},"end":{"line":64,"column":16}},"20":{"start":{"line":69,"column":6},"end":{"line":79,"column":7}},"21":{"start":{"line":71,"column":10},"end":{"line":71,"column":46}},"22":{"start":{"line":72,"column":10},"end":{"line":72,"column":16}},"23":{"start":{"line":74,"column":10},"end":{"line":74,"column":52}},"24":{"start":{"line":75,"column":10},"end":{"line":75,"column":16}},"25":{"start":{"line":77,"column":10},"end":{"line":77,"column":52}},"26":{"start":{"line":78,"column":10},"end":{"line":78,"column":16}},"27":{"start":{"line":81,"column":55},"end":{"line":81,"column":64}},"28":{"start":{"line":83,"column":6},"end":{"line":85,"column":7}},"29":{"start":{"line":84,"column":8},"end":{"line":84,"column":38}},"30":{"start":{"line":87,"column":6},"end":{"line":128,"column":8}},"31":{"start":{"line":104,"column":33},"end":{"line":104,"column":56}},"32":{"start":{"line":105,"column":31},"end":{"line":105,"column":55}},"33":{"start":{"line":106,"column":29},"end":{"line":106,"column":50}},"34":{"start":{"line":110,"column":16},"end":{"line":114,"column":17}},"35":{"start":{"line":130,"column":6},"end":{"line":130,"column":75}},"36":{"start":{"line":131,"column":6},"end":{"line":131,"column":18}}},"fnMap":{"0":{"name":"(anonymous_0)","decl":{"start":{"line":13,"column":2},"end":{"line":13,"column":3}},"loc":{"start":{"line":13,"column":61},"end":{"line":133,"column":3}},"line":13},"1":{"name":"(anonymous_1)","decl":{"start":{"line":104,"column":27},"end":{"line":104,"column":28}},"loc":{"start":{"line":104,"column":33},"end":{"line":104,"column":56}},"line":104},"2":{"name":"(anonymous_2)","decl":{"start":{"line":105,"column":25},"end":{"line":105,"column":26}},"loc":{"start":{"line":105,"column":31},"end":{"line":105,"column":55}},"line":105},"3":{"name":"(anonymous_3)","decl":{"start":{"line":106,"column":23},"end":{"line":106,"column":24}},"loc":{"start":{"line":106,"column":29},"end":{"line":106,"column":50}},"line":106},"4":{"name":"(anonymous_4)","decl":{"start":{"line":107,"column":26},"end":{"line":107,"column":27}},"loc":{"start":{"line":110,"column":16},"end":{"line":114,"column":17}},"line":110}},"branchMap":{"0":{"loc":{"start":{"line":38,"column":6},"end":{"line":51,"column":7}},"type":"switch","locations":[{"start":{"line":39,"column":8},"end":{"line":41,"column":16}},{"start":{"line":42,"column":8},"end":{"line":44,"column":16}},{"start":{"line":45,"column":8},"end":{"line":47,"column":16}},{"start":{"line":48,"column":8},"end":{"line":50,"column":16}}],"line":38},"1":{"loc":{"start":{"line":55,"column":6},"end":{"line":65,"column":7}},"type":"switch","locations":[{"start":{"line":56,"column":8},"end":{"line":58,"column":16}},{"start":{"line":59,"column":8},"end":{"line":61,"column":16}},{"start":{"line":62,"column":8},"end":{"line":64,"column":16}}],"line":55},"2":{"loc":{"start":{"line":69,"column":6},"end":{"line":79,"column":7}},"type":"switch","locations":[{"start":{"line":70,"column":8},"end":{"line":72,"column":16}},{"start":{"line":73,"column":8},"end":{"line":75,"column":16}},{"start":{"line":76,"column":8},"end":{"line":78,"column":16}}],"line":69},"3":{"loc":{"start":{"line":83,"column":6},"end":{"line":85,"column":7}},"type":"if","locations":[{"start":{"line":83,"column":6},"end":{"line":85,"column":7}},{"start":{},"end":{}}],"line":83},"4":{"loc":{"start":{"line":99,"column":11},"end":{"line":117,"column":11}},"type":"binary-expr","locations":[{"start":{"line":99,"column":11},"end":{"line":99,"column":26}},{"start":{"line":99,"column":30},"end":{"line":99,"column":38}},{"start":{"line":100,"column":12},"end":{"line":116,"column":14}}],"line":99},"5":{"loc":{"start":{"line":111,"column":18},"end":{"line":113,"column":23}},"type":"cond-expr","locations":[{"start":{"line":112,"column":22},"end":{"line":112,"column":64}},{"start":{"line":113,"column":22},"end":{"line":113,"column":23}}],"line":111},"6":{"loc":{"start":{"line":118,"column":11},"end":{"line":126,"column":11}},"type":"binary-expr","locations":[{"start":{"line":118,"column":11},"end":{"line":118,"column":32}},{"start":{"line":119,"column":12},"end":{"line":125,"column":14}}],"line":118}},"s":{"0":0,"1":0,"2":0,"3":0,"4":0,"5":0,"6":0,"7":0,"8":0,"9":0,"10":0,"11":0,"12":0,"13":0,"14":0,"15":0,"16":0,"17":0,"18":0,"19":0,"20":0,"21":0,"22":0,"23":0,"24":0,"25":0,"26":0,"27":0,"28":0,"29":0,"30":0,"31":0,"32":0,"33":0,"34":0,"35":0,"36":0},"f":{"0":0,"1":0,"2":0,"3":0,"4":0},"b":{"0":[0,0,0,0],"1":[0,0,0],"2":[0,0,0],"3":[0,0],"4":[0,0,0],"5":[0,0],"6":[0,0]}}
,"/Users/eslam/ReactNative/react-native-common-components/src/components/ImagePlaceholder/ImagePlaceholder.styles.ts": {"path":"/Users/eslam/ReactNative/react-native-common-components/src/components/ImagePlaceholder/ImagePlaceholder.styles.ts","statementMap":{"0":{"start":{"line":4,"column":15},"end":{"line":19,"column":2}}},"fnMap":{},"branchMap":{},"s":{"0":0},"f":{},"b":{}}
,"/Users/eslam/ReactNative/react-native-common-components/src/components/ImagePlaceholder/ImagePlaceholder.tsx": {"path":"/Users/eslam/ReactNative/react-native-common-components/src/components/ImagePlaceholder/ImagePlaceholder.tsx","statementMap":{"0":{"start":{"line":14,"column":25},"end":{"line":71,"column":1}},"1":{"start":{"line":28,"column":8},"end":{"line":28,"column":13}},"2":{"start":{"line":30,"column":38},"end":{"line":30,"column":59}},"3":{"start":{"line":31,"column":34},"end":{"line":31,"column":55}},"4":{"start":{"line":32,"column":36},"end":{"line":32,"column":53}},"5":{"start":{"line":33,"column":44},"end":{"line":33,"column":61}},"6":{"start":{"line":36,"column":6},"end":{"line":38,"column":39}},"7":{"start":{"line":40,"column":4},"end":{"line":69,"column":6}}},"fnMap":{"0":{"name":"(anonymous_0)","decl":{"start":{"line":15,"column":2},"end":{"line":15,"column":3}},"loc":{"start":{"line":15,"column":49},"end":{"line":70,"column":3}},"line":15}},"branchMap":{"0":{"loc":{"start":{"line":36,"column":6},"end":{"line":38,"column":39}},"type":"cond-expr","locations":[{"start":{"line":37,"column":10},"end":{"line":37,"column":19}},{"start":{"line":38,"column":10},"end":{"line":38,"column":39}}],"line":36},"1":{"loc":{"start":{"line":36,"column":6},"end":{"line":36,"column":40}},"type":"binary-expr","locations":[{"start":{"line":36,"column":6},"end":{"line":36,"column":18}},{"start":{"line":36,"column":22},"end":{"line":36,"column":40}}],"line":36}},"s":{"0":0,"1":0,"2":0,"3":0,"4":0,"5":0,"6":0,"7":0},"f":{"0":0},"b":{"0":[0,0],"1":[0,0]}}
,"/Users/eslam/ReactNative/react-native-common-components/src/components/ImagePlaceholder/Loading.tsx": {"path":"/Users/eslam/ReactNative/react-native-common-components/src/components/ImagePlaceholder/Loading.tsx","statementMap":{"0":{"start":{"line":12,"column":16},"end":{"line":64,"column":1}},"1":{"start":{"line":14,"column":4},"end":{"line":62,"column":5}},"2":{"start":{"line":15,"column":23},"end":{"line":15,"column":55}},"3":{"start":{"line":16,"column":6},"end":{"line":16,"column":34}},"4":{"start":{"line":24,"column":10},"end":{"line":24,"column":15}},"5":{"start":{"line":26,"column":6},"end":{"line":58,"column":8}},"6":{"start":{"line":40,"column":12},"end":{"line":44,"column":13}},"7":{"start":{"line":60,"column":6},"end":{"line":60,"column":68}},"8":{"start":{"line":61,"column":6},"end":{"line":61,"column":18}}},"fnMap":{"0":{"name":"(anonymous_0)","decl":{"start":{"line":13,"column":2},"end":{"line":13,"column":3}},"loc":{"start":{"line":13,"column":68},"end":{"line":63,"column":3}},"line":13},"1":{"name":"(anonymous_1)","decl":{"start":{"line":39,"column":20},"end":{"line":39,"column":21}},"loc":{"start":{"line":40,"column":12},"end":{"line":44,"column":13}},"line":40}},"branchMap":{"0":{"loc":{"start":{"line":33,"column":16},"end":{"line":36,"column":49}},"type":"cond-expr","locations":[{"start":{"line":35,"column":20},"end":{"line":35,"column":41}},{"start":{"line":36,"column":20},"end":{"line":36,"column":49}}],"line":33},"1":{"loc":{"start":{"line":33,"column":16},"end":{"line":34,"column":59}},"type":"binary-expr","locations":[{"start":{"line":33,"column":16},"end":{"line":33,"column":53}},{"start":{"line":34,"column":16},"end":{"line":34,"column":59}}],"line":33},"2":{"loc":{"start":{"line":41,"column":15},"end":{"line":43,"column":48}},"type":"cond-expr","locations":[{"start":{"line":42,"column":18},"end":{"line":42,"column":49}},{"start":{"line":43,"column":18},"end":{"line":43,"column":48}}],"line":41},"3":{"loc":{"start":{"line":48,"column":28},"end":{"line":48,"column":41}},"type":"binary-expr","locations":[{"start":{"line":48,"column":28},"end":{"line":48,"column":36}},{"start":{"line":48,"column":40},"end":{"line":48,"column":41}}],"line":48},"4":{"loc":{"start":{"line":52,"column":14},"end":{"line":54,"column":37}},"type":"cond-expr","locations":[{"start":{"line":53,"column":18},"end":{"line":53,"column":38}},{"start":{"line":54,"column":18},"end":{"line":54,"column":37}}],"line":52},"5":{"loc":{"start":{"line":52,"column":14},"end":{"line":52,"column":78}},"type":"binary-expr","locations":[{"start":{"line":52,"column":14},"end":{"line":52,"column":41}},{"start":{"line":52,"column":45},"end":{"line":52,"column":78}}],"line":52}},"s":{"0":0,"1":0,"2":0,"3":0,"4":0,"5":0,"6":0,"7":0,"8":0},"f":{"0":0,"1":0},"b":{"0":[0,0],"1":[0,0],"2":[0,0],"3":[0,0],"4":[0,0],"5":[0,0]}}
,"/Users/eslam/ReactNative/react-native-common-components/src/components/ImagePlaceholder/Placeholder.tsx": {"path":"/Users/eslam/ReactNative/react-native-common-components/src/components/ImagePlaceholder/Placeholder.tsx","statementMap":{"0":{"start":{"line":11,"column":20},"end":{"line":63,"column":1}},"1":{"start":{"line":20,"column":8},"end":{"line":20,"column":13}},"2":{"start":{"line":22,"column":4},"end":{"line":59,"column":5}},"3":{"start":{"line":23,"column":26},"end":{"line":23,"column":47}},"4":{"start":{"line":25,"column":6},"end":{"line":36,"column":7}},"5":{"start":{"line":26,"column":8},"end":{"line":35,"column":10}},"6":{"start":{"line":38,"column":6},"end":{"line":56,"column":7}},"7":{"start":{"line":39,"column":8},"end":{"line":55,"column":9}},"8":{"start":{"line":40,"column":30},"end":{"line":40,"column":74}},"9":{"start":{"line":42,"column":10},"end":{"line":51,"column":12}},"10":{"start":{"line":53,"column":10},"end":{"line":53,"column":76}},"11":{"start":{"line":54,"column":10},"end":{"line":54,"column":22}},"12":{"start":{"line":58,"column":6},"end":{"line":58,"column":18}},"13":{"start":{"line":61,"column":4},"end":{"line":61,"column":16}}},"fnMap":{"0":{"name":"(anonymous_0)","decl":{"start":{"line":12,"column":2},"end":{"line":12,"column":3}},"loc":{"start":{"line":12,"column":58},"end":{"line":62,"column":3}},"line":12}},"branchMap":{"0":{"loc":{"start":{"line":22,"column":4},"end":{"line":59,"column":5}},"type":"if","locations":[{"start":{"line":22,"column":4},"end":{"line":59,"column":5}},{"start":{},"end":{}}],"line":22},"1":{"loc":{"start":{"line":22,"column":8},"end":{"line":22,"column":39}},"type":"binary-expr","locations":[{"start":{"line":22,"column":8},"end":{"line":22,"column":15}},{"start":{"line":22,"column":19},"end":{"line":22,"column":26}},{"start":{"line":22,"column":30},"end":{"line":22,"column":39}}],"line":22},"2":{"loc":{"start":{"line":23,"column":26},"end":{"line":23,"column":47}},"type":"binary-expr","locations":[{"start":{"line":23,"column":26},"end":{"line":23,"column":36}},{"start":{"line":23,"column":40},"end":{"line":23,"column":47}}],"line":23},"3":{"loc":{"start":{"line":25,"column":6},"end":{"line":36,"column":7}},"type":"if","locations":[{"start":{"line":25,"column":6},"end":{"line":36,"column":7}},{"start":{},"end":{}}],"line":25},"4":{"loc":{"start":{"line":38,"column":6},"end":{"line":56,"column":7}},"type":"if","locations":[{"start":{"line":38,"column":6},"end":{"line":56,"column":7}},{"start":{},"end":{}}],"line":38}},"s":{"0":0,"1":0,"2":0,"3":0,"4":0,"5":0,"6":0,"7":0,"8":0,"9":0,"10":0,"11":0,"12":0,"13":0},"f":{"0":0},"b":{"0":[0,0],"1":[0,0,0],"2":[0,0],"3":[0,0],"4":[0,0]}}
,"/Users/eslam/ReactNative/react-native-common-components/src/components/ImagePlaceholder/index.ts": {"path":"/Users/eslam/ReactNative/react-native-common-components/src/components/ImagePlaceholder/index.ts","statementMap":{},"fnMap":{},"branchMap":{},"s":{},"f":{},"b":{}}
,"/Users/eslam/ReactNative/react-native-common-components/src/components/LoadingDialog/LoadingDialog.styles.ts": {"path":"/Users/eslam/ReactNative/react-native-common-components/src/components/LoadingDialog/LoadingDialog.styles.ts","statementMap":{"0":{"start":{"line":4,"column":15},"end":{"line":6,"column":2}}},"fnMap":{},"branchMap":{},"s":{"0":0},"f":{},"b":{}}
,"/Users/eslam/ReactNative/react-native-common-components/src/components/LoadingDialog/LoadingDialog.tsx": {"path":"/Users/eslam/ReactNative/react-native-common-components/src/components/LoadingDialog/LoadingDialog.tsx","statementMap":{"0":{"start":{"line":17,"column":38},"end":{"line":49,"column":1}},"1":{"start":{"line":20,"column":6},"end":{"line":20,"column":11}},"2":{"start":{"line":26,"column":8},"end":{"line":26,"column":25}},"3":{"start":{"line":29,"column":6},"end":{"line":29,"column":34}},"4":{"start":{"line":31,"column":4},"end":{"line":47,"column":6}},"5":{"start":{"line":51,"column":0},"end":{"line":51,"column":62}},"6":{"start":{"line":56,"column":22},"end":{"line":56,"column":85}}},"fnMap":{"0":{"name":"(anonymous_0)","decl":{"start":{"line":18,"column":2},"end":{"line":18,"column":3}},"loc":{"start":{"line":18,"column":49},"end":{"line":48,"column":3}},"line":18}},"branchMap":{"0":{"loc":{"start":{"line":26,"column":8},"end":{"line":26,"column":25}},"type":"binary-expr","locations":[{"start":{"line":26,"column":8},"end":{"line":26,"column":19}},{"start":{"line":26,"column":23},"end":{"line":26,"column":25}}],"line":26},"1":{"loc":{"start":{"line":29,"column":6},"end":{"line":29,"column":34}},"type":"binary-expr","locations":[{"start":{"line":29,"column":6},"end":{"line":29,"column":28}},{"start":{"line":29,"column":32},"end":{"line":29,"column":34}}],"line":29},"2":{"loc":{"start":{"line":34,"column":21},"end":{"line":34,"column":41}},"type":"binary-expr","locations":[{"start":{"line":34,"column":21},"end":{"line":34,"column":32}},{"start":{"line":34,"column":36},"end":{"line":34,"column":41}}],"line":34},"3":{"loc":{"start":{"line":38,"column":9},"end":{"line":45,"column":9}},"type":"binary-expr","locations":[{"start":{"line":38,"column":9},"end":{"line":38,"column":15}},{"start":{"line":39,"column":10},"end":{"line":44,"column":12}}],"line":38},"4":{"loc":{"start":{"line":41,"column":18},"end":{"line":41,"column":33}},"type":"binary-expr","locations":[{"start":{"line":41,"column":18},"end":{"line":41,"column":22}},{"start":{"line":41,"column":26},"end":{"line":41,"column":33}}],"line":41},"5":{"loc":{"start":{"line":42,"column":19},"end":{"line":42,"column":48}},"type":"binary-expr","locations":[{"start":{"line":42,"column":19},"end":{"line":42,"column":24}},{"start":{"line":42,"column":28},"end":{"line":42,"column":48}}],"line":42}},"s":{"0":1,"1":0,"2":0,"3":0,"4":0,"5":1,"6":1},"f":{"0":0},"b":{"0":[0,0],"1":[0,0],"2":[0,0],"3":[0,0],"4":[0,0],"5":[0,0]},"_coverageSchema":"1a1c01bbd47fc00a2c39e90264f33305004495a9","hash":"0de33dea32e0486485d2f8c2d2b44924e48cabae"}
,"/Users/eslam/ReactNative/react-native-common-components/src/components/LoadingDialog/index.ts": {"path":"/Users/eslam/ReactNative/react-native-common-components/src/components/LoadingDialog/index.ts","statementMap":{},"fnMap":{},"branchMap":{},"s":{},"f":{},"b":{}}
,"/Users/eslam/ReactNative/react-native-common-components/src/components/ScrollView/ScrollView.tsx": {"path":"/Users/eslam/ReactNative/react-native-common-components/src/components/ScrollView/ScrollView.tsx","statementMap":{"0":{"start":{"line":12,"column":19},"end":{"line":59,"column":1}},"1":{"start":{"line":14,"column":4},"end":{"line":57,"column":5}},"2":{"start":{"line":16,"column":8},"end":{"line":16,"column":75}},"3":{"start":{"line":30,"column":10},"end":{"line":30,"column":15}},"4":{"start":{"line":32,"column":6},"end":{"line":53,"column":8}},"5":{"start":{"line":55,"column":6},"end":{"line":55,"column":79}},"6":{"start":{"line":56,"column":6},"end":{"line":56,"column":18}}},"fnMap":{"0":{"name":"(anonymous_0)","decl":{"start":{"line":13,"column":2},"end":{"line":13,"column":3}},"loc":{"start":{"line":13,"column":56},"end":{"line":58,"column":3}},"line":13}},"branchMap":{"0":{"loc":{"start":{"line":35,"column":12},"end":{"line":35,"column":51}},"type":"binary-expr","locations":[{"start":{"line":35,"column":12},"end":{"line":35,"column":42}},{"start":{"line":35,"column":46},"end":{"line":35,"column":51}}],"line":35},"1":{"loc":{"start":{"line":37,"column":40},"end":{"line":37,"column":77}},"type":"binary-expr","locations":[{"start":{"line":37,"column":40},"end":{"line":37,"column":68}},{"start":{"line":37,"column":72},"end":{"line":37,"column":77}}],"line":37},"2":{"loc":{"start":{"line":38,"column":37},"end":{"line":38,"column":75}},"type":"binary-expr","locations":[{"start":{"line":38,"column":37},"end":{"line":38,"column":62}},{"start":{"line":38,"column":66},"end":{"line":38,"column":75}}],"line":38},"3":{"loc":{"start":{"line":39,"column":31},"end":{"line":39,"column":60}},"type":"binary-expr","locations":[{"start":{"line":39,"column":31},"end":{"line":39,"column":50}},{"start":{"line":39,"column":54},"end":{"line":39,"column":60}}],"line":39},"4":{"loc":{"start":{"line":41,"column":12},"end":{"line":48,"column":25}},"type":"cond-expr","locations":[{"start":{"line":42,"column":14},"end":{"line":47,"column":16}},{"start":{"line":48,"column":16},"end":{"line":48,"column":25}}],"line":41},"5":{"loc":{"start":{"line":41,"column":13},"end":{"line":41,"column":40}},"type":"binary-expr","locations":[{"start":{"line":41,"column":13},"end":{"line":41,"column":27}},{"start":{"line":41,"column":31},"end":{"line":41,"column":40}}],"line":41},"6":{"loc":{"start":{"line":43,"column":24},"end":{"line":43,"column":78}},"type":"cond-expr","locations":[{"start":{"line":43,"column":39},"end":{"line":43,"column":53}},{"start":{"line":43,"column":56},"end":{"line":43,"column":78}}],"line":43},"7":{"loc":{"start":{"line":44,"column":27},"end":{"line":44,"column":63}},"type":"binary-expr","locations":[{"start":{"line":44,"column":27},"end":{"line":44,"column":39}},{"start":{"line":44,"column":43},"end":{"line":44,"column":63}}],"line":44},"8":{"loc":{"start":{"line":45,"column":28},"end":{"line":45,"column":47}},"type":"binary-expr","locations":[{"start":{"line":45,"column":28},"end":{"line":45,"column":38}},{"start":{"line":45,"column":42},"end":{"line":45,"column":47}}],"line":45},"9":{"loc":{"start":{"line":50,"column":30},"end":{"line":50,"column":78}},"type":"binary-expr","locations":[{"start":{"line":50,"column":30},"end":{"line":50,"column":48}},{"start":{"line":50,"column":52},"end":{"line":50,"column":78}}],"line":50}},"s":{"0":0,"1":0,"2":0,"3":0,"4":0,"5":0,"6":0},"f":{"0":0},"b":{"0":[0,0],"1":[0,0],"2":[0,0],"3":[0,0],"4":[0,0],"5":[0,0],"6":[0,0],"7":[0,0],"8":[0,0],"9":[0,0]}}
,"/Users/eslam/ReactNative/react-native-common-components/src/components/ScrollView/index.ts": {"path":"/Users/eslam/ReactNative/react-native-common-components/src/components/ScrollView/index.ts","statementMap":{},"fnMap":{},"branchMap":{},"s":{},"f":{},"b":{}}
,"/Users/eslam/ReactNative/react-native-common-components/src/components/SelectDialog/List.tsx": {"path":"/Users/eslam/ReactNative/react-native-common-components/src/components/SelectDialog/List.tsx","statementMap":{"0":{"start":{"line":13,"column":13},"end":{"line":36,"column":2}},"1":{"start":{"line":14,"column":58},"end":{"line":14,"column":63}},"2":{"start":{"line":16,"column":23},"end":{"line":26,"column":3}},"3":{"start":{"line":17,"column":4},"end":{"line":25,"column":6}},"4":{"start":{"line":19,"column":21},"end":{"line":19,"column":40}},"5":{"start":{"line":28,"column":2},"end":{"line":35,"column":4}},"6":{"start":{"line":31,"column":32},"end":{"line":31,"column":50}}},"fnMap":{"0":{"name":"(anonymous_0)","decl":{"start":{"line":13,"column":24},"end":{"line":13,"column":25}},"loc":{"start":{"line":13,"column":66},"end":{"line":36,"column":1}},"line":13},"1":{"name":"(anonymous_1)","decl":{"start":{"line":16,"column":23},"end":{"line":16,"column":24}},"loc":{"start":{"line":17,"column":4},"end":{"line":25,"column":6}},"line":17},"2":{"name":"(anonymous_2)","decl":{"start":{"line":19,"column":15},"end":{"line":19,"column":16}},"loc":{"start":{"line":19,"column":21},"end":{"line":19,"column":40}},"line":19},"3":{"name":"(anonymous_3)","decl":{"start":{"line":31,"column":18},"end":{"line":31,"column":19}},"loc":{"start":{"line":31,"column":32},"end":{"line":31,"column":50}},"line":31}},"branchMap":{},"s":{"0":0,"1":0,"2":0,"3":0,"4":0,"5":0,"6":0},"f":{"0":0,"1":0,"2":0,"3":0},"b":{}}
,"/Users/eslam/ReactNative/react-native-common-components/src/components/SelectDialog/NoData.tsx": {"path":"/Users/eslam/ReactNative/react-native-common-components/src/components/SelectDialog/NoData.tsx","statementMap":{"0":{"start":{"line":12,"column":15},"end":{"line":27,"column":2}},"1":{"start":{"line":13,"column":45},"end":{"line":13,"column":50}},"2":{"start":{"line":15,"column":2},"end":{"line":17,"column":3}},"3":{"start":{"line":16,"column":4},"end":{"line":16,"column":27}},"4":{"start":{"line":20,"column":4},"end":{"line":20,"column":75}},"5":{"start":{"line":22,"column":2},"end":{"line":26,"column":4}}},"fnMap":{"0":{"name":"(anonymous_0)","decl":{"start":{"line":12,"column":26},"end":{"line":12,"column":27}},"loc":{"start":{"line":12,"column":70},"end":{"line":27,"column":1}},"line":12}},"branchMap":{"0":{"loc":{"start":{"line":15,"column":2},"end":{"line":17,"column":3}},"type":"if","locations":[{"start":{"line":15,"column":2},"end":{"line":17,"column":3}},{"start":{},"end":{}}],"line":15},"1":{"loc":{"start":{"line":20,"column":5},"end":{"line":20,"column":69}},"type":"binary-expr","locations":[{"start":{"line":20,"column":5},"end":{"line":20,"column":63}},{"start":{"line":20,"column":67},"end":{"line":20,"column":69}}],"line":20},"2":{"loc":{"start":{"line":24,"column":7},"end":{"line":24,"column":79}},"type":"binary-expr","locations":[{"start":{"line":24,"column":7},"end":{"line":24,"column":20}},{"start":{"line":24,"column":25},"end":{"line":24,"column":78}}],"line":24},"3":{"loc":{"start":{"line":24,"column":25},"end":{"line":24,"column":78}},"type":"cond-expr","locations":[{"start":{"line":24,"column":37},"end":{"line":24,"column":56}},{"start":{"line":24,"column":59},"end":{"line":24,"column":78}}],"line":24}},"s":{"0":0,"1":0,"2":0,"3":0,"4":0,"5":0},"f":{"0":0},"b":{"0":[0,0],"1":[0,0],"2":[0,0],"3":[0,0]}}
,"/Users/eslam/ReactNative/react-native-common-components/src/components/SelectDialog/SearchInput.tsx": {"path":"/Users/eslam/ReactNative/react-native-common-components/src/components/SelectDialog/SearchInput.tsx","statementMap":{"0":{"start":{"line":9,"column":20},"end":{"line":29,"column":1}},"1":{"start":{"line":11,"column":66},"end":{"line":11,"column":71}},"2":{"start":{"line":13,"column":4},"end":{"line":15,"column":5}},"3":{"start":{"line":14,"column":6},"end":{"line":14,"column":29}},"4":{"start":{"line":18,"column":6},"end":{"line":18,"column":77}},"5":{"start":{"line":20,"column":4},"end":{"line":27,"column":6}}},"fnMap":{"0":{"name":"(anonymous_0)","decl":{"start":{"line":10,"column":2},"end":{"line":10,"column":3}},"loc":{"start":{"line":10,"column":60},"end":{"line":28,"column":3}},"line":10}},"branchMap":{"0":{"loc":{"start":{"line":13,"column":4},"end":{"line":15,"column":5}},"type":"if","locations":[{"start":{"line":13,"column":4},"end":{"line":15,"column":5}},{"start":{},"end":{}}],"line":13},"1":{"loc":{"start":{"line":18,"column":7},"end":{"line":18,"column":71}},"type":"binary-expr","locations":[{"start":{"line":18,"column":7},"end":{"line":18,"column":65}},{"start":{"line":18,"column":69},"end":{"line":18,"column":71}}],"line":18},"2":{"loc":{"start":{"line":23,"column":15},"end":{"line":23,"column":66}},"type":"binary-expr","locations":[{"start":{"line":23,"column":15},"end":{"line":23,"column":26}},{"start":{"line":23,"column":31},"end":{"line":23,"column":65}}],"line":23},"3":{"loc":{"start":{"line":23,"column":31},"end":{"line":23,"column":65}},"type":"cond-expr","locations":[{"start":{"line":23,"column":43},"end":{"line":23,"column":52}},{"start":{"line":23,"column":55},"end":{"line":23,"column":65}}],"line":23}},"s":{"0":0,"1":0,"2":0,"3":0,"4":0,"5":0},"f":{"0":0},"b":{"0":[0,0],"1":[0,0],"2":[0,0],"3":[0,0]}}
,"/Users/eslam/ReactNative/react-native-common-components/src/components/SelectDialog/SelectDialog.styles.ts": {"path":"/Users/eslam/ReactNative/react-native-common-components/src/components/SelectDialog/SelectDialog.styles.ts","statementMap":{"0":{"start":{"line":7,"column":15},"end":{"line":26,"column":2}}},"fnMap":{},"branchMap":{},"s":{"0":0},"f":{},"b":{}}
,"/Users/eslam/ReactNative/react-native-common-components/src/components/SelectDialog/SelectDialog.tsx": {"path":"/Users/eslam/ReactNative/react-native-common-components/src/components/SelectDialog/SelectDialog.tsx","statementMap":{"0":{"start":{"line":18,"column":21},"end":{"line":185,"column":2}},"1":{"start":{"line":32,"column":6},"end":{"line":32,"column":11}},"2":{"start":{"line":34,"column":30},"end":{"line":34,"column":68}},"3":{"start":{"line":37,"column":4},"end":{"line":37,"column":75}},"4":{"start":{"line":39,"column":35},"end":{"line":39,"column":73}},"5":{"start":{"line":41,"column":44},"end":{"line":41,"column":78}},"6":{"start":{"line":43,"column":38},"end":{"line":45,"column":3}},"7":{"start":{"line":47,"column":24},"end":{"line":60,"column":25}},"8":{"start":{"line":48,"column":4},"end":{"line":57,"column":5}},"9":{"start":{"line":49,"column":28},"end":{"line":54,"column":7}},"10":{"start":{"line":51,"column":10},"end":{"line":53,"column":51}},"11":{"start":{"line":56,"column":6},"end":{"line":56,"column":27}},"12":{"start":{"line":59,"column":4},"end":{"line":59,"column":17}},"13":{"start":{"line":62,"column":25},"end":{"line":68,"column":17}},"14":{"start":{"line":63,"column":4},"end":{"line":63,"column":29}},"15":{"start":{"line":65,"column":4},"end":{"line":67,"column":5}},"16":{"start":{"line":66,"column":6},"end":{"line":66,"column":18}},"17":{"start":{"line":71,"column":2},"end":{"line":73,"column":27}},"18":{"start":{"line":72,"column":4},"end":{"line":72,"column":41}},"19":{"start":{"line":77,"column":34},"end":{"line":79,"column":8}},"20":{"start":{"line":78,"column":4},"end":{"line":78,"column":24}},"21":{"start":{"line":83,"column":25},"end":{"line":116,"column":3}},"22":{"start":{"line":85,"column":43},"end":{"line":85,"column":74}},"23":{"start":{"line":86,"column":18},"end":{"line":86,"column":20}},"24":{"start":{"line":88,"column":6},"end":{"line":95,"column":9}},"25":{"start":{"line":89,"column":8},"end":{"line":92,"column":9}},"26":{"start":{"line":90,"column":10},"end":{"line":90,"column":20}},"27":{"start":{"line":91,"column":10},"end":{"line":91,"column":22}},"28":{"start":{"line":94,"column":8},"end":{"line":94,"column":21}},"29":{"start":{"line":97,"column":6},"end":{"line":103,"column":7}},"30":{"start":{"line":98,"column":8},"end":{"line":98,"column":42}},"31":{"start":{"line":99,"column":13},"end":{"line":103,"column":7}},"32":{"start":{"line":100,"column":8},"end":{"line":100,"column":36}},"33":{"start":{"line":102,"column":8},"end":{"line":102,"column":34}},"34":{"start":{"line":105,"column":6},"end":{"line":105,"column":41}},"35":{"start":{"line":107,"column":6},"end":{"line":109,"column":7}},"36":{"start":{"line":108,"column":8},"end":{"line":108,"column":42}},"37":{"start":{"line":111,"column":6},"end":{"line":113,"column":7}},"38":{"start":{"line":112,"column":8},"end":{"line":112,"column":25}},"39":{"start":{"line":119,"column":26},"end":{"line":135,"column":3}},"40":{"start":{"line":121,"column":25},"end":{"line":121,"column":30}},"41":{"start":{"line":123,"column":6},"end":{"line":130,"column":9}},"42":{"start":{"line":124,"column":8},"end":{"line":127,"column":9}},"43":{"start":{"line":125,"column":10},"end":{"line":125,"column":30}},"44":{"start":{"line":126,"column":10},"end":{"line":126,"column":22}},"45":{"start":{"line":129,"column":8},"end":{"line":129,"column":21}},"46":{"start":{"line":132,"column":6},"end":{"line":132,"column":26}},"47":{"start":{"line":137,"column":2},"end":{"line":184,"column":4}}},"fnMap":{"0":{"name":"(anonymous_0)","decl":{"start":{"line":18,"column":32},"end":{"line":18,"column":33}},"loc":{"start":{"line":18,"column":79},"end":{"line":185,"column":1}},"line":18},"1":{"name":"(anonymous_1)","decl":{"start":{"line":47,"column":38},"end":{"line":47,"column":39}},"loc":{"start":{"line":47,"column":70},"end":{"line":60,"column":3}},"line":47},"2":{"name":"(anonymous_2)","decl":{"start":{"line":50,"column":8},"end":{"line":50,"column":9}},"loc":{"start":{"line":51,"column":10},"end":{"line":53,"column":51}},"line":51},"3":{"name":"(anonymous_3)","decl":{"start":{"line":62,"column":43},"end":{"line":62,"column":44}},"loc":{"start":{"line":62,"column":55},"end":{"line":68,"column":3}},"line":62},"4":{"name":"(anonymous_4)","decl":{"start":{"line":71,"column":18},"end":{"line":71,"column":19}},"loc":{"start":{"line":71,"column":24},"end":{"line":73,"column":3}},"line":71},"5":{"name":"(anonymous_5)","decl":{"start":{"line":77,"column":52},"end":{"line":77,"column":53}},"loc":{"start":{"line":77,"column":76},"end":{"line":79,"column":3}},"line":77},"6":{"name":"(anonymous_6)","decl":{"start":{"line":84,"column":4},"end":{"line":84,"column":5}},"loc":{"start":{"line":84,"column":32},"end":{"line":114,"column":5}},"line":84},"7":{"name":"(anonymous_7)","decl":{"start":{"line":88,"column":28},"end":{"line":88,"column":29}},"loc":{"start":{"line":88,"column":45},"end":{"line":95,"column":7}},"line":88},"8":{"name":"(anonymous_8)","decl":{"start":{"line":120,"column":4},"end":{"line":120,"column":5}},"loc":{"start":{"line":120,"column":35},"end":{"line":133,"column":5}},"line":120},"9":{"name":"(anonymous_9)","decl":{"start":{"line":123,"column":26},"end":{"line":123,"column":27}},"loc":{"start":{"line":123,"column":40},"end":{"line":130,"column":7}},"line":123}},"branchMap":{"0":{"loc":{"start":{"line":34,"column":31},"end":{"line":34,"column":49}},"type":"cond-expr","locations":[{"start":{"line":34,"column":44},"end":{"line":34,"column":45}},{"start":{"line":34,"column":48},"end":{"line":34,"column":49}}],"line":34},"1":{"loc":{"start":{"line":37,"column":5},"end":{"line":37,"column":69}},"type":"binary-expr","locations":[{"start":{"l
[...]
ative/react-native-common-components/src/utils/ResponsiveDimensions.ts","statementMap":{"0":{"start":{"line":8,"column":30},"end":{"line":8,"column":33}},"1":{"start":{"line":9,"column":31},"end":{"line":9,"column":34}},"2":{"start":{"line":19,"column":4},"end":{"line":21,"column":5}},"3":{"start":{"line":20,"column":6},"end":{"line":20,"column":30}},"4":{"start":{"line":23,"column":4},"end":{"line":25,"column":5}},"5":{"start":{"line":24,"column":6},"end":{"line":24,"column":32}},"6":{"start":{"line":29,"column":4},"end":{"line":29,"column":42}},"7":{"start":{"line":33,"column":4},"end":{"line":33,"column":43}},"8":{"start":{"line":43,"column":4},"end":{"line":43,"column":55}},"9":{"start":{"line":53,"column":4},"end":{"line":53,"column":57}},"10":{"start":{"line":66,"column":4},"end":{"line":66,"column":53}},"11":{"start":{"line":79,"column":4},"end":{"line":79,"column":61}},"12":{"start":{"line":82,"column":22},"end":{"line":82,"column":32}},"13":{"start":{"line":84,"column":23},"end":{"line":84,"column":41}},"14":{"start":{"line":86,"column":23},"end":{"line":86,"column":41}},"15":{"start":{"line":88,"column":24},"end":{"line":88,"column":50}},"16":{"start":{"line":98,"column":4},"end":{"line":100,"column":5}},"17":{"start":{"line":99,"column":6},"end":{"line":99,"column":59}},"18":{"start":{"line":102,"column":4},"end":{"line":104,"column":5}},"19":{"start":{"line":103,"column":6},"end":{"line":103,"column":68}},"20":{"start":{"line":106,"column":4},"end":{"line":106,"column":46}},"21":{"start":{"line":117,"column":4},"end":{"line":119,"column":5}},"22":{"start":{"line":118,"column":6},"end":{"line":118,"column":59}},"23":{"start":{"line":121,"column":4},"end":{"line":123,"column":5}},"24":{"start":{"line":122,"column":6},"end":{"line":122,"column":68}},"25":{"start":{"line":125,"column":4},"end":{"line":125,"column":47}},"26":{"start":{"line":128,"column":23},"end":{"line":128,"column":40}},"27":{"start":{"line":130,"column":23},"end":{"line":130,"column":41}}},"fnMap":{"0":{"name":"(anonymous_0)","decl":{"start":{"line":18,"column":2},"end":{"line":18,"column":3}},"loc":{"start":{"line":18,"column":62},"end":{"line":26,"column":3}},"line":18},"1":{"name":"(anonymous_1)","decl":{"start":{"line":28,"column":2},"end":{"line":28,"column":3}},"loc":{"start":{"line":28,"column":27},"end":{"line":30,"column":3}},"line":28},"2":{"name":"(anonymous_2)","decl":{"start":{"line":32,"column":2},"end":{"line":32,"column":3}},"loc":{"start":{"line":32,"column":28},"end":{"line":34,"column":3}},"line":32},"3":{"name":"(anonymous_3)","decl":{"start":{"line":42,"column":2},"end":{"line":42,"column":3}},"loc":{"start":{"line":42,"column":29},"end":{"line":44,"column":3}},"line":42},"4":{"name":"(anonymous_4)","decl":{"start":{"line":52,"column":2},"end":{"line":52,"column":3}},"loc":{"start":{"line":52,"column":37},"end":{"line":54,"column":3}},"line":52},"5":{"name":"(anonymous_5)","decl":{"start":{"line":65,"column":2},"end":{"line":65,"column":3}},"loc":{"start":{"line":65,"column":59},"end":{"line":67,"column":3}},"line":65},"6":{"name":"(anonymous_6)","decl":{"start":{"line":78,"column":2},"end":{"line":78,"column":3}},"loc":{"start":{"line":78,"column":67},"end":{"line":80,"column":3}},"line":78},"7":{"name":"(anonymous_7)","decl":{"start":{"line":97,"column":2},"end":{"line":97,"column":3}},"loc":{"start":{"line":97,"column":39},"end":{"line":107,"column":3}},"line":97},"8":{"name":"(anonymous_8)","decl":{"start":{"line":116,"column":2},"end":{"line":116,"column":3}},"loc":{"start":{"line":116,"column":40},"end":{"line":126,"column":3}},"line":116}},"branchMap":{"0":{"loc":{"start":{"line":19,"column":4},"end":{"line":21,"column":5}},"type":"if","locations":[{"start":{"line":19,"column":4},"end":{"line":21,"column":5}},{"start":{},"end":{}}],"line":19},"1":{"loc":{"start":{"line":23,"column":4},"end":{"line":25,"column":5}},"type":"if","locations":[{"start":{"line":23,"column":4},"end":{"line":25,"column":5}},{"start":{},"end":{}}],"line":23},"2":{"loc":{"start":{"line":65,"column":37},"end":{"line":65,"column":57}},"type":"default-arg","locations":[{"start":{"line":65,"column":54},"end":{"line":65,"column":57}}],"line":65},"3":{"loc":{"start":{"line":78,"column":45},"end":{"line":78,"column":65}},"type":"default-arg","locations":[{"start":{"line":78,"column":62},"end":{"line":78,"column":65}}],"line":78},"4":{"loc":{"start":{"line":98,"column":4},"end":{"line":100,"column":5}},"type":"if","locations":[{"start":{"line":98,"column":4},"end":{"line":100,"column":5}},{"start":{},"end":{}}],"line":98},"5":{"loc":{"start":{"line":102,"column":4},"end":{"line":104,"column":5}},"type":"if","locations":[{"start":{"line":102,"column":4},"end":{"line":104,"column":5}},{"start":{},"end":{}}],"line":102},"6":{"loc":{"start":{"line":117,"column":4},"end":{"line":119,"column":5}},"type":"if","locations":[{"start":{"line":117,"column":4},"end":{"line":119,"column":5}},{"start":{},"end":{}}],"line":117},"7":{"loc":{"start":{"line":121,"column":4},"end":{"line":123,"column":5}},"type":"if","locations":[{"start":{"line":121,"column":4},"end":{"line":123,"column":5}},{"start":{},"end":{}}],"line":121}},"s":{"0":0,"1":0,"2":0,"3":0,"4":0,"5":0,"6":0,"7":0,"8":0,"9":0,"10":0,"11":0,"12":0,"13":0,"14":0,"15":0,"16":0,"17":0,"18":0,"19":0,"20":0,"21":0,"22":0,"23":0,"24":0,"25":0,"26":0,"27":0},"f":{"0":0,"1":0,"2":0,"3":0,"4":0,"5":0,"6":0,"7":0,"8":0},"b":{"0":[0,0],"1":[0,0],"2":[0],"3":[0],"4":[0,0],"5":[0,0],"6":[0,0],"7":[0,0]}}
,"/Users/eslam/ReactNative/react-native-common-components/src/utils/StatusBarHeight.ts": {"path":"/Users/eslam/ReactNative/react-native-common-components/src/utils/StatusBarHeight.ts","statementMap":{"0":{"start":{"line":4,"column":41},"end":{"line":4,"column":43}},"1":{"start":{"line":5,"column":35},"end":{"line":5,"column":37}},"2":{"start":{"line":6,"column":38},"end":{"line":6,"column":40}},"3":{"start":{"line":7,"column":41},"end":{"line":7,"column":43}},"4":{"start":{"line":8,"column":41},"end":{"line":8,"column":43}},"5":{"start":{"line":9,"column":41},"end":{"line":9,"column":43}},"6":{"start":{"line":10,"column":41},"end":{"line":10,"column":43}},"7":{"start":{"line":12,"column":24},"end":{"line":12,"column":27}},"8":{"start":{"line":13,"column":25},"end":{"line":13,"column":28}},"9":{"start":{"line":15,"column":28},"end":{"line":15,"column":31}},"10":{"start":{"line":16,"column":29},"end":{"line":16,"column":32}},"11":{"start":{"line":18,"column":27},"end":{"line":18,"column":30}},"12":{"start":{"line":19,"column":28},"end":{"line":19,"column":31}},"13":{"start":{"line":21,"column":30},"end":{"line":21,"column":33}},"14":{"start":{"line":22,"column":31},"end":{"line":22,"column":34}},"15":{"start":{"line":24,"column":30},"end":{"line":24,"column":33}},"16":{"start":{"line":25,"column":31},"end":{"line":25,"column":34}},"17":{"start":{"line":27,"column":30},"end":{"line":27,"column":33}},"18":{"start":{"line":28,"column":31},"end":{"line":28,"column":34}},"19":{"start":{"line":30,"column":30},"end":{"line":30,"column":33}},"20":{"start":{"line":31,"column":31},"end":{"line":31,"column":34}},"21":{"start":{"line":33,"column":45},"end":{"line":33,"column":69}},"22":{"start":{"line":35,"column":30},"end":{"line":35,"column":54}},"23":{"start":{"line":36,"column":27},"end":{"line":36,"column":32}},"24":{"start":{"line":37,"column":30},"end":{"line":37,"column":35}},"25":{"start":{"line":38,"column":28},"end":{"line":38,"column":33}},"26":{"start":{"line":39,"column":31},"end":{"line":39,"column":36}},"27":{"start":{"line":40,"column":31},"end":{"line":40,"column":36}},"28":{"start":{"line":41,"column":31},"end":{"line":41,"column":36}},"29":{"start":{"line":42,"column":31},"end":{"line":42,"column":36}},"30":{"start":{"line":43,"column":38},"end":{"line":43,"column":43}},"31":{"start":{"line":45,"column":0},"end":{"line":75,"column":1}},"32":{"start":{"line":46,"column":2},"end":{"line":74,"column":3}},"33":{"start":{"line":47,"column":4},"end":{"line":47,"column":34}},"34":{"start":{"line":48,"column":4},"end":{"line":48,"column":23}},"35":{"start":{"line":49,"column":4},"end":{"line":49,"column":41}},"36":{"start":{"line":50,"column":9},"end":{"line":74,"column":3}},"37":{"start":{"line":51,"column":4},"end":{"line":51,"column":34}},"38":{"start":{"line":52,"column":4},"end":{"line":52,"column":26}},"39":{"start":{"line":53,"column":4},"end":{"line":53,"column":41}},"40":{"start":{"line":54,"column":9},"end":{"line":74,"column":3}},"41":{"start":{"line":55,"column":4},"end":{"line":55,"column":34}},"42":{"start":{"line":56,"column":4},"end":{"line":56,"column":24}},"43":{"start":{"line":57,"column":4},"end":{"line":57,"column":44}},"44":{"start":{"line":58,"column":9},"end":{"line":74,"column":3}},"45":{"start":{"line":59,"column":4},"end":{"line":59,"column":34}},"46":{"start":{"line":60,"column":4},"end":{"line":60,"column":27}},"47":{"start":{"line":61,"column":4},"end":{"line":61,"column":47}},"48":{"start":{"line":62,"column":9},"end":{"line":74,"column":3}},"49":{"start":{"line":63,"column":4},"end":{"line":63,"column":34}},"50":{"start":{"line":64,"column":4},"end":{"line":64,"column":27}},"51":{"start":{"line":65,"column":4},"end":{"line":65,"column":47}},"52":{"start":{"line":66,"column":9},"end":{"line":74,"column":3}},"53":{"start":{"line":67,"column":4},"end":{"line":67,"column":34}},"54":{"start":{"line":68,"column":4},"end":{"line":68,"column":27}},"55":{"start":{"line":69,"column":4},"end":{"line":69,"column":47}},"56":{"start":{"line":70,"column":9},"end":{"line":74,"column":3}},"57":{"start":{"line":71,"column":4},"end":{"line":71,"column":34}},"58":{"start":{"line":72,"column":4},"end":{"line":72,"column":27}},"59":{"start":{"line":73,"column":4},"end":{"line":73,"column":47}},"60":{"start":{"line":77,"column":25},"end":{"line":77,"column":51}},"61":{"start":{"line":77,"column":40},"end":{"line":77,"column":51}},"62":{"start":{"line":78,"column":28},"end":{"line":78,"column":57}},"63":{"start":{"line":78,"column":43},"end":{"line":78,"column":57}},"64":{"start":{"line":79,"column":26},"end":{"line":79,"column":53}},"65":{"start":{"line":79,"column":41},"end":{"line":79,"column":53}},"66":{"start":{"line":80,"column":29},"end":{"line":80,"column":59}},"67":{"start":{"line":80,"column":44},"end":{"line":80,"column":59}},"68":{"start":{"line":81,"column":29},"end":{"line":81,"column":59}},"69":{"start":{"line":81,"column":44},"end":{"line":81,"column":59}},"70":{"start":{"line":82,"column":29},"end":{"line":82,"column":59}},"71":{"start":{"line":82,"column":44},"end":{"line":82,"column":59}},"72":{"start":{"line":83,"column":29},"end":{"line":83,"column":59}},"73":{"start":{"line":83,"column":44},"end":{"line":83,"column":59}},"74":{"start":{"line":84,"column":36},"end":{"line":84,"column":73}},"75":{"start":{"line":84,"column":51},"end":{"line":84,"column":73}},"76":{"start":{"line":86,"column":34},"end":{"line":92,"column":1}},"77":{"start":{"line":87,"column":2},"end":{"line":91,"column":5}}},"fnMap":{"0":{"name":"(anonymous_0)","decl":{"start":{"line":77,"column":25},"end":{"line":77,"column":26}},"loc":{"start":{"line":77,"column":40},"end":{"line":77,"column":51}},"line":77},"1":{"name":"(anonymous_1)","decl":{"start":{"line":78,"column":28},"end":{"line":78,"column":29}},"loc":{"start":{"line":78,"column":43},"end":{"line":78,"column":57}},"line":78},"2":{"name":"(anonymous_2)","decl":{"start":{"line":79,"column":26},"end":{"line":79,"column":27}},"loc":{"start":{"line":79,"column":41},"end":{"line":79,"column":53}},"line":79},"3":{"name":"(anonymous_3)","decl":{"start":{"line":80,"column":29},"end":{"line":80,"column":30}},"loc":{"start":{"line":80,"column":44},"end":{"line":80,"column":59}},"line":80},"4":{"name":"(anonymous_4)","decl":{"start":{"line":81,"column":29},"end":{"line":81,"column":30}},"loc":{"start":{"line":81,"column":44},"end":{"line":81,"column":59}},"line":81},"5":{"name":"(anonymous_5)","decl":{"start":{"line":82,"column":29},"end":{"line":82,"column":30}},"loc":{"start":{"line":82,"column":44},"end":{"line":82,"column":59}},"line":82},"6":{"name":"(anonymous_6)","decl":{"start":{"line":83,"column":29},"end":{"line":83,"column":30}},"loc":{"start":{"line":83,"column":44},"end":{"line":83,"column":59}},"line":83},"7":{"name":"(anonymous_7)","decl":{"start":{"line":84,"column":36},"end":{"line":84,"column":37}},"loc":{"start":{"line":84,"column":51},"end":{"line":84,"column":73}},"line":84},"8":{"name":"(anonymous_8)","decl":{"start":{"line":86,"column":34},"end":{"line":86,"column":35}},"loc":{"start":{"line":86,"column":69},"end":{"line":92,"column":1}},"line":86}},"branchMap":{"0":{"loc":{"start":{"line":45,"column":0},"end":{"line":75,"column":1}},"type":"if","locations":[{"start":{"line":45,"column":0},"end":{"line":75,"column":1}},{"start":{},"end":{}}],"line":45},"1":{"loc":{"start":{"line":45,"column":4},"end":{"line":45,"column":62}},"type":"binary-expr","locations":[{"start":{"line":45,"column":4},"end":{"line":45,"column":25}},{"start":{"line":45,"column":29},"end":{"line":45,"column":44}},{"start":{"line":45,"column":48},"end":{"line":45,"column":62}}],"line":45},"2":{"loc":{"start":{"line":46,"column":2},"end":{"line":74,"column":3}},"type":"if","locations":[{"start":{"line":46,"column":2},"end":{"line":74,"column":3}},{"start":{"line":50,"column":9},"end":{"line":74,"column":3}}],"line":46},"3":{"loc":{"start":{"line":46,"column":6},"end":{"line":46,"column":50}},"type":"binary-expr","locations":[{"start":{"line":46,"column":6},"end":{"line":46,"column":25}},{"start":{"line":46,"column":29},"end":{"line":46,"column":50}}],"line":46},"4":{"loc":{"start":{"line":50,"column":9},"end":{"line":74,"column":3}},"type":"if","locations":[{"start":{"line":50,"column":9},"end":{"line":74,"column":3}},{"start":{"line":54,"column":9},"end":{"line":74,"column":3}}],"line":50},"5":{"loc":{"start":{"line":50,"column":13},"end":{"line":50,"column":65}},"type":"binary-expr","locations":[{"start":{"line":50,"column":13},"end":{"line":50,"column":36}},{"start":{"line":50,"column":40},"end":{"line":50,"column":65}}],"line":50},"6":{"loc":{"start":{"line":54,"column":9},"end":{"line":74,"column":3}},"type":"if","locations":[{"start":{"line":54,"column":9},"end":{"line":74,"column":3}},{"start":{"line":58,"column":9},"end":{"line":74,"column":3}}],"line":54},"7":{"loc":{"start":{"line":54,"column":13},"end":{"line":54,"column":63}},"type":"binary-expr","locations":[{"start":{"line":54,"column":13},"end":{"line":54,"column":35}},{"start":{"line":54,"column":39},"end":{"line":54,"column":63}}],"line":54},"8":{"loc":{"start":{"line":58,"column":9},"end":{"line":74,"column":3}},"type":"if","locations":[{"start":{"line":58,"column":9},"end":{"line":74,"column":3}},{"start":{"line":62,"column":9},"end":{"line":74,"column":3}}],"line":58},"9":{"loc":{"start":{"line":58,"column":13},"end":{"line":58,"column":69}},"type":"binary-expr","locations":[{"start":{"line":58,"column":13},"end":{"line":58,"column":38}},{"start":{"line":58,"column":42},"end":{"line":58,"column":69}}],"line":58},"10":{"loc":{"start":{"line":62,"column":9},"end":{"line":74,"column":3}},"type":"if","locations":[{"start":{"line":62,"column":9},"end":{"line":74,"column":3}},{"start":{"line":66,"column":9},"end":{"line":74,"column":3}}],"line":62},"11":{"loc":{"start":{"line":62,"column":13},"end":{"line":62,"column":69}},"type":"binary-expr","locations":[{"start":{"line":62,"column":13},"end":{"line":62,"column":38}},{"start":{"line":62,"column":42},"end":{"line":62,"column":69}}],"line":62},"12":{"loc":{"start":{"line":66,"column":9},"end":{"line":74,"column":3}},"type":"if","locations":[{"start":{"line":66,"column":9},"end":{"line":74,"column":3}},{"start":{"line":70,"column":9},"end":{"line":74,"column":3}}],"line":66},"13":{"loc":{"start":{"line":66,"column":13},"end":{"line":66,"column":69}},"type":"binary-expr","locations":[{"start":{"line":66,"column":13},"end":{"line":66,"column":38}},{"start":{"line":66,"column":42},"end":{"line":66,"column":69}}],"line":66},"14":{"loc":{"start":{"line":70,"column":9},"end":{"line":74,"column":3}},"type":"if","locations":[{"start":{"line":70,"column":9},"end":{"line":74,"column":3}},{"start":{},"end":{}}],"line":70},"15":{"loc":{"start":{"line":70,"column":13},"end":{"line":70,"column":69}},"type":"binary-expr","locations":[{"start":{"line":70,"column":13},"end":{"line":70,"column":38}},{"start":{"line":70,"column":42},"end":{"line":70,"column":69}}],"line":70},"16":{"loc":{"start":{"line":89,"column":13},"end":{"line":89,"column":61}},"type":"cond-expr","locations":[{"start":{"line":89,"column":27},"end":{"line":89,"column":28}},{"start":{"line":89,"column":32},"end":{"line":89,"column":60}}],"line":89},"17":{"loc":{"start":{"line":89,"column":32},"end":{"line":89,"column":60}},"type":"binary-expr","locations":[{"start":{"line":89,"column":32},"end":{"line":89,"column":55}},{"start":{"line":89,"column":59},"end":{"line":89,"column":60}}],"line":89}},"s":{"0":0,"1":0,"2":0,"3":0,"4":0,"5":0,"6":0,"7":0,"8":0,"9":0,"10":0,"11":0,"12":0,"13":0,"14":0,"15":0,"16":0,"17":0,"18":0,"19":0,"20":0,"21":0,"22":0,"23":0,"24":0,"25":0,"26":0,"27":0,"28":0,"29":0,"30":0,"31":0,"32":0,"33":0,"34":0,"35":0,"36":0,"37":0,"38":0,"39":0,"40":0,"41":0,"42":0,"43":0,"44":0,"45":0,"46":0,"47":0,"48":0,"49":0,"50":0,"51":0,"52":0,"53":0,"54":0,"55":0,"56":0,"57":0,"58":0,"59":0,"60":0,"61":0,"62":0,"63":0,"64":0,"65":0,"66":0,"67":0,"68":0,"69":0,"70":0,"71":0,"72":0,"73":0,"74":0,"75":0,"76":0,"77":0},"f":{"0":0,"1":0,"2":0,"3":0,"4":0,"5":0,"6":0,"7":0,"8":0},"b":{"0":[0,0],"1":[0,0,0],"2":[0,0],"3":[0,0],"4":[0,0],"5":[0,0],"6":[0,0],"7":[0,0],"8":[0,0],"9":[0,0],"10":[0,0],"11":[0,0],"12":[0,0],"13":[0,0],"14":[0,0],"15":[0,0],"16":[0,0],"17":[0,0]}}
,"/Users/eslam/ReactNative/react-native-common-components/src/utils/StringUtils.ts": {"path":"/Users/eslam/ReactNative/react-native-common-components/src/utils/StringUtils.ts","statementMap":{"0":{"start":{"line":8,"column":34},"end":{"line":9,"column":75}},"1":{"start":{"line":9,"column":2},"end":{"line":9,"column":75}}},"fnMap":{"0":{"name":"(anonymous_0)","decl":{"start":{"line":8,"column":34},"end":{"line":8,"column":35}},"loc":{"start":{"line":9,"column":2},"end":{"line":9,"column":75}},"line":9}},"branchMap":{"0":{"loc":{"start":{"line":8,"column":51},"end":{"line":8,"column":70}},"type":"default-arg","locations":[{"start":{"line":8,"column":68},"end":{"line":8,"column":70}}],"line":8},"1":{"loc":{"start":{"line":9,"column":2},"end":{"line":9,"column":75}},"type":"cond-expr","locations":[{"start":{"line":9,"column":27},"end":{"line":9,"column":66}},{"start":{"line":9,"column":69},"end":{"line":9,"column":75}}],"line":9}},"s":{"0":3,"1":28},"f":{"0":28},"b":{"0":[3],"1":[16,12]},"_coverageSchema":"1a1c01bbd47fc00a2c39e90264f33305004495a9","hash":"274c4ff4d53219dfad44e6c576f92b45b7436b34"}
,"/Users/eslam/ReactNative/react-native-common-components/src/utils/ValidationUtils.ts": {"path":"/Users/eslam/ReactNative/react-native-common-components/src/utils/ValidationUtils.ts","statementMap":{"0":{"start":{"line":6,"column":26},"end":{"line":6,"column":41}},"1":{"start":{"line":13,"column":30},"end":{"line":13,"column":61}},"2":{"start":{"line":21,"column":2},"end":{"line":21,"column":78}},"3":{"start":{"line":29,"column":2},"end":{"line":29,"column":57}},"4":{"start":{"line":43,"column":2},"end":{"line":43,"column":66}}},"fnMap":{},"branchMap":{},"s":{"0":3,"1":3,"2":3,"3":3,"4":3},"f":{},"b":{},"_coverageSchema":"1a1c01bbd47fc00a2c39e90264f33305004495a9","hash":"b3d733d68af8583964fac50c3fb428842dc055c7"}
,"/Users/eslam/ReactNative/react-native-common-components/src/utils/index.ts": {"path":"/Users/eslam/ReactNative/react-native-common-components/src/utils/index.ts","statementMap":{},"fnMap":{},"branchMap":{},"s":{},"f":{},"b":{},"_coverageSchema":"1a1c01bbd47fc00a2c39e90264f33305004495a9","hash":"3feffec678b7aef6cfe67e91a77f2ad167c63ec2"}
}
