TN:
SF:src/NativeReactNativeCommonComponents.ts
FNF:0
FNH:0
LF:0
LH:0
BRF:0
BRH:0
end_of_record
TN:
SF:src/components/index.ts
FNF:0
FNH:0
LF:0
LH:0
BRF:0
BRH:0
end_of_record
TN:
SF:src/components/Accordion/Accordion.styles.ts
FNF:0
FNH:0
DA:7,0
LF:1
LH:0
BRF:0
BRH:0
end_of_record
TN:
SF:src/components/Accordion/Accordion.tsx
FN:15,(anonymous_0)
FN:45,(anonymous_1)
FN:82,(anonymous_2)
FN:90,(anonymous_3)
FN:95,(anonymous_4)
FN:134,(anonymous_5)
FNF:6
FNH:6
FNDA:15,(anonymous_0)
FNDA:4,(anonymous_1)
FNDA:2,(anonymous_2)
FNDA:15,(anonymous_3)
FNDA:15,(anonymous_4)
FNDA:9,(anonymous_5)
DA:14,1
DA:23,15
DA:30,15
DA:32,15
DA:33,15
DA:36,15
DA:38,15
DA:39,15
DA:40,15
DA:41,15
DA:42,15
DA:43,15
DA:45,15
DA:46,4
DA:48,4
DA:49,3
DA:54,3
DA:59,1
DA:64,1
DA:70,4
DA:81,15
DA:83,2
DA:84,2
DA:90,15
DA:95,15
DA:99,15
DA:133,1
DA:135,9
DA:136,9
DA:137,9
DA:139,0
DA:140,0
DA:145,1
LF:33
LH:31
BRDA:30,0,0,15
BRDA:30,0,1,12
BRDA:48,1,0,3
BRDA:48,1,1,1
BRDA:83,2,0,2
BRDA:83,2,1,0
BRDA:112,3,0,15
BRDA:112,3,1,14
BRDA:114,4,0,15
BRDA:114,4,1,14
BRDA:115,5,0,14
BRDA:115,5,1,0
BRF:12
BRH:10
end_of_record
TN:
SF:src/components/Accordion/index.ts
FNF:0
FNH:0
LF:0
LH:0
BRF:0
BRH:0
end_of_record
TN:
SF:src/components/AlertDialog/AlertDialog.styles.ts
FNF:0
FNH:0
DA:7,0
LF:1
LH:0
BRF:0
BRH:0
end_of_record
TN:
SF:src/components/AlertDialog/AlertDialog.tsx
FN:16,(anonymous_0)
FN:57,(anonymous_1)
FNF:2
FNH:2
FNDA:25,(anonymous_0)
FNDA:30,(anonymous_1)
DA:15,2
DA:25,25
DA:27,25
DA:32,25
DA:34,25
DA:58,30
DA:63,30
DA:66,30
DA:68,30
DA:89,0
DA:97,2
LF:11
LH:10
BRDA:27,0,0,25
BRDA:27,0,1,0
BRDA:32,1,0,25
BRDA:32,1,1,24
BRDA:39,2,0,25
BRDA:39,2,1,22
BRDA:41,3,0,22
BRDA:41,3,1,21
BRDA:42,4,0,22
BRDA:42,4,1,21
BRDA:48,5,0,25
BRDA:48,5,1,9
BRDA:48,6,0,9
BRDA:48,6,1,8
BRDA:52,7,0,2
BRDA:52,7,1,23
BRDA:52,8,0,25
BRDA:52,8,1,7
BRDA:58,9,0,30
BRDA:58,9,1,0
BRDA:63,10,0,30
BRDA:63,10,1,29
BRDA:66,11,0,30
BRDA:66,11,1,29
BRDA:73,12,0,6
BRDA:73,12,1,24
BRDA:73,13,0,30
BRDA:73,13,1,0
BRF:28
BRH:25
end_of_record
TN:
SF:src/components/AlertDialog/index.ts
FNF:0
FNH:0
LF:0
LH:0
BRF:0
BRH:0
end_of_record
TN:
SF:src/components/Button/Button.styles.ts
FNF:0
FNH:0
DA:7,0
LF:1
LH:0
BRF:0
BRH:0
end_of_record
TN:
SF:src/components/Button/Button.tsx
FN:17,(anonymous_0)
FNF:1
FNH:1
FNDA:92,(anonymous_0)
DA:16,6
DA:43,92
DA:45,92
DA:47,92
DA:49,92
DA:54,92
DA:58,92
DA:62,92
DA:67,92
DA:72,92
DA:74,92
DA:78,92
DA:83,92
DA:88,92
DA:90,92
DA:102,92
DA:104,92
DA:106,92
DA:177,6
LF:19
LH:19
BRDA:45,0,0,92
BRDA:45,0,1,60
BRDA:47,1,0,3
BRDA:47,1,1,89
BRDA:54,2,0,92
BRDA:54,2,1,33
BRDA:55,3,0,92
BRDA:55,3,1,58
BRDA:58,4,0,0
BRDA:58,4,1,92
BRDA:62,5,0,92
BRDA:62,5,1,0
BRDA:67,6,0,62
BRDA:67,6,1,30
BRDA:67,7,0,92
BRDA:67,7,1,30
BRDA:69,8,0,30
BRDA:69,8,1,0
BRDA:75,9,0,92
BRDA:75,9,1,82
BRDA:75,9,2,81
BRDA:79,10,0,92
BRDA:79,10,1,89
BRDA:79,10,2,88
BRDA:83,11,0,4
BRDA:83,11,1,88
BRDA:83,12,0,92
BRDA:83,12,1,90
BRDA:85,13,0,88
BRDA:85,13,1,78
BRDA:88,14,0,3
BRDA:88,14,1,89
BRDA:88,15,0,92
BRDA:88,15,1,91
BRDA:88,16,0,89
BRDA:88,16,1,85
BRDA:90,17,0,92
BRDA:90,17,1,58
BRDA:102,18,0,92
BRDA:102,18,1,0
BRDA:104,19,0,92
BRDA:104,19,1,0
BRDA:158,20,0,92
BRDA:158,20,1,92
BRF:44
BRH:39
end_of_record
TN:
SF:src/components/Button/Icon.tsx
FN:12,(anonymous_0)
FNF:1
FNH:1
FNDA:184,(anonymous_0)
DA:12,6
DA:13,184
DA:14,184
DA:16,184
DA:21,184
DA:22,0
DA:25,184
DA:26,0
DA:27,0
DA:29,0
DA:33,0
DA:34,0
DA:38,184
DA:39,58
DA:41,58
DA:43,58
DA:47,0
DA:52,0
DA:56,126
LF:19
LH:11
BRDA:14,0,0,184
BRDA:14,0,1,0
BRDA:21,1,0,0
BRDA:21,1,1,184
BRDA:25,2,0,0
BRDA:25,2,1,184
BRDA:38,3,0,58
BRDA:38,3,1,126
BRF:8
BRH:5
end_of_record
TN:
SF:src/components/Button/index.ts
FNF:0
FNH:0
LF:0
LH:0
BRF:0
BRH:0
end_of_record
TN:
SF:src/components/CompoundButton/Checkbox.tsx
FN:19,(anonymous_0)
FNF:1
FNH:0
FNDA:0,(anonymous_0)
DA:18,3
DA:32,0
DA:34,0
DA:35,0
DA:36,0
DA:37,0
DA:49,0
DA:51,0
DA:53,0
DA:108,3
LF:10
LH:2
BRDA:34,0,0,0
BRDA:34,0,1,0
BRDA:35,1,0,0
BRDA:35,1,1,0
BRDA:37,2,0,0
BRDA:37,2,1,0
BRDA:49,3,0,0
BRDA:49,3,1,0
BRDA:51,4,0,0
BRDA:51,4,1,0
BRDA:82,5,0,0
BRDA:82,5,1,0
BRDA:87,6,0,0
BRDA:87,6,1,0
BRDA:93,7,0,0
BRDA:93,7,1,0
BRDA:93,7,2,0
BRF:17
BRH:0
end_of_record
TN:
SF:src/components/CompoundButton/CompoundButton.styles.ts
FNF:0
FNH:0
DA:7,0
LF:1
LH:0
BRF:0
BRH:0
end_of_record
TN:
SF:src/components/CompoundButton/RadioButton.tsx
FN:19,(anonymous_0)
FNF:1
FNH:0
FNDA:0,(anonymous_0)
DA:18,3
DA:32,0
DA:34,0
DA:35,0
DA:36,0
DA:37,0
DA:49,0
DA:51,0
DA:53,0
DA:109,3
LF:10
LH:2
BRDA:34,0,0,0
BRDA:34,0,1,0
BRDA:35,1,0,0
BRDA:35,1,1,0
BRDA:37,2,0,0
BRDA:37,2,1,0
BRDA:49,3,0,0
BRDA:49,3,1,0
BRDA:51,4,0,0
BRDA:51,4,1,0
BRDA:82,5,0,0
BRDA:82,5,1,0
BRDA:87,6,0,0
BRDA:87,6,1,0
BRDA:88,7,0,0
BRDA:88,7,1,0
BRDA:94,8,0,0
BRDA:94,8,1,0
BRDA:94,8,2,0
BRF:19
BRH:0
end_of_record
TN:
SF:src/components/CompoundButton/index.ts
FNF:0
FNH:0
LF:0
LH:0
BRF:0
BRH:0
end_of_record
TN:
SF:src/components/Dialog/Dialog.styles.ts
FNF:0
FNH:0
DA:7,0
LF:1
LH:0
BRF:0
BRH:0
end_of_record
TN:
SF:src/components/Dialog/Dialog.tsx
FN:15,(anonymous_0)
FN:27,(anonymous_1)
FN:41,(anonymous_2)
FN:47,(anonymous_3)
FN:111,(anonymous_4)
FNF:5
FNH:0
FNDA:0,(anonymous_0)
FNDA:0,(anonymous_1)
FNDA:0,(anonymous_2)
FNDA:0,(anonymous_3)
FNDA:0,(anonymous_4)
DA:14,4
DA:25,0
DA:27,0
DA:28,0
DA:29,0
DA:31,0
DA:32,0
DA:35,0
DA:37,0
DA:41,0
DA:42,0
DA:47,0
DA:48,0
DA:52,0
DA:53,0
DA:64,0
DA:66,0
DA:67,0
DA:68,0
DA:70,0
DA:71,0
DA:72,0
DA:74,0
DA:75,0
DA:76,0
DA:79,0
DA:81,0
DA:86,0
DA:88,0
DA:121,0
DA:125,4
LF:31
LH:2
BRDA:28,0,0,0
BRDA:28,0,1,0
BRDA:29,1,0,0
BRDA:29,1,1,0
BRDA:31,2,0,0
BRDA:31,2,1,0
BRDA:31,3,0,0
BRDA:31,3,1,0
BRDA:52,4,0,0
BRDA:52,4,1,0
BRDA:64,5,0,0
BRDA:64,5,1,0
BRDA:64,5,2,0
BRDA:79,6,0,0
BRDA:79,6,1,0
BRDA:83,7,0,0
BRDA:83,7,1,0
BRDA:86,8,0,0
BRDA:86,8,1,0
BRDA:92,9,0,0
BRDA:92,9,1,0
BRF:21
BRH:0
end_of_record
TN:
SF:src/components/Dialog/index.ts
FNF:0
FNH:0
LF:0
LH:0
BRF:0
BRH:0
end_of_record
TN:
SF:src/components/FlatList/FlatList.styles.ts
FNF:0
FNH:0
DA:4,0
LF:1
LH:0
BRF:0
BRH:0
end_of_record
TN:
SF:src/components/FlatList/FlatList.tsx
FN:17,(anonymous_0)
FN:47,(anonymous_1)
FNF:2
FNH:2
FNDA:15,(anonymous_0)
FNDA:1,(anonymous_1)
DA:16,3
DA:36,15
DA:38,15
DA:47,1
DA:75,3
LF:5
LH:5
BRDA:42,0,0,15
BRDA:42,0,1,14
BRDA:43,1,0,15
BRDA:43,1,1,14
BRDA:45,2,0,15
BRDA:45,2,1,14
BRDA:46,3,0,15
BRDA:46,3,1,14
BRDA:47,4,0,15
BRDA:47,4,1,14
BRDA:48,5,0,15
BRDA:48,5,1,14
BRDA:51,6,0,2
BRDA:51,6,1,13
BRDA:60,7,0,3
BRDA:60,7,1,12
BRDA:60,8,0,15
BRDA:60,8,1,14
BRDA:62,9,0,1
BRDA:62,9,1,2
BRDA:63,10,0,3
BRDA:63,10,1,2
BRDA:64,11,0,3
BRDA:64,11,1,0
BRDA:65,12,0,3
BRDA:65,12,1,1
BRF:26
BRH:25
end_of_record
TN:
SF:src/components/FlatList/index.ts
FNF:0
FNH:0
LF:0
LH:0
BRF:0
BRH:0
end_of_record
TN:
SF:src/components/IconButton/Icon.tsx
FN:12,(anonymous_0)
FNF:1
FNH:0
FNDA:0,(anonymous_0)
DA:12,0
DA:14,0
DA:16,0
DA:19,0
DA:21,0
DA:30,0
DA:31,0
DA:34,0
DA:35,0
DA:36,0
DA:38,0
DA:42,0
DA:46,0
DA:47,0
DA:49,0
DA:51,0
DA:55,0
DA:59,0
LF:18
LH:0
BRDA:16,0,0,0
BRDA:16,0,1,0
BRDA:19,1,0,0
BRDA:19,1,1,0
BRDA:19,2,0,0
BRDA:19,2,1,0
BRDA:26,3,0,0
BRDA:26,3,1,0
BRDA:30,4,0,0
BRDA:30,4,1,0
BRDA:34,5,0,0
BRDA:34,5,1,0
BRDA:46,6,0,0
BRDA:46,6,1,0
BRF:14
BRH:0
end_of_record
TN:
SF:src/components/IconButton/IconButton.styles.ts
FNF:0
FNH:0
DA:4,0
LF:1
LH:0
BRF:0
BRH:0
end_of_record
TN:
SF:src/components/IconButton/IconButton.tsx
FN:20,(anonymous_0)
FNF:1
FNH:1
FNDA:24,(anonymous_0)
DA:19,1
DA:37,24
DA:39,24
DA:40,24
DA:41,24
DA:42,24
DA:44,24
DA:83,1
DA:88,1
LF:9
LH:9
BRDA:39,0,0,24
BRDA:39,0,1,21
BRDA:40,1,0,24
BRDA:40,1,1,22
BRDA:41,2,0,2
BRDA:41,2,1,22
BRF:6
BRH:6
end_of_record
TN:
SF:src/components/IconButton/index.ts
FNF:0
FNH:0
LF:0
LH:0
BRF:0
BRH:0
end_of_record
TN:
SF:src/components/ImagePlaceholder/Image.tsx
FN:13,(anonymous_0)
FN:104,(anonymous_1)
FN:105,(anonymous_2)
FN:106,(anonymous_3)
FN:107,(anonymous_4)
FNF:5
FNH:0
FNDA:0,(anonymous_0)
FNDA:0,(anonymous_1)
FNDA:0,(anonymous_2)
FNDA:0,(anonymous_3)
FNDA:0,(anonymous_4)
DA:12,0
DA:14,0
DA:15,0
DA:34,0
DA:38,0
DA:40,0
DA:41,0
DA:43,0
DA:44,0
DA:46,0
DA:47,0
DA:49,0
DA:50,0
DA:55,0
DA:57,0
DA:58,0
DA:60,0
DA:61,0
DA:63,0
DA:64,0
DA:69,0
DA:71,0
DA:72,0
DA:74,0
DA:75,0
DA:77,0
DA:78,0
DA:81,0
DA:83,0
DA:84,0
DA:87,0
DA:104,0
DA:105,0
DA:106,0
DA:110,0
DA:130,0
DA:131,0
LF:37
LH:0
BRDA:38,0,0,0
BRDA:38,0,1,0
BRDA:38,0,2,0
BRDA:38,0,3,0
BRDA:55,1,0,0
BRDA:55,1,1,0
BRDA:55,1,2,0
BRDA:69,2,0,0
BRDA:69,2,1,0
BRDA:69,2,2,0
BRDA:83,3,0,0
BRDA:83,3,1,0
BRDA:99,4,0,0
BRDA:99,4,1,0
BRDA:99,4,2,0
BRDA:111,5,0,0
BRDA:111,5,1,0
BRDA:118,6,0,0
BRDA:118,6,1,0
BRF:19
BRH:0
end_of_record
TN:
SF:src/components/ImagePlaceholder/ImagePlaceholder.styles.ts
FNF:0
FNH:0
DA:4,0
LF:1
LH:0
BRF:0
BRH:0
end_of_record
TN:
SF:src/components/ImagePlaceholder/ImagePlaceholder.tsx
FN:15,(anonymous_0)
FNF:1
FNH:1
FNDA:19,(anonymous_0)
DA:14,1
DA:28,19
DA:30,19
DA:31,19
DA:32,19
DA:33,19
DA:36,19
DA:40,19
DA:73,1
LF:9
LH:9
BRDA:36,0,0,15
BRDA:36,0,1,4
BRDA:36,1,0,19
BRDA:36,1,1,4
BRF:4
BRH:4
end_of_record
TN:
SF:src/components/ImagePlaceholder/Loading.tsx
FN:13,(anonymous_0)
FN:39,(anonymous_1)
FNF:2
FNH:0
FNDA:0,(anonymous_0)
FNDA:0,(anonymous_1)
DA:12,0
DA:14,0
DA:15,0
DA:16,0
DA:24,0
DA:26,0
DA:40,0
DA:60,0
DA:61,0
LF:9
LH:0
BRDA:33,0,0,0
BRDA:33,0,1,0
BRDA:33,1,0,0
BRDA:33,1,1,0
BRDA:41,2,0,0
BRDA:41,2,1,0
BRDA:48,3,0,0
BRDA:48,3,1,0
BRDA:52,4,0,0
BRDA:52,4,1,0
BRDA:52,5,0,0
BRDA:52,5,1,0
BRF:12
BRH:0
end_of_record
TN:
SF:src/components/ImagePlaceholder/Placeholder.tsx
FN:12,(anonymous_0)
FNF:1
FNH:0
FNDA:0,(anonymous_0)
DA:11,0
DA:20,0
DA:22,0
DA:23,0
DA:25,0
DA:26,0
DA:38,0
DA:39,0
DA:40,0
DA:42,0
DA:53,0
DA:54,0
DA:58,0
DA:61,0
LF:14
LH:0
BRDA:22,0,0,0
BRDA:22,0,1,0
BRDA:22,1,0,0
BRDA:22,1,1,0
BRDA:22,1,2,0
BRDA:23,2,0,0
BRDA:23,2,1,0
BRDA:25,3,0,0
BRDA:25,3,1,0
BRDA:38,4,0,0
BRDA:38,4,1,0
BRF:11
BRH:0
end_of_record
TN:
SF:src/components/ImagePlaceholder/index.ts
FNF:0
FNH:0
LF:0
LH:0
BRF:0
BRH:0
end_of_record
TN:
SF:src/components/LoadingDialog/LoadingDialog.styles.ts
FNF:0
FNH:0
DA:4,0
LF:1
LH:0
BRF:0
BRH:0
end_of_record
TN:
SF:src/components/LoadingDialog/LoadingDialog.tsx
FN:18,(anonymous_0)
FNF:1
FNH:1
FNDA:58,(anonymous_0)
DA:17,1
DA:20,58
DA:26,58
DA:29,58
DA:31,58
DA:51,1
DA:56,1
LF:7
LH:7
BRDA:26,0,0,58
BRDA:26,0,1,48
BRDA:29,1,0,58
BRDA:29,1,1,33
BRDA:34,2,0,58
BRDA:34,2,1,50
BRDA:38,3,0,58
BRDA:38,3,1,49
BRDA:41,4,0,49
BRDA:41,4,1,34
BRDA:42,5,0,49
BRDA:42,5,1,39
BRF:12
BRH:12
end_of_record
TN:
SF:src/components/LoadingDialog/index.ts
FNF:0
FNH:0
LF:0
LH:0
BRF:0
BRH:0
end_of_record
TN:
SF:src/components/ScrollView/ScrollView.tsx
FN:13,(anonymous_0)
FNF:1
FNH:1
FNDA:28,(anonymous_0)
DA:12,1
DA:14,28
DA:16,28
DA:30,28
DA:32,28
DA:55,0
DA:56,0
DA:61,1
LF:8
LH:6
BRDA:35,0,0,28
BRDA:35,0,1,25
BRDA:37,1,0,28
BRDA:37,1,1,25
BRDA:38,2,0,28
BRDA:38,2,1,22
BRDA:39,3,0,28
BRDA:39,3,1,25
BRDA:41,4,0,5
BRDA:41,4,1,23
BRDA:41,5,0,28
BRDA:41,5,1,28
BRDA:43,6,0,2
BRDA:43,6,1,3
BRDA:44,7,0,5
BRDA:44,7,1,3
BRDA:45,8,0,5
BRDA:45,8,1,1
BRDA:50,9,0,28
BRDA:50,9,1,25
BRF:20
BRH:20
end_of_record
TN:
SF:src/components/ScrollView/index.ts
FNF:0
FNH:0
LF:0
LH:0
BRF:0
BRH:0
end_of_record
TN:
SF:src/components/SelectDialog/List.tsx
FN:13,(anonymous_0)
FN:16,(anonymous_1)
FN:19,(anonymous_2)
FN:31,(anonymous_3)
FNF:4
FNH:0
FNDA:0,(anonymous_0)
FNDA:0,(anonymous_1)
FNDA:0,(anonymous_2)
FNDA:0,(anonymous_3)
DA:13,2
DA:14,0
DA:16,0
DA:17,0
DA:19,0
DA:28,0
DA:31,0
LF:7
LH:1
BRF:0
BRH:0
end_of_record
TN:
SF:src/components/SelectDialog/NoData.tsx
FN:12,(anonymous_0)
FNF:1
FNH:0
FNDA:0,(anonymous_0)
DA:12,2
DA:13,0
DA:15,0
DA:16,0
DA:20,0
DA:22,0
LF:6
LH:1
BRDA:15,0,0,0
BRDA:15,0,1,0
BRDA:20,1,0,0
BRDA:20,1,1,0
BRDA:24,2,0,0
BRDA:24,2,1,0
BRDA:24,3,0,0
BRDA:24,3,1,0
BRF:8
BRH:0
end_of_record
TN:
SF:src/components/SelectDialog/SearchInput.tsx
FN:10,(anonymous_0)
FNF:1
FNH:0
FNDA:0,(anonymous_0)
DA:9,2
DA:11,0
DA:13,0
DA:14,0
DA:18,0
DA:20,0
LF:6
LH:1
BRDA:13,0,0,0
BRDA:13,0,1,0
BRDA:18,1,0,0
BRDA:18,1,1,0
BRDA:23,2,0,0
BRDA:23,2,1,0
BRDA:23,3,0,0
BRDA:23,3,1,0
BRF:8
BRH:0
end_of_record
TN:
SF:src/components/SelectDialog/SelectDialog.styles.ts
FNF:0
FNH:0
DA:7,0
LF:1
LH:0
BRF:0
BRH:0
end_of_record
TN:
SF:src/components/SelectDialog/SelectDialog.tsx
FN:19,(anonymous_0)
FN:49,(anonymous_1)
FN:52,(anonymous_2)
FN:64,(anonymous_3)
FN:73,(anonymous_4)
FN:79,(anonymous_5)
FN:86,(anonymous_6)
FN:90,(anonymous_7)
FN:122,(anonymous_8)
FN:125,(anonymous_9)
FNF:10
FNH:0
FNDA:0,(anonymous_0)
FNDA:0,(anonymous_1)
FNDA:0,(anonymous_2)
FNDA:0,(anonymous_3)
FNDA:0,(anonymous_4)
FNDA:0,(anonymous_5)
FNDA:0,(anonymous_6)
FNDA:0,(anonymous_7)
FNDA:0,(anonymous_8)
FNDA:0,(anonymous_9)
DA:18,2
DA:33,0
DA:35,0
DA:38,0
DA:40,0
DA:43,0
DA:45,0
DA:49,0
DA:50,0
DA:51,0
DA:53,0
DA:58,0
DA:61,0
DA:64,0
DA:65,0
DA:67,0
DA:68,0
DA:73,0
DA:74,0
DA:79,0
DA:80,0
DA:85,0
DA:87,0
DA:88,0
DA:90,0
DA:91,0
DA:92,0
DA:93,0
DA:96,0
DA:99,0
DA:100,0
DA:101,0
DA:102,0
DA:104,0
DA:107,0
DA:109,0
DA:110,0
DA:113,0
DA:114,0
DA:121,0
DA:123,0
DA:125,0
DA:126,0
DA:127,0
DA:128,0
DA:131,0
DA:134,0
DA:139,0
DA:194,2
LF:49
LH:2
BRDA:35,0,0,0
BRDA:35,0,1,0
BRDA:38,1,0,0
BRDA:38,1,1,0
BRDA:40,2,0,0
BRDA:40,2,1,0
BRDA:50,3,0,0
BRDA:50,3,1,0
BRDA:50,4,0,0
BRDA:50,4,1,0
BRDA:53,5,0,0
BRDA:53,5,1,0
BRDA:67,6,0,0
BRDA:67,6,1,0
BRDA:87,7,0,0
BRDA:87,7,1,0
BRDA:91,8,0,0
BRDA:91,8,1,0
BRDA:91,9,0,0
BRDA:91,9,1,0
BRDA:99,10,0,0
BRDA:99,10,1,0
BRDA:101,11,0,0
BRDA:101,11,1,0
BRDA:109,12,0,0
BRDA:109,12,1,0
BRDA:113,13,0,0
BRDA:113,13,1,0
BRDA:126,14,0,0
BRDA:126,14,1,0
BRDA:126,15,0,0
BRDA:126,15,1,0
BRDA:162,16,0,0
BRDA:162,16,1,0
BRDA:177,17,0,0
BRDA:177,17,1,0
BRDA:177,18,0,0
BRDA:177,18,1,0
BRF:38
BRH:0
end_of_record
TN:
SF:src/components/SelectDialog/index.ts
FNF:0
FNH:0
LF:0
LH:0
BRF:0
BRH:0
end_of_record
TN:
SF:src/components/Text/Text.tsx
FN:17,(anonymous_0)
FN:20,(anonymous_1)
FN:31,(anonymous_2)
FN:45,(anonymous_3)
FNF:4
FNH:4
FNDA:172,(anonymous_0)
FNDA:118,(anonymous_1)
FNDA:172,(anonymous_2)
FNDA:172,(anonymous_3)
DA:16,9
DA:18,172
DA:20,172
DA:21,118
DA:23,2
DA:25,94
DA:27,22
DA:31,172
DA:32,172
DA:33,36
DA:36,136
DA:37,18
DA:40,118
DA:43,172
DA:45,172
DA:46,172
DA:47,21
DA:50,151
DA:53,172
DA:61,172
DA:62,21
DA:69,151
DA:71,3
DA:78,119
DA:85,29
DA:94,9
DA:99,9
LF:27
LH:27
BRDA:21,0,0,2
BRDA:21,0,1,94
BRDA:21,0,2,22
BRDA:32,1,0,36
BRDA:32,1,1,136
BRDA:36,2,0,18
BRDA:36,2,1,118
BRDA:36,3,0,136
BRDA:36,3,1,18
BRDA:46,4,0,21
BRDA:46,4,1,151
BRDA:46,5,0,172
BRDA:46,5,1,21
BRDA:61,6,0,21
BRDA:61,6,1,151
BRDA:69,7,0,3
BRDA:69,7,1,119
BRDA:69,7,2,29
BRF:18
BRH:18
end_of_record
TN:
SF:src/components/Text/index.ts
FNF:0
FNH:0
LF:0
LH:0
BRF:0
BRH:0
end_of_record
TN:
SF:src/components/TextInput/DefaultInput.tsx
FN:14,(anonymous_0)
FN:28,(anonymous_1)
FN:33,(anonymous_2)
FN:64,(anonymous_3)
FNF:4
FNH:0
FNDA:0,(anonymous_0)
FNDA:0,(anonymous_1)
FNDA:0,(anonymous_2)
FNDA:0,(anonymous_3)
DA:14,2
DA:15,0
DA:17,0
DA:18,0
DA:21,0
DA:22,0
DA:25,0
DA:28,2
DA:29,0
DA:30,0
DA:33,2
DA:51,0
DA:53,0
DA:60,0
DA:61,0
DA:62,0
DA:64,0
DA:67,0
DA:69,0
DA:77,0
DA:90,0
DA:91,0
DA:94,0
DA:97,0
LF:24
LH:3
BRDA:17,0,0,0
BRDA:17,0,1,0
BRDA:21,1,0,0
BRDA:21,1,1,0
BRDA:21,2,0,0
BRDA:21,2,1,0
BRDA:22,3,0,0
BRDA:22,3,1,0
BRDA:30,4,0,0
BRDA:30,4,1,0
BRDA:30,5,0,0
BRDA:30,5,1,0
BRDA:61,6,0,0
BRDA:61,6,1,0
BRDA:62,7,0,0
BRDA:62,7,1,0
BRDA:69,8,0,0
BRDA:69,8,1,0
BRDA:70,9,0,0
BRDA:70,9,1,0
BRDA:70,9,2,0
BRDA:70,9,3,0
BRDA:70,9,4,0
BRDA:70,9,5,0
BRDA:90,10,0,0
BRDA:90,10,1,0
BRDA:99,11,0,0
BRDA:99,11,1,0
BRDA:100,12,0,0
BRDA:100,12,1,0
BRDA:101,13,0,0
BRDA:101,13,1,0
BRDA:102,14,0,0
BRDA:102,14,1,0
BRDA:106,15,0,0
BRDA:106,15,1,0
BRDA:106,16,0,0
BRDA:106,16,1,0
BRDA:107,17,0,0
BRDA:107,17,1,0
BRDA:110,18,0,0
BRDA:110,18,1,0
BRDA:116,19,0,0
BRDA:116,19,1,0
BRDA:116,20,0,0
BRDA:116,20,1,0
BRF:46
BRH:0
end_of_record
TN:
SF:src/components/TextInput/ErrorView.tsx
FN:13,(anonymous_0)
FNF:1
FNH:0
FNDA:0,(anonymous_0)
DA:12,1
DA:14,0
DA:15,0
DA:17,0
DA:18,0
DA:30,0
DA:32,0
DA:42,0
DA:61,0
LF:9
LH:1
BRDA:15,0,0,0
BRDA:15,0,1,0
BRDA:17,1,0,0
BRDA:17,1,1,0
BRDA:18,2,0,0
BRDA:18,2,1,0
BRDA:30,3,0,0
BRDA:30,3,1,0
BRDA:44,4,0,0
BRDA:44,4,1,0
BRDA:49,5,0,0
BRDA:49,5,1,0
BRF:12
BRH:0
end_of_record
TN:
SF:src/components/TextInput/SelectInput.tsx
FN:17,(anonymous_0)
FN:51,(anonymous_1)
FN:57,(anonymous_2)
FN:68,(anonymous_3)
FN:72,(anonymous_4)
FN:77,(anonymous_5)
FN:81,(anonymous_6)
FN:96,(anonymous_7)
FN:107,(anonymous_8)
FN:110,(anonymous_9)
FN:125,(anonymous_10)
FN:130,(anonymous_11)
FN:134,(anonymous_12)
FNF:13
FNH:0
FNDA:0,(anonymous_0)
FNDA:0,(anonymous_1)
FNDA:0,(anonymous_2)
FNDA:0,(anonymous_3)
FNDA:0,(anonymous_4)
FNDA:0,(anonymous_5)
FNDA:0,(anonymous_6)
FNDA:0,(anonymous_7)
FNDA:0,(anonymous_8)
FNDA:0,(anonymous_9)
FNDA:0,(anonymous_10)
FNDA:0,(anonymous_11)
FNDA:0,(anonymous_12)
DA:17,1
DA:18,0
DA:31,0
DA:33,0
DA:43,0
DA:44,0
DA:46,0
DA:51,0
DA:52,0
DA:54,0
DA:55,0
DA:57,0
DA:58,0
DA:59,0
DA:63,0
DA:68,0
DA:69,0
DA:72,0
DA:73,0
DA:76,0
DA:78,0
DA:79,0
DA:81,0
DA:82,0
DA:83,0
DA:87,0
DA:89,0
DA:95,0
DA:97,0
DA:99,0
DA:100,0
DA:106,0
DA:108,0
DA:110,0
DA:111,0
DA:112,0
DA:113,0
DA:116,0
DA:119,0
DA:125,0
DA:126,0
DA:129,0
DA:131,0
DA:132,0
DA:134,0
DA:135,0
DA:136,0
DA:137,0
DA:140,0
DA:143,0
DA:144,0
DA:145,0
DA:146,0
DA:148,0
DA:151,0
DA:152,0
DA:154,0
DA:155,0
DA:162,0
LF:59
LH:1
BRDA:31,0,0,0
BRDA:31,0,1,0
BRDA:44,1,0,0
BRDA:44,1,1,0
BRDA:54,2,0,0
BRDA:54,2,1,0
BRDA:54,3,0,0
BRDA:54,3,1,0
BRDA:57,4,0,0
BRDA:57,4,1,0
BRDA:58,5,0,0
BRDA:58,5,1,0
BRDA:59,6,0,0
BRDA:59,6,1,0
BRDA:78,7,0,0
BRDA:78,7,1,0
BRDA:82,8,0,0
BRDA:82,8,1,0
BRDA:83,9,0,0
BRDA:83,9,1,0
BRDA:89,10,0,0
BRDA:89,10,1,0
BRDA:99,11,0,0
BRDA:99,11,1,0
BRDA:111,12,0,0
BRDA:111,12,1,0
BRDA:111,13,0,0
BRDA:111,13,1,0
BRDA:126,14,0,0
BRDA:126,14,1,0
BRDA:131,15,0,0
BRDA:131,15,1,0
BRDA:135,16,0,0
BRDA:135,16,1,0
BRDA:135,17,0,0
BRDA:135,17,1,0
BRDA:143,18,0,0
BRDA:143,18,1,0
BRDA:145,19,0,0
BRDA:145,19,1,0
BRDA:154,20,0,0
BRDA:154,20,1,0
BRDA:170,21,0,0
BRDA:170,21,1,0
BRDA:171,22,0,0
BRDA:171,22,1,0
BRDA:177,23,0,0
BRDA:177,23,1,0
BRDA:200,24,0,0
BRDA:200,24,1,0
BRF:50
BRH:0
end_of_record
TN:
SF:src/components/TextInput/SelectInputInput.tsx
FN:16,(anonymous_0)
FNF:1
FNH:0
FNDA:0,(anonymous_0)
DA:15,1
DA:17,0
DA:18,0
DA:20,0
LF:4
LH:1
BRDA:25,0,0,0
BRDA:25,0,1,0
BRDA:27,1,0,0
BRDA:27,1,1,0
BRDA:30,2,0,0
BRDA:30,2,1,0
BRF:6
BRH:0
end_of_record
TN:
SF:src/components/TextInput/SelectInputMenu.tsx
FN:16,(anonymous_0)
FN:49,(anonymous_1)
FNF:2
FNH:0
FNDA:0,(anonymous_0)
FNDA:0,(anonymous_1)
DA:15,1
DA:30,0
DA:32,0
DA:50,0
LF:4
LH:1
BRDA:43,0,0,0
BRDA:43,0,1,0
BRDA:44,1,0,0
BRDA:44,1,1,0
BRF:4
BRH:0
end_of_record
TN:
SF:src/components/TextInput/SelectInputMenuItem.tsx
FN:12,(anonymous_0)
FN:19,(anonymous_1)
FNF:2
FNH:0
FNDA:0,(anonymous_0)
FNDA:0,(anonymous_1)
DA:11,1
DA:13,0
DA:15,0
DA:19,0
LF:4
LH:1
BRF:0
BRH:0
end_of_record
TN:
SF:src/components/TextInput/TextInput.styles.ts
FNF:0
FNH:0
DA:7,0
LF:1
LH:0
BRF:0
BRH:0
end_of_record
TN:
SF:src/components/TextInput/TextInput.tsx
FN:17,(anonymous_0)
FNF:1
FNH:0
FNDA:0,(anonymous_0)
DA:16,1
DA:18,0
DA:19,0
DA:23,0
DA:24,0
DA:32,0
DA:33,0
DA:42,0
DA:43,0
DA:53,0
DA:56,0
DA:66,1
LF:12
LH:2
BRDA:19,0,0,0
BRDA:19,0,1,0
BRDA:23,1,0,0
BRDA:23,1,1,0
BRDA:23,2,0,0
BRDA:23,2,1,0
BRDA:26,3,0,0
BRDA:26,3,1,0
BRDA:32,4,0,0
BRDA:32,4,1,0
BRDA:35,5,0,0
BRDA:35,5,1,0
BRDA:40,6,0,0
BRDA:40,6,1,0
BRDA:42,7,0,0
BRDA:42,7,1,0
BRDA:45,8,0,0
BRDA:45,8,1,0
BRDA:50,9,0,0
BRDA:50,9,1,0
BRF:20
BRH:0
end_of_record
TN:
SF:src/components/TextInput/TextInputInput.tsx
FN:13,(anonymous_0)
FNF:1
FNH:0
FNDA:0,(anonymous_0)
DA:12,1
DA:14,0
DA:16,0
DA:17,0
DA:20,0
LF:5
LH:1
BRDA:16,0,0,0
BRDA:16,0,1,0
BRF:2
BRH:0
end_of_record
TN:
SF:src/components/TextInput/TopLabel.tsx
FN:13,(anonymous_0)
FNF:1
FNH:0
FNDA:0,(anonymous_0)
DA:12,1
DA:14,0
DA:15,0
DA:17,0
DA:18,0
DA:30,0
DA:32,0
DA:42,0
DA:71,0
LF:9
LH:1
BRDA:15,0,0,0
BRDA:15,0,1,0
BRDA:17,1,0,0
BRDA:17,1,1,0
BRDA:18,2,0,0
BRDA:18,2,1,0
BRDA:30,3,0,0
BRDA:30,3,1,0
BRDA:44,4,0,0
BRDA:44,4,1,0
BRDA:45,5,0,0
BRDA:45,5,1,0
BRDA:49,6,0,0
BRDA:49,6,1,0
BRDA:50,7,0,0
BRDA:50,7,1,0
BRDA:58,8,0,0
BRDA:58,8,1,0
BRDA:60,9,0,0
BRDA:60,9,1,0
BRDA:61,10,0,0
BRDA:61,10,1,0
BRF:22
BRH:0
end_of_record
TN:
SF:src/components/TextInput/index.ts
FNF:0
FNH:0
LF:0
LH:0
BRF:0
BRH:0
end_of_record
TN:
SF:src/test-utils/index.ts
FNF:0
FNH:0
LF:0
LH:0
BRF:0
BRH:0
end_of_record
TN:
SF:src/test-utils/mockTheme.ts
FNF:0
FNH:0
DA:3,16
LF:1
LH:1
BRF:0
BRH:0
end_of_record
TN:
SF:src/test-utils/testHelpers.tsx
FN:17,(anonymous_0)
FN:21,(anonymous_1)
FN:38,(anonymous_2)
FN:58,(anonymous_3)
FN:65,(anonymous_4)
FN:72,(anonymous_5)
FN:79,(anonymous_6)
FNF:7
FNH:0
FNDA:0,(anonymous_0)
FNDA:0,(anonymous_1)
FNDA:0,(anonymous_2)
FNDA:0,(anonymous_3)
FNDA:0,(anonymous_4)
FNDA:0,(anonymous_5)
FNDA:0,(anonymous_6)
DA:17,0
DA:21,0
DA:22,0
DA:25,0
DA:38,0
DA:54,0
DA:59,0
DA:66,0
DA:73,0
DA:80,0
DA:81,0
DA:86,0
DA:87,0
DA:89,0
LF:14
LH:0
BRDA:80,0,0,0
BRDA:80,0,1,0
BRDA:81,1,0,0
BRDA:81,1,1,0
BRDA:86,2,0,0
BRDA:86,2,1,0
BRDA:87,3,0,0
BRDA:87,3,1,0
BRDA:89,4,0,0
BRDA:89,4,1,0
BRF:10
BRH:0
end_of_record
TN:
SF:src/types/FlatListItem.ts
FNF:0
FNH:0
LF:0
LH:0
BRF:0
BRH:0
end_of_record
TN:
SF:src/types/SelectItem.ts
FNF:0
FNH:0
LF:0
LH:0
BRF:0
BRH:0
end_of_record
TN:
SF:src/types/index.ts
FNF:0
FNH:0
LF:0
LH:0
BRF:0
BRH:0
end_of_record
TN:
SF:src/utils/LogConfig.ts
FN:30,(anonymous_0)
FN:36,(anonymous_1)
FN:43,(anonymous_2)
FN:73,(anonymous_3)
FN:103,(anonymous_4)
FN:134,(anonymous_5)
FN:168,(anonymous_6)
FN:179,(anonymous_7)
FNF:8
FNH:7
FNDA:23,(anonymous_0)
FNDA:0,(anonymous_1)
FNDA:1,(anonymous_2)
FNDA:8,(anonymous_3)
FNDA:1,(anonymous_4)
FNDA:2,(anonymous_5)
FNDA:23,(anonymous_6)
FNDA:23,(anonymous_7)
DA:7,1
DA:8,1
DA:30,1
DA:31,23
DA:32,23
DA:34,23
DA:36,23
DA:37,23
DA:40,23
DA:43,1
DA:44,1
DA:46,1
DA:47,0
DA:48,0
DA:51,0
DA:53,0
DA:55,0
DA:62,1
DA:63,1
DA:65,1
DA:73,1
DA:74,8
DA:76,8
DA:77,1
DA:78,1
DA:81,0
DA:83,0
DA:85,0
DA:92,8
DA:93,7
DA:95,7
DA:103,1
DA:104,1
DA:106,1
DA:107,0
DA:108,0
DA:111,0
DA:113,0
DA:115,0
DA:122,1
DA:123,1
DA:125,1
DA:134,1
DA:135,2
DA:137,2
DA:138,2
DA:139,2
DA:142,2
DA:145,2
DA:147,2
DA:156,2
DA:157,2
DA:159,2
DA:168,1
DA:169,23
DA:170,23
DA:171,23
DA:172,23
DA:173,23
DA:174,23
DA:175,23
DA:176,23
DA:179,1
DA:180,23
DA:181,23
DA:184,23
DA:185,23
DA:186,23
DA:187,23
DA:188,23
LF:70
LH:57
BRDA:31,0,0,23
BRDA:31,0,1,2
BRDA:32,1,0,23
BRDA:32,1,1,22
BRDA:34,2,0,23
BRDA:34,2,1,22
BRDA:46,3,0,0
BRDA:46,3,1,1
BRDA:62,4,0,1
BRDA:62,4,1,0
BRDA:67,5,0,1
BRDA:67,5,1,0
BRDA:76,6,0,1
BRDA:76,6,1,7
BRDA:92,7,0,7
BRDA:92,7,1,1
BRDA:97,8,0,3
BRDA:97,8,1,4
BRDA:106,9,0,0
BRDA:106,9,1,1
BRDA:122,10,0,1
BRDA:122,10,1,0
BRDA:127,11,0,1
BRDA:127,11,1,0
BRDA:137,12,0,2
BRDA:137,12,1,0
BRDA:156,13,0,2
BRDA:156,13,1,0
BRDA:161,14,0,2
BRDA:161,14,1,0
BRDA:184,15,0,23
BRDA:184,15,1,18
BRDA:185,16,0,23
BRDA:185,16,1,8
BRF:34
BRH:25
end_of_record
TN:
SF:src/utils/ResponsiveDimensions.ts
FN:18,(anonymous_0)
FN:28,(anonymous_1)
FN:32,(anonymous_2)
FN:42,(anonymous_3)
FN:52,(anonymous_4)
FN:65,(anonymous_5)
FN:78,(anonymous_6)
FN:97,(anonymous_7)
FN:116,(anonymous_8)
FNF:9
FNH:0
FNDA:0,(anonymous_0)
FNDA:0,(anonymous_1)
FNDA:0,(anonymous_2)
FNDA:0,(anonymous_3)
FNDA:0,(anonymous_4)
FNDA:0,(anonymous_5)
FNDA:0,(anonymous_6)
FNDA:0,(anonymous_7)
FNDA:0,(anonymous_8)
DA:8,0
DA:9,0
DA:19,0
DA:20,0
DA:23,0
DA:24,0
DA:29,0
DA:33,0
DA:43,0
DA:53,0
DA:66,0
DA:79,0
DA:82,0
DA:84,0
DA:86,0
DA:88,0
DA:98,0
DA:99,0
DA:102,0
DA:103,0
DA:106,0
DA:117,0
DA:118,0
DA:121,0
DA:122,0
DA:125,0
DA:128,0
DA:130,0
LF:28
LH:0
BRDA:19,0,0,0
BRDA:19,0,1,0
BRDA:23,1,0,0
BRDA:23,1,1,0
BRDA:65,2,0,0
BRDA:78,3,0,0
BRDA:98,4,0,0
BRDA:98,4,1,0
BRDA:102,5,0,0
BRDA:102,5,1,0
BRDA:117,6,0,0
BRDA:117,6,1,0
BRDA:121,7,0,0
BRDA:121,7,1,0
BRF:14
BRH:0
end_of_record
TN:
SF:src/utils/StatusBarHeight.ts
FN:77,(anonymous_0)
FN:78,(anonymous_1)
FN:79,(anonymous_2)
FN:80,(anonymous_3)
FN:81,(anonymous_4)
FN:82,(anonymous_5)
FN:83,(anonymous_6)
FN:84,(anonymous_7)
FN:86,(anonymous_8)
FNF:9
FNH:0
FNDA:0,(anonymous_0)
FNDA:0,(anonymous_1)
FNDA:0,(anonymous_2)
FNDA:0,(anonymous_3)
FNDA:0,(anonymous_4)
FNDA:0,(anonymous_5)
FNDA:0,(anonymous_6)
FNDA:0,(anonymous_7)
FNDA:0,(anonymous_8)
DA:4,0
DA:5,0
DA:6,0
DA:7,0
DA:8,0
DA:9,0
DA:10,0
DA:12,0
DA:13,0
DA:15,0
DA:16,0
DA:18,0
DA:19,0
DA:21,0
DA:22,0
DA:24,0
DA:25,0
DA:27,0
DA:28,0
DA:30,0
DA:31,0
DA:33,0
DA:35,0
DA:36,0
DA:37,0
DA:38,0
DA:39,0
DA:40,0
DA:41,0
DA:42,0
DA:43,0
DA:45,0
DA:46,0
DA:47,0
DA:48,0
DA:49,0
DA:50,0
DA:51,0
DA:52,0
DA:53,0
DA:54,0
DA:55,0
DA:56,0
DA:57,0
DA:58,0
DA:59,0
DA:60,0
DA:61,0
DA:62,0
DA:63,0
DA:64,0
DA:65,0
DA:66,0
DA:67,0
DA:68,0
DA:69,0
DA:70,0
DA:71,0
DA:72,0
DA:73,0
DA:77,0
DA:78,0
DA:79,0
DA:80,0
DA:81,0
DA:82,0
DA:83,0
DA:84,0
DA:86,0
DA:87,0
LF:70
LH:0
BRDA:45,0,0,0
BRDA:45,0,1,0
BRDA:45,1,0,0
BRDA:45,1,1,0
BRDA:45,1,2,0
BRDA:46,2,0,0
BRDA:46,2,1,0
BRDA:46,3,0,0
BRDA:46,3,1,0
BRDA:50,4,0,0
BRDA:50,4,1,0
BRDA:50,5,0,0
BRDA:50,5,1,0
BRDA:54,6,0,0
BRDA:54,6,1,0
BRDA:54,7,0,0
BRDA:54,7,1,0
BRDA:58,8,0,0
BRDA:58,8,1,0
BRDA:58,9,0,0
BRDA:58,9,1,0
BRDA:62,10,0,0
BRDA:62,10,1,0
BRDA:62,11,0,0
BRDA:62,11,1,0
BRDA:66,12,0,0
BRDA:66,12,1,0
BRDA:66,13,0,0
BRDA:66,13,1,0
BRDA:70,14,0,0
BRDA:70,14,1,0
BRDA:70,15,0,0
BRDA:70,15,1,0
BRDA:89,16,0,0
BRDA:89,16,1,0
BRDA:89,17,0,0
BRDA:89,17,1,0
BRF:37
BRH:0
end_of_record
TN:
SF:src/utils/StringUtils.ts
FN:8,(anonymous_0)
FNF:1
FNH:1
FNDA:28,(anonymous_0)
DA:8,3
DA:9,28
LF:2
LH:2
BRDA:8,0,0,3
BRDA:9,1,0,16
BRDA:9,1,1,12
BRF:3
BRH:3
end_of_record
TN:
SF:src/utils/ValidationUtils.ts
FNF:0
FNH:0
DA:6,2
DA:13,2
DA:21,2
DA:29,2
DA:43,2
LF:5
LH:5
BRF:0
BRH:0
end_of_record
TN:
SF:src/utils/index.ts
FNF:0
FNH:0
LF:0
LH:0
BRF:0
BRH:0
end_of_record
